   1              		.syntax unified
   2              		.cpu cortex-m4
   3              		.eabi_attribute 27, 3
   4              		.fpu fpv4-sp-d16
   5              		.eabi_attribute 20, 1
   6              		.eabi_attribute 21, 1
   7              		.eabi_attribute 23, 3
   8              		.eabi_attribute 24, 1
   9              		.eabi_attribute 25, 1
  10              		.eabi_attribute 26, 1
  11              		.eabi_attribute 30, 6
  12              		.eabi_attribute 34, 1
  13              		.eabi_attribute 18, 4
  14              		.thumb
  15              		.file	"stm32f4_discovery.c"
  16              		.text
  17              	.Ltext0:
  18              		.cfi_sections	.debug_frame
  19              		.global	GPIO_PORT
  20              		.section	.data.GPIO_PORT,"aw",%progbits
  21              		.align	2
  24              	GPIO_PORT:
  25 0000 000C0240 		.word	1073875968
  26 0004 000C0240 		.word	1073875968
  27 0008 000C0240 		.word	1073875968
  28 000c 000C0240 		.word	1073875968
  29              		.global	GPIO_PIN
  30              		.section	.rodata.GPIO_PIN,"a",%progbits
  31              		.align	2
  34              	GPIO_PIN:
  35 0000 0010     		.short	4096
  36 0002 0020     		.short	8192
  37 0004 0040     		.short	16384
  38 0006 0080     		.short	-32768
  39              		.global	GPIO_CLK
  40              		.section	.rodata.GPIO_CLK,"a",%progbits
  41              		.align	2
  44              	GPIO_CLK:
  45 0000 08000000 		.word	8
  46 0004 08000000 		.word	8
  47 0008 08000000 		.word	8
  48 000c 08000000 		.word	8
  49              		.global	BUTTON_PORT
  50              		.section	.data.BUTTON_PORT,"aw",%progbits
  51              		.align	2
  54              	BUTTON_PORT:
  55 0000 00000240 		.word	1073872896
  56              		.global	BUTTON_PIN
  57              		.section	.rodata.BUTTON_PIN,"a",%progbits
  58              		.align	2
  61              	BUTTON_PIN:
  62 0000 0100     		.short	1
  63              		.global	BUTTON_CLK
  64 0002 0000     		.section	.rodata.BUTTON_CLK,"a",%progbits
  65              		.align	2
  68              	BUTTON_CLK:
  69 0000 01000000 		.word	1
  70              		.global	BUTTON_EXTI_LINE
  71              		.section	.rodata.BUTTON_EXTI_LINE,"a",%progbits
  72              		.align	2
  75              	BUTTON_EXTI_LINE:
  76 0000 0100     		.short	1
  77              		.global	BUTTON_PORT_SOURCE
  78 0002 0000     		.section	.rodata.BUTTON_PORT_SOURCE,"a",%progbits
  79              		.align	2
  82              	BUTTON_PORT_SOURCE:
  83 0000 00       		.space	1
  84              		.global	BUTTON_PIN_SOURCE
  85 0001 000000   		.section	.rodata.BUTTON_PIN_SOURCE,"a",%progbits
  86              		.align	2
  89              	BUTTON_PIN_SOURCE:
  90 0000 00       		.space	1
  91              		.global	BUTTON_IRQn
  92 0001 000000   		.section	.rodata.BUTTON_IRQn,"a",%progbits
  93              		.align	2
  96              	BUTTON_IRQn:
  97 0000 06       		.byte	6
  98              		.comm	NVIC_InitStructure,4,4
  99 0001 000000   		.section	.text.STM_EVAL_LEDInit,"ax",%progbits
 100              		.align	2
 101              		.global	STM_EVAL_LEDInit
 102              		.thumb
 103              		.thumb_func
 105              	STM_EVAL_LEDInit:
 106              	.LFB110:
 107              		.file 1 "App/STM32F4-Discovery/board/stm32f4_discovery.c"
   1:App/STM32F4-Discovery/board/stm32f4_discovery.c **** /**
   2:App/STM32F4-Discovery/board/stm32f4_discovery.c ****   ******************************************************************************
   3:App/STM32F4-Discovery/board/stm32f4_discovery.c ****   * @file    stm32f4_discovery.c
   4:App/STM32F4-Discovery/board/stm32f4_discovery.c ****   * @author  MCD Application Team
   5:App/STM32F4-Discovery/board/stm32f4_discovery.c ****   * @version V1.1.0
   6:App/STM32F4-Discovery/board/stm32f4_discovery.c ****   * @date    28-October-2011
   7:App/STM32F4-Discovery/board/stm32f4_discovery.c ****   * @brief   This file provides set of firmware functions to manage Leds and
   8:App/STM32F4-Discovery/board/stm32f4_discovery.c ****   *          push-button available on STM32F4-Discovery Kit from STMicroelectronics.
   9:App/STM32F4-Discovery/board/stm32f4_discovery.c ****   ******************************************************************************
  10:App/STM32F4-Discovery/board/stm32f4_discovery.c ****   * @attention
  11:App/STM32F4-Discovery/board/stm32f4_discovery.c ****   *
  12:App/STM32F4-Discovery/board/stm32f4_discovery.c ****   * THE PRESENT FIRMWARE WHICH IS FOR GUIDANCE ONLY AIMS AT PROVIDING CUSTOMERS
  13:App/STM32F4-Discovery/board/stm32f4_discovery.c ****   * WITH CODING INFORMATION REGARDING THEIR PRODUCTS IN ORDER FOR THEM TO SAVE
  14:App/STM32F4-Discovery/board/stm32f4_discovery.c ****   * TIME. AS A RESULT, STMICROELECTRONICS SHALL NOT BE HELD LIABLE FOR ANY
  15:App/STM32F4-Discovery/board/stm32f4_discovery.c ****   * DIRECT, INDIRECT OR CONSEQUENTIAL DAMAGES WITH RESPECT TO ANY CLAIMS ARISING
  16:App/STM32F4-Discovery/board/stm32f4_discovery.c ****   * FROM THE CONTENT OF SUCH FIRMWARE AND/OR THE USE MADE BY CUSTOMERS OF THE
  17:App/STM32F4-Discovery/board/stm32f4_discovery.c ****   * CODING INFORMATION CONTAINED HEREIN IN CONNECTION WITH THEIR PRODUCTS.
  18:App/STM32F4-Discovery/board/stm32f4_discovery.c ****   *
  19:App/STM32F4-Discovery/board/stm32f4_discovery.c ****   * <h2><center>&copy; COPYRIGHT 2011 STMicroelectronics</center></h2>
  20:App/STM32F4-Discovery/board/stm32f4_discovery.c ****   ******************************************************************************
  21:App/STM32F4-Discovery/board/stm32f4_discovery.c ****   */ 
  22:App/STM32F4-Discovery/board/stm32f4_discovery.c ****   
  23:App/STM32F4-Discovery/board/stm32f4_discovery.c **** /* Includes ------------------------------------------------------------------*/
  24:App/STM32F4-Discovery/board/stm32f4_discovery.c **** #include "stm32f4_discovery.h"
  25:App/STM32F4-Discovery/board/stm32f4_discovery.c **** 
  26:App/STM32F4-Discovery/board/stm32f4_discovery.c **** /** @addtogroup Utilities
  27:App/STM32F4-Discovery/board/stm32f4_discovery.c ****   * @{
  28:App/STM32F4-Discovery/board/stm32f4_discovery.c ****   */ 
  29:App/STM32F4-Discovery/board/stm32f4_discovery.c **** 
  30:App/STM32F4-Discovery/board/stm32f4_discovery.c **** /** @addtogroup STM32F4_DISCOVERY
  31:App/STM32F4-Discovery/board/stm32f4_discovery.c ****   * @{
  32:App/STM32F4-Discovery/board/stm32f4_discovery.c ****   */   
  33:App/STM32F4-Discovery/board/stm32f4_discovery.c ****     
  34:App/STM32F4-Discovery/board/stm32f4_discovery.c **** /** @defgroup STM32F4_DISCOVERY_LOW_LEVEL 
  35:App/STM32F4-Discovery/board/stm32f4_discovery.c ****   * @brief This file provides set of firmware functions to manage Leds and push-button
  36:App/STM32F4-Discovery/board/stm32f4_discovery.c ****   *        available on STM32F4-Discovery Kit from STMicroelectronics.
  37:App/STM32F4-Discovery/board/stm32f4_discovery.c ****   * @{
  38:App/STM32F4-Discovery/board/stm32f4_discovery.c ****   */ 
  39:App/STM32F4-Discovery/board/stm32f4_discovery.c **** 
  40:App/STM32F4-Discovery/board/stm32f4_discovery.c **** /** @defgroup STM32F4_DISCOVERY_LOW_LEVEL_Private_TypesDefinitions
  41:App/STM32F4-Discovery/board/stm32f4_discovery.c ****   * @{
  42:App/STM32F4-Discovery/board/stm32f4_discovery.c ****   */ 
  43:App/STM32F4-Discovery/board/stm32f4_discovery.c **** /**
  44:App/STM32F4-Discovery/board/stm32f4_discovery.c ****   * @}
  45:App/STM32F4-Discovery/board/stm32f4_discovery.c ****   */ 
  46:App/STM32F4-Discovery/board/stm32f4_discovery.c **** 
  47:App/STM32F4-Discovery/board/stm32f4_discovery.c **** 
  48:App/STM32F4-Discovery/board/stm32f4_discovery.c **** /** @defgroup STM32F4_DISCOVERY_LOW_LEVEL_Private_Defines
  49:App/STM32F4-Discovery/board/stm32f4_discovery.c ****   * @{
  50:App/STM32F4-Discovery/board/stm32f4_discovery.c ****   */ 
  51:App/STM32F4-Discovery/board/stm32f4_discovery.c **** /**
  52:App/STM32F4-Discovery/board/stm32f4_discovery.c ****   * @}
  53:App/STM32F4-Discovery/board/stm32f4_discovery.c ****   */ 
  54:App/STM32F4-Discovery/board/stm32f4_discovery.c **** 
  55:App/STM32F4-Discovery/board/stm32f4_discovery.c **** 
  56:App/STM32F4-Discovery/board/stm32f4_discovery.c **** /** @defgroup STM32F4_DISCOVERY_LOW_LEVEL_Private_Macros
  57:App/STM32F4-Discovery/board/stm32f4_discovery.c ****   * @{
  58:App/STM32F4-Discovery/board/stm32f4_discovery.c ****   */ 
  59:App/STM32F4-Discovery/board/stm32f4_discovery.c **** /**
  60:App/STM32F4-Discovery/board/stm32f4_discovery.c ****   * @}
  61:App/STM32F4-Discovery/board/stm32f4_discovery.c ****   */ 
  62:App/STM32F4-Discovery/board/stm32f4_discovery.c **** 
  63:App/STM32F4-Discovery/board/stm32f4_discovery.c **** 
  64:App/STM32F4-Discovery/board/stm32f4_discovery.c **** /** @defgroup STM32F4_DISCOVERY_LOW_LEVEL_Private_Variables
  65:App/STM32F4-Discovery/board/stm32f4_discovery.c ****   * @{
  66:App/STM32F4-Discovery/board/stm32f4_discovery.c ****   */ 
  67:App/STM32F4-Discovery/board/stm32f4_discovery.c **** GPIO_TypeDef* GPIO_PORT[LEDn] = {LED4_GPIO_PORT, LED3_GPIO_PORT, LED5_GPIO_PORT,
  68:App/STM32F4-Discovery/board/stm32f4_discovery.c ****                                  LED6_GPIO_PORT};
  69:App/STM32F4-Discovery/board/stm32f4_discovery.c **** const uint16_t GPIO_PIN[LEDn] = {LED4_PIN, LED3_PIN, LED5_PIN,
  70:App/STM32F4-Discovery/board/stm32f4_discovery.c ****                                  LED6_PIN};
  71:App/STM32F4-Discovery/board/stm32f4_discovery.c **** const uint32_t GPIO_CLK[LEDn] = {LED4_GPIO_CLK, LED3_GPIO_CLK, LED5_GPIO_CLK,
  72:App/STM32F4-Discovery/board/stm32f4_discovery.c ****                                  LED6_GPIO_CLK};
  73:App/STM32F4-Discovery/board/stm32f4_discovery.c **** 
  74:App/STM32F4-Discovery/board/stm32f4_discovery.c **** GPIO_TypeDef* BUTTON_PORT[BUTTONn] = {USER_BUTTON_GPIO_PORT }; 
  75:App/STM32F4-Discovery/board/stm32f4_discovery.c **** 
  76:App/STM32F4-Discovery/board/stm32f4_discovery.c **** const uint16_t BUTTON_PIN[BUTTONn] = {USER_BUTTON_PIN }; 
  77:App/STM32F4-Discovery/board/stm32f4_discovery.c **** 
  78:App/STM32F4-Discovery/board/stm32f4_discovery.c **** const uint32_t BUTTON_CLK[BUTTONn] = {USER_BUTTON_GPIO_CLK };
  79:App/STM32F4-Discovery/board/stm32f4_discovery.c **** 
  80:App/STM32F4-Discovery/board/stm32f4_discovery.c **** const uint16_t BUTTON_EXTI_LINE[BUTTONn] = {USER_BUTTON_EXTI_LINE };
  81:App/STM32F4-Discovery/board/stm32f4_discovery.c **** 
  82:App/STM32F4-Discovery/board/stm32f4_discovery.c **** const uint8_t BUTTON_PORT_SOURCE[BUTTONn] = {USER_BUTTON_EXTI_PORT_SOURCE};
  83:App/STM32F4-Discovery/board/stm32f4_discovery.c **** 								 
  84:App/STM32F4-Discovery/board/stm32f4_discovery.c **** const uint8_t BUTTON_PIN_SOURCE[BUTTONn] = {USER_BUTTON_EXTI_PIN_SOURCE }; 
  85:App/STM32F4-Discovery/board/stm32f4_discovery.c **** const uint8_t BUTTON_IRQn[BUTTONn] = {USER_BUTTON_EXTI_IRQn };
  86:App/STM32F4-Discovery/board/stm32f4_discovery.c **** 
  87:App/STM32F4-Discovery/board/stm32f4_discovery.c **** NVIC_InitTypeDef   NVIC_InitStructure;
  88:App/STM32F4-Discovery/board/stm32f4_discovery.c **** 
  89:App/STM32F4-Discovery/board/stm32f4_discovery.c **** /**
  90:App/STM32F4-Discovery/board/stm32f4_discovery.c ****   * @}
  91:App/STM32F4-Discovery/board/stm32f4_discovery.c ****   */ 
  92:App/STM32F4-Discovery/board/stm32f4_discovery.c **** 
  93:App/STM32F4-Discovery/board/stm32f4_discovery.c **** 
  94:App/STM32F4-Discovery/board/stm32f4_discovery.c **** /** @defgroup STM32F4_DISCOVERY_LOW_LEVEL_Private_FunctionPrototypes
  95:App/STM32F4-Discovery/board/stm32f4_discovery.c ****   * @{
  96:App/STM32F4-Discovery/board/stm32f4_discovery.c ****   */ 
  97:App/STM32F4-Discovery/board/stm32f4_discovery.c **** 
  98:App/STM32F4-Discovery/board/stm32f4_discovery.c **** /**
  99:App/STM32F4-Discovery/board/stm32f4_discovery.c ****   * @}
 100:App/STM32F4-Discovery/board/stm32f4_discovery.c ****   */ 
 101:App/STM32F4-Discovery/board/stm32f4_discovery.c **** 
 102:App/STM32F4-Discovery/board/stm32f4_discovery.c **** /** @defgroup STM32F4_DISCOVERY_LOW_LEVEL_Private_Functions
 103:App/STM32F4-Discovery/board/stm32f4_discovery.c ****   * @{
 104:App/STM32F4-Discovery/board/stm32f4_discovery.c ****   */ 
 105:App/STM32F4-Discovery/board/stm32f4_discovery.c **** 
 106:App/STM32F4-Discovery/board/stm32f4_discovery.c **** /**
 107:App/STM32F4-Discovery/board/stm32f4_discovery.c ****   * @brief  Configures LED GPIO.
 108:App/STM32F4-Discovery/board/stm32f4_discovery.c ****   * @param  Led: Specifies the Led to be configured. 
 109:App/STM32F4-Discovery/board/stm32f4_discovery.c ****   *   This parameter can be one of following parameters:
 110:App/STM32F4-Discovery/board/stm32f4_discovery.c ****   *     @arg LED4
 111:App/STM32F4-Discovery/board/stm32f4_discovery.c ****   *     @arg LED3
 112:App/STM32F4-Discovery/board/stm32f4_discovery.c ****   *     @arg LED5
 113:App/STM32F4-Discovery/board/stm32f4_discovery.c ****   *     @arg LED6
 114:App/STM32F4-Discovery/board/stm32f4_discovery.c ****   * @retval None
 115:App/STM32F4-Discovery/board/stm32f4_discovery.c ****   */
 116:App/STM32F4-Discovery/board/stm32f4_discovery.c **** void STM_EVAL_LEDInit(Led_TypeDef Led)
 117:App/STM32F4-Discovery/board/stm32f4_discovery.c **** {
 108              		.loc 1 117 0
 109              		.cfi_startproc
 110              		@ args = 0, pretend = 0, frame = 16
 111              		@ frame_needed = 1, uses_anonymous_args = 0
 112 0000 80B5     		push	{r7, lr}
 113              	.LCFI0:
 114              		.cfi_def_cfa_offset 8
 115              		.cfi_offset 7, -8
 116              		.cfi_offset 14, -4
 117 0002 84B0     		sub	sp, sp, #16
 118              	.LCFI1:
 119              		.cfi_def_cfa_offset 24
 120 0004 00AF     		add	r7, sp, #0
 121              	.LCFI2:
 122              		.cfi_def_cfa_register 7
 123 0006 0346     		mov	r3, r0
 124 0008 FB71     		strb	r3, [r7, #7]
 118:App/STM32F4-Discovery/board/stm32f4_discovery.c ****   GPIO_InitTypeDef  GPIO_InitStructure;
 119:App/STM32F4-Discovery/board/stm32f4_discovery.c ****   
 120:App/STM32F4-Discovery/board/stm32f4_discovery.c ****   /* Enable the GPIO_LED Clock */
 121:App/STM32F4-Discovery/board/stm32f4_discovery.c ****   RCC_AHB1PeriphClockCmd(GPIO_CLK[Led], ENABLE);
 125              		.loc 1 121 0
 126 000a FA79     		ldrb	r2, [r7, #7]	@ zero_extendqisi2
 127 000c 40F20003 		movw	r3, #:lower16:GPIO_CLK
 128 0010 C0F20003 		movt	r3, #:upper16:GPIO_CLK
 129 0014 53F82230 		ldr	r3, [r3, r2, lsl #2]
 130 0018 1846     		mov	r0, r3
 131 001a 4FF00101 		mov	r1, #1
 132 001e FFF7FEFF 		bl	RCC_AHB1PeriphClockCmd
 122:App/STM32F4-Discovery/board/stm32f4_discovery.c **** 
 123:App/STM32F4-Discovery/board/stm32f4_discovery.c ****   /* Configure the GPIO_LED pin */
 124:App/STM32F4-Discovery/board/stm32f4_discovery.c ****   GPIO_InitStructure.GPIO_Pin = GPIO_PIN[Led];
 133              		.loc 1 124 0
 134 0022 FA79     		ldrb	r2, [r7, #7]	@ zero_extendqisi2
 135 0024 40F20003 		movw	r3, #:lower16:GPIO_PIN
 136 0028 C0F20003 		movt	r3, #:upper16:GPIO_PIN
 137 002c 33F81230 		ldrh	r3, [r3, r2, lsl #1]
 138 0030 BB60     		str	r3, [r7, #8]
 125:App/STM32F4-Discovery/board/stm32f4_discovery.c ****   GPIO_InitStructure.GPIO_Mode = GPIO_Mode_OUT;
 139              		.loc 1 125 0
 140 0032 4FF00103 		mov	r3, #1
 141 0036 3B73     		strb	r3, [r7, #12]
 126:App/STM32F4-Discovery/board/stm32f4_discovery.c ****   GPIO_InitStructure.GPIO_OType = GPIO_OType_PP;
 142              		.loc 1 126 0
 143 0038 4FF00003 		mov	r3, #0
 144 003c BB73     		strb	r3, [r7, #14]
 127:App/STM32F4-Discovery/board/stm32f4_discovery.c ****   GPIO_InitStructure.GPIO_PuPd = GPIO_PuPd_UP;
 145              		.loc 1 127 0
 146 003e 4FF00103 		mov	r3, #1
 147 0042 FB73     		strb	r3, [r7, #15]
 128:App/STM32F4-Discovery/board/stm32f4_discovery.c ****   GPIO_InitStructure.GPIO_Speed = GPIO_Speed_50MHz;
 148              		.loc 1 128 0
 149 0044 4FF00203 		mov	r3, #2
 150 0048 7B73     		strb	r3, [r7, #13]
 129:App/STM32F4-Discovery/board/stm32f4_discovery.c ****   GPIO_Init(GPIO_PORT[Led], &GPIO_InitStructure);
 151              		.loc 1 129 0
 152 004a FA79     		ldrb	r2, [r7, #7]	@ zero_extendqisi2
 153 004c 40F20003 		movw	r3, #:lower16:GPIO_PORT
 154 0050 C0F20003 		movt	r3, #:upper16:GPIO_PORT
 155 0054 53F82220 		ldr	r2, [r3, r2, lsl #2]
 156 0058 07F10803 		add	r3, r7, #8
 157 005c 1046     		mov	r0, r2
 158 005e 1946     		mov	r1, r3
 159 0060 FFF7FEFF 		bl	GPIO_Init
 130:App/STM32F4-Discovery/board/stm32f4_discovery.c **** }
 160              		.loc 1 130 0
 161 0064 07F11007 		add	r7, r7, #16
 162 0068 BD46     		mov	sp, r7
 163 006a 80BD     		pop	{r7, pc}
 164              		.cfi_endproc
 165              	.LFE110:
 167              		.section	.text.STM_EVAL_LEDOn,"ax",%progbits
 168              		.align	2
 169              		.global	STM_EVAL_LEDOn
 170              		.thumb
 171              		.thumb_func
 173              	STM_EVAL_LEDOn:
 174              	.LFB111:
 131:App/STM32F4-Discovery/board/stm32f4_discovery.c **** 
 132:App/STM32F4-Discovery/board/stm32f4_discovery.c **** /**
 133:App/STM32F4-Discovery/board/stm32f4_discovery.c ****   * @brief  Turns selected LED On.
 134:App/STM32F4-Discovery/board/stm32f4_discovery.c ****   * @param  Led: Specifies the Led to be set on. 
 135:App/STM32F4-Discovery/board/stm32f4_discovery.c ****   *   This parameter can be one of following parameters:
 136:App/STM32F4-Discovery/board/stm32f4_discovery.c ****   *     @arg LED4
 137:App/STM32F4-Discovery/board/stm32f4_discovery.c ****   *     @arg LED3
 138:App/STM32F4-Discovery/board/stm32f4_discovery.c ****   *     @arg LED5
 139:App/STM32F4-Discovery/board/stm32f4_discovery.c ****   *     @arg LED6  
 140:App/STM32F4-Discovery/board/stm32f4_discovery.c ****   * @retval None
 141:App/STM32F4-Discovery/board/stm32f4_discovery.c ****   */
 142:App/STM32F4-Discovery/board/stm32f4_discovery.c **** void STM_EVAL_LEDOn(Led_TypeDef Led)
 143:App/STM32F4-Discovery/board/stm32f4_discovery.c **** {
 175              		.loc 1 143 0
 176              		.cfi_startproc
 177              		@ args = 0, pretend = 0, frame = 8
 178              		@ frame_needed = 1, uses_anonymous_args = 0
 179              		@ link register save eliminated.
 180 0000 80B4     		push	{r7}
 181              	.LCFI3:
 182              		.cfi_def_cfa_offset 4
 183              		.cfi_offset 7, -4
 184 0002 83B0     		sub	sp, sp, #12
 185              	.LCFI4:
 186              		.cfi_def_cfa_offset 16
 187 0004 00AF     		add	r7, sp, #0
 188              	.LCFI5:
 189              		.cfi_def_cfa_register 7
 190 0006 0346     		mov	r3, r0
 191 0008 FB71     		strb	r3, [r7, #7]
 144:App/STM32F4-Discovery/board/stm32f4_discovery.c ****   GPIO_PORT[Led]->BSRRL = GPIO_PIN[Led];
 192              		.loc 1 144 0
 193 000a FA79     		ldrb	r2, [r7, #7]	@ zero_extendqisi2
 194 000c 40F20003 		movw	r3, #:lower16:GPIO_PORT
 195 0010 C0F20003 		movt	r3, #:upper16:GPIO_PORT
 196 0014 53F82220 		ldr	r2, [r3, r2, lsl #2]
 197 0018 F979     		ldrb	r1, [r7, #7]	@ zero_extendqisi2
 198 001a 40F20003 		movw	r3, #:lower16:GPIO_PIN
 199 001e C0F20003 		movt	r3, #:upper16:GPIO_PIN
 200 0022 33F81130 		ldrh	r3, [r3, r1, lsl #1]
 201 0026 1383     		strh	r3, [r2, #24]	@ movhi
 145:App/STM32F4-Discovery/board/stm32f4_discovery.c **** }
 202              		.loc 1 145 0
 203 0028 07F10C07 		add	r7, r7, #12
 204 002c BD46     		mov	sp, r7
 205 002e 80BC     		pop	{r7}
 206 0030 7047     		bx	lr
 207              		.cfi_endproc
 208              	.LFE111:
 210 0032 00BF     		.section	.text.STM_EVAL_LEDOff,"ax",%progbits
 211              		.align	2
 212              		.global	STM_EVAL_LEDOff
 213              		.thumb
 214              		.thumb_func
 216              	STM_EVAL_LEDOff:
 217              	.LFB112:
 146:App/STM32F4-Discovery/board/stm32f4_discovery.c **** 
 147:App/STM32F4-Discovery/board/stm32f4_discovery.c **** /**
 148:App/STM32F4-Discovery/board/stm32f4_discovery.c ****   * @brief  Turns selected LED Off.
 149:App/STM32F4-Discovery/board/stm32f4_discovery.c ****   * @param  Led: Specifies the Led to be set off. 
 150:App/STM32F4-Discovery/board/stm32f4_discovery.c ****   *   This parameter can be one of following parameters:
 151:App/STM32F4-Discovery/board/stm32f4_discovery.c ****   *     @arg LED4
 152:App/STM32F4-Discovery/board/stm32f4_discovery.c ****   *     @arg LED3
 153:App/STM32F4-Discovery/board/stm32f4_discovery.c ****   *     @arg LED5
 154:App/STM32F4-Discovery/board/stm32f4_discovery.c ****   *     @arg LED6 
 155:App/STM32F4-Discovery/board/stm32f4_discovery.c ****   * @retval None
 156:App/STM32F4-Discovery/board/stm32f4_discovery.c ****   */
 157:App/STM32F4-Discovery/board/stm32f4_discovery.c **** void STM_EVAL_LEDOff(Led_TypeDef Led)
 158:App/STM32F4-Discovery/board/stm32f4_discovery.c **** {
 218              		.loc 1 158 0
 219              		.cfi_startproc
 220              		@ args = 0, pretend = 0, frame = 8
 221              		@ frame_needed = 1, uses_anonymous_args = 0
 222              		@ link register save eliminated.
 223 0000 80B4     		push	{r7}
 224              	.LCFI6:
 225              		.cfi_def_cfa_offset 4
 226              		.cfi_offset 7, -4
 227 0002 83B0     		sub	sp, sp, #12
 228              	.LCFI7:
 229              		.cfi_def_cfa_offset 16
 230 0004 00AF     		add	r7, sp, #0
 231              	.LCFI8:
 232              		.cfi_def_cfa_register 7
 233 0006 0346     		mov	r3, r0
 234 0008 FB71     		strb	r3, [r7, #7]
 159:App/STM32F4-Discovery/board/stm32f4_discovery.c ****   GPIO_PORT[Led]->BSRRH = GPIO_PIN[Led];  
 235              		.loc 1 159 0
 236 000a FA79     		ldrb	r2, [r7, #7]	@ zero_extendqisi2
 237 000c 40F20003 		movw	r3, #:lower16:GPIO_PORT
 238 0010 C0F20003 		movt	r3, #:upper16:GPIO_PORT
 239 0014 53F82220 		ldr	r2, [r3, r2, lsl #2]
 240 0018 F979     		ldrb	r1, [r7, #7]	@ zero_extendqisi2
 241 001a 40F20003 		movw	r3, #:lower16:GPIO_PIN
 242 001e C0F20003 		movt	r3, #:upper16:GPIO_PIN
 243 0022 33F81130 		ldrh	r3, [r3, r1, lsl #1]
 244 0026 5383     		strh	r3, [r2, #26]	@ movhi
 160:App/STM32F4-Discovery/board/stm32f4_discovery.c **** }
 245              		.loc 1 160 0
 246 0028 07F10C07 		add	r7, r7, #12
 247 002c BD46     		mov	sp, r7
 248 002e 80BC     		pop	{r7}
 249 0030 7047     		bx	lr
 250              		.cfi_endproc
 251              	.LFE112:
 253 0032 00BF     		.section	.text.STM_EVAL_LEDToggle,"ax",%progbits
 254              		.align	2
 255              		.global	STM_EVAL_LEDToggle
 256              		.thumb
 257              		.thumb_func
 259              	STM_EVAL_LEDToggle:
 260              	.LFB113:
 161:App/STM32F4-Discovery/board/stm32f4_discovery.c **** 
 162:App/STM32F4-Discovery/board/stm32f4_discovery.c **** /**
 163:App/STM32F4-Discovery/board/stm32f4_discovery.c ****   * @brief  Toggles the selected LED.
 164:App/STM32F4-Discovery/board/stm32f4_discovery.c ****   * @param  Led: Specifies the Led to be toggled. 
 165:App/STM32F4-Discovery/board/stm32f4_discovery.c ****   *   This parameter can be one of following parameters:
 166:App/STM32F4-Discovery/board/stm32f4_discovery.c ****   *     @arg LED4
 167:App/STM32F4-Discovery/board/stm32f4_discovery.c ****   *     @arg LED3
 168:App/STM32F4-Discovery/board/stm32f4_discovery.c ****   *     @arg LED5
 169:App/STM32F4-Discovery/board/stm32f4_discovery.c ****   *     @arg LED6  
 170:App/STM32F4-Discovery/board/stm32f4_discovery.c ****   * @retval None
 171:App/STM32F4-Discovery/board/stm32f4_discovery.c ****   */
 172:App/STM32F4-Discovery/board/stm32f4_discovery.c **** void STM_EVAL_LEDToggle(Led_TypeDef Led)
 173:App/STM32F4-Discovery/board/stm32f4_discovery.c **** {
 261              		.loc 1 173 0
 262              		.cfi_startproc
 263              		@ args = 0, pretend = 0, frame = 8
 264              		@ frame_needed = 1, uses_anonymous_args = 0
 265              		@ link register save eliminated.
 266 0000 80B4     		push	{r7}
 267              	.LCFI9:
 268              		.cfi_def_cfa_offset 4
 269              		.cfi_offset 7, -4
 270 0002 83B0     		sub	sp, sp, #12
 271              	.LCFI10:
 272              		.cfi_def_cfa_offset 16
 273 0004 00AF     		add	r7, sp, #0
 274              	.LCFI11:
 275              		.cfi_def_cfa_register 7
 276 0006 0346     		mov	r3, r0
 277 0008 FB71     		strb	r3, [r7, #7]
 174:App/STM32F4-Discovery/board/stm32f4_discovery.c ****   GPIO_PORT[Led]->ODR ^= GPIO_PIN[Led];
 278              		.loc 1 174 0
 279 000a FA79     		ldrb	r2, [r7, #7]	@ zero_extendqisi2
 280 000c 40F20003 		movw	r3, #:lower16:GPIO_PORT
 281 0010 C0F20003 		movt	r3, #:upper16:GPIO_PORT
 282 0014 53F82220 		ldr	r2, [r3, r2, lsl #2]
 283 0018 F979     		ldrb	r1, [r7, #7]	@ zero_extendqisi2
 284 001a 40F20003 		movw	r3, #:lower16:GPIO_PORT
 285 001e C0F20003 		movt	r3, #:upper16:GPIO_PORT
 286 0022 53F82130 		ldr	r3, [r3, r1, lsl #2]
 287 0026 5969     		ldr	r1, [r3, #20]
 288 0028 F879     		ldrb	r0, [r7, #7]	@ zero_extendqisi2
 289 002a 40F20003 		movw	r3, #:lower16:GPIO_PIN
 290 002e C0F20003 		movt	r3, #:upper16:GPIO_PIN
 291 0032 33F81030 		ldrh	r3, [r3, r0, lsl #1]
 292 0036 4B40     		eors	r3, r3, r1
 293 0038 5361     		str	r3, [r2, #20]
 175:App/STM32F4-Discovery/board/stm32f4_discovery.c **** }
 294              		.loc 1 175 0
 295 003a 07F10C07 		add	r7, r7, #12
 296 003e BD46     		mov	sp, r7
 297 0040 80BC     		pop	{r7}
 298 0042 7047     		bx	lr
 299              		.cfi_endproc
 300              	.LFE113:
 302              		.section	.text.STM_EVAL_PBInit,"ax",%progbits
 303              		.align	2
 304              		.global	STM_EVAL_PBInit
 305              		.thumb
 306              		.thumb_func
 308              	STM_EVAL_PBInit:
 309              	.LFB114:
 176:App/STM32F4-Discovery/board/stm32f4_discovery.c **** 
 177:App/STM32F4-Discovery/board/stm32f4_discovery.c **** /**
 178:App/STM32F4-Discovery/board/stm32f4_discovery.c ****   * @brief  Configures Button GPIO and EXTI Line.
 179:App/STM32F4-Discovery/board/stm32f4_discovery.c ****   * @param  Button: Specifies the Button to be configured.
 180:App/STM32F4-Discovery/board/stm32f4_discovery.c ****   *   This parameter should be: BUTTON_USER
 181:App/STM32F4-Discovery/board/stm32f4_discovery.c ****   * @param  Button_Mode: Specifies Button mode.
 182:App/STM32F4-Discovery/board/stm32f4_discovery.c ****   *   This parameter can be one of following parameters:   
 183:App/STM32F4-Discovery/board/stm32f4_discovery.c ****   *     @arg BUTTON_MODE_GPIO: Button will be used as simple IO 
 184:App/STM32F4-Discovery/board/stm32f4_discovery.c ****   *     @arg BUTTON_MODE_EXTI: Button will be connected to EXTI line with interrupt
 185:App/STM32F4-Discovery/board/stm32f4_discovery.c ****   *                            generation capability  
 186:App/STM32F4-Discovery/board/stm32f4_discovery.c ****   * @retval None
 187:App/STM32F4-Discovery/board/stm32f4_discovery.c ****   */
 188:App/STM32F4-Discovery/board/stm32f4_discovery.c **** void STM_EVAL_PBInit(Button_TypeDef Button, ButtonMode_TypeDef Button_Mode)
 189:App/STM32F4-Discovery/board/stm32f4_discovery.c **** {
 310              		.loc 1 189 0
 311              		.cfi_startproc
 312              		@ args = 0, pretend = 0, frame = 32
 313              		@ frame_needed = 1, uses_anonymous_args = 0
 314 0000 80B5     		push	{r7, lr}
 315              	.LCFI12:
 316              		.cfi_def_cfa_offset 8
 317              		.cfi_offset 7, -8
 318              		.cfi_offset 14, -4
 319 0002 88B0     		sub	sp, sp, #32
 320              	.LCFI13:
 321              		.cfi_def_cfa_offset 40
 322 0004 00AF     		add	r7, sp, #0
 323              	.LCFI14:
 324              		.cfi_def_cfa_register 7
 325 0006 0246     		mov	r2, r0
 326 0008 0B46     		mov	r3, r1
 327 000a FA71     		strb	r2, [r7, #7]
 328 000c BB71     		strb	r3, [r7, #6]
 190:App/STM32F4-Discovery/board/stm32f4_discovery.c ****   GPIO_InitTypeDef GPIO_InitStructure;
 191:App/STM32F4-Discovery/board/stm32f4_discovery.c ****   EXTI_InitTypeDef EXTI_InitStructure;
 192:App/STM32F4-Discovery/board/stm32f4_discovery.c ****   NVIC_InitTypeDef NVIC_InitStructure;
 193:App/STM32F4-Discovery/board/stm32f4_discovery.c **** 
 194:App/STM32F4-Discovery/board/stm32f4_discovery.c ****   /* Enable the BUTTON Clock */
 195:App/STM32F4-Discovery/board/stm32f4_discovery.c ****   RCC_AHB1PeriphClockCmd(BUTTON_CLK[Button], ENABLE);
 329              		.loc 1 195 0
 330 000e FA79     		ldrb	r2, [r7, #7]	@ zero_extendqisi2
 331 0010 40F20003 		movw	r3, #:lower16:BUTTON_CLK
 332 0014 C0F20003 		movt	r3, #:upper16:BUTTON_CLK
 333 0018 53F82230 		ldr	r3, [r3, r2, lsl #2]
 334 001c 1846     		mov	r0, r3
 335 001e 4FF00101 		mov	r1, #1
 336 0022 FFF7FEFF 		bl	RCC_AHB1PeriphClockCmd
 196:App/STM32F4-Discovery/board/stm32f4_discovery.c ****   RCC_APB2PeriphClockCmd(RCC_APB2Periph_SYSCFG, ENABLE);
 337              		.loc 1 196 0
 338 0026 4FF48040 		mov	r0, #16384
 339 002a 4FF00101 		mov	r1, #1
 340 002e FFF7FEFF 		bl	RCC_APB2PeriphClockCmd
 197:App/STM32F4-Discovery/board/stm32f4_discovery.c **** 
 198:App/STM32F4-Discovery/board/stm32f4_discovery.c ****   /* Configure Button pin as input */
 199:App/STM32F4-Discovery/board/stm32f4_discovery.c ****   GPIO_InitStructure.GPIO_Mode = GPIO_Mode_IN;
 341              		.loc 1 199 0
 342 0032 4FF00003 		mov	r3, #0
 343 0036 3B77     		strb	r3, [r7, #28]
 200:App/STM32F4-Discovery/board/stm32f4_discovery.c ****   GPIO_InitStructure.GPIO_PuPd = GPIO_PuPd_NOPULL;
 344              		.loc 1 200 0
 345 0038 4FF00003 		mov	r3, #0
 346 003c FB77     		strb	r3, [r7, #31]
 201:App/STM32F4-Discovery/board/stm32f4_discovery.c ****   GPIO_InitStructure.GPIO_Pin = BUTTON_PIN[Button];
 347              		.loc 1 201 0
 348 003e FA79     		ldrb	r2, [r7, #7]	@ zero_extendqisi2
 349 0040 40F20003 		movw	r3, #:lower16:BUTTON_PIN
 350 0044 C0F20003 		movt	r3, #:upper16:BUTTON_PIN
 351 0048 33F81230 		ldrh	r3, [r3, r2, lsl #1]
 352 004c BB61     		str	r3, [r7, #24]
 202:App/STM32F4-Discovery/board/stm32f4_discovery.c ****   GPIO_Init(BUTTON_PORT[Button], &GPIO_InitStructure);
 353              		.loc 1 202 0
 354 004e FA79     		ldrb	r2, [r7, #7]	@ zero_extendqisi2
 355 0050 40F20003 		movw	r3, #:lower16:BUTTON_PORT
 356 0054 C0F20003 		movt	r3, #:upper16:BUTTON_PORT
 357 0058 53F82220 		ldr	r2, [r3, r2, lsl #2]
 358 005c 07F11803 		add	r3, r7, #24
 359 0060 1046     		mov	r0, r2
 360 0062 1946     		mov	r1, r3
 361 0064 FFF7FEFF 		bl	GPIO_Init
 203:App/STM32F4-Discovery/board/stm32f4_discovery.c **** 
 204:App/STM32F4-Discovery/board/stm32f4_discovery.c ****   if (Button_Mode == BUTTON_MODE_EXTI)
 362              		.loc 1 204 0
 363 0068 BB79     		ldrb	r3, [r7, #6]	@ zero_extendqisi2
 364 006a 012B     		cmp	r3, #1
 365 006c 3AD1     		bne	.L5
 205:App/STM32F4-Discovery/board/stm32f4_discovery.c ****   {
 206:App/STM32F4-Discovery/board/stm32f4_discovery.c ****     /* Connect Button EXTI Line to Button GPIO Pin */
 207:App/STM32F4-Discovery/board/stm32f4_discovery.c ****     SYSCFG_EXTILineConfig(BUTTON_PORT_SOURCE[Button], BUTTON_PIN_SOURCE[Button]);
 366              		.loc 1 207 0
 367 006e FA79     		ldrb	r2, [r7, #7]	@ zero_extendqisi2
 368 0070 40F20003 		movw	r3, #:lower16:BUTTON_PORT_SOURCE
 369 0074 C0F20003 		movt	r3, #:upper16:BUTTON_PORT_SOURCE
 370 0078 9A5C     		ldrb	r2, [r3, r2]	@ zero_extendqisi2
 371 007a F979     		ldrb	r1, [r7, #7]	@ zero_extendqisi2
 372 007c 40F20003 		movw	r3, #:lower16:BUTTON_PIN_SOURCE
 373 0080 C0F20003 		movt	r3, #:upper16:BUTTON_PIN_SOURCE
 374 0084 5B5C     		ldrb	r3, [r3, r1]	@ zero_extendqisi2
 375 0086 1046     		mov	r0, r2
 376 0088 1946     		mov	r1, r3
 377 008a FFF7FEFF 		bl	SYSCFG_EXTILineConfig
 208:App/STM32F4-Discovery/board/stm32f4_discovery.c **** 
 209:App/STM32F4-Discovery/board/stm32f4_discovery.c ****     /* Configure Button EXTI line */
 210:App/STM32F4-Discovery/board/stm32f4_discovery.c ****     EXTI_InitStructure.EXTI_Line = BUTTON_EXTI_LINE[Button];
 378              		.loc 1 210 0
 379 008e FA79     		ldrb	r2, [r7, #7]	@ zero_extendqisi2
 380 0090 40F20003 		movw	r3, #:lower16:BUTTON_EXTI_LINE
 381 0094 C0F20003 		movt	r3, #:upper16:BUTTON_EXTI_LINE
 382 0098 33F81230 		ldrh	r3, [r3, r2, lsl #1]
 383 009c 3B61     		str	r3, [r7, #16]
 211:App/STM32F4-Discovery/board/stm32f4_discovery.c ****     EXTI_InitStructure.EXTI_Mode = EXTI_Mode_Interrupt;
 384              		.loc 1 211 0
 385 009e 4FF00003 		mov	r3, #0
 386 00a2 3B75     		strb	r3, [r7, #20]
 212:App/STM32F4-Discovery/board/stm32f4_discovery.c ****     EXTI_InitStructure.EXTI_Trigger = EXTI_Trigger_Rising;  
 387              		.loc 1 212 0
 388 00a4 4FF00803 		mov	r3, #8
 389 00a8 7B75     		strb	r3, [r7, #21]
 213:App/STM32F4-Discovery/board/stm32f4_discovery.c ****     EXTI_InitStructure.EXTI_LineCmd = ENABLE;
 390              		.loc 1 213 0
 391 00aa 4FF00103 		mov	r3, #1
 392 00ae BB75     		strb	r3, [r7, #22]
 214:App/STM32F4-Discovery/board/stm32f4_discovery.c ****     EXTI_Init(&EXTI_InitStructure);
 393              		.loc 1 214 0
 394 00b0 07F11003 		add	r3, r7, #16
 395 00b4 1846     		mov	r0, r3
 396 00b6 FFF7FEFF 		bl	EXTI_Init
 215:App/STM32F4-Discovery/board/stm32f4_discovery.c **** 
 216:App/STM32F4-Discovery/board/stm32f4_discovery.c ****     /* Enable and set Button EXTI Interrupt to the lowest priority */
 217:App/STM32F4-Discovery/board/stm32f4_discovery.c ****     NVIC_InitStructure.NVIC_IRQChannel = BUTTON_IRQn[Button];
 397              		.loc 1 217 0
 398 00ba FA79     		ldrb	r2, [r7, #7]	@ zero_extendqisi2
 399 00bc 40F20003 		movw	r3, #:lower16:BUTTON_IRQn
 400 00c0 C0F20003 		movt	r3, #:upper16:BUTTON_IRQn
 401 00c4 9B5C     		ldrb	r3, [r3, r2]	@ zero_extendqisi2
 402 00c6 3B73     		strb	r3, [r7, #12]
 218:App/STM32F4-Discovery/board/stm32f4_discovery.c ****     NVIC_InitStructure.NVIC_IRQChannelPreemptionPriority = 0x0F;
 403              		.loc 1 218 0
 404 00c8 4FF00F03 		mov	r3, #15
 405 00cc 7B73     		strb	r3, [r7, #13]
 219:App/STM32F4-Discovery/board/stm32f4_discovery.c ****     NVIC_InitStructure.NVIC_IRQChannelSubPriority = 0x0F;
 406              		.loc 1 219 0
 407 00ce 4FF00F03 		mov	r3, #15
 408 00d2 BB73     		strb	r3, [r7, #14]
 220:App/STM32F4-Discovery/board/stm32f4_discovery.c ****     NVIC_InitStructure.NVIC_IRQChannelCmd = ENABLE;
 409              		.loc 1 220 0
 410 00d4 4FF00103 		mov	r3, #1
 411 00d8 FB73     		strb	r3, [r7, #15]
 221:App/STM32F4-Discovery/board/stm32f4_discovery.c **** 
 222:App/STM32F4-Discovery/board/stm32f4_discovery.c ****     NVIC_Init(&NVIC_InitStructure); 
 412              		.loc 1 222 0
 413 00da 07F10C03 		add	r3, r7, #12
 414 00de 1846     		mov	r0, r3
 415 00e0 FFF7FEFF 		bl	NVIC_Init
 416              	.L5:
 223:App/STM32F4-Discovery/board/stm32f4_discovery.c ****   }
 224:App/STM32F4-Discovery/board/stm32f4_discovery.c **** }
 417              		.loc 1 224 0
 418 00e4 07F12007 		add	r7, r7, #32
 419 00e8 BD46     		mov	sp, r7
 420 00ea 80BD     		pop	{r7, pc}
 421              		.cfi_endproc
 422              	.LFE114:
 424              		.section	.text.STM_EVAL_PBGetState,"ax",%progbits
 425              		.align	2
 426              		.global	STM_EVAL_PBGetState
 427              		.thumb
 428              		.thumb_func
 430              	STM_EVAL_PBGetState:
 431              	.LFB115:
 225:App/STM32F4-Discovery/board/stm32f4_discovery.c **** 
 226:App/STM32F4-Discovery/board/stm32f4_discovery.c **** /**
 227:App/STM32F4-Discovery/board/stm32f4_discovery.c ****   * @brief  Returns the selected Button state.
 228:App/STM32F4-Discovery/board/stm32f4_discovery.c ****   * @param  Button: Specifies the Button to be checked.
 229:App/STM32F4-Discovery/board/stm32f4_discovery.c ****   *   This parameter should be: BUTTON_USER  
 230:App/STM32F4-Discovery/board/stm32f4_discovery.c ****   * @retval The Button GPIO pin value.
 231:App/STM32F4-Discovery/board/stm32f4_discovery.c ****   */
 232:App/STM32F4-Discovery/board/stm32f4_discovery.c **** uint32_t STM_EVAL_PBGetState(Button_TypeDef Button)
 233:App/STM32F4-Discovery/board/stm32f4_discovery.c **** {
 432              		.loc 1 233 0
 433              		.cfi_startproc
 434              		@ args = 0, pretend = 0, frame = 8
 435              		@ frame_needed = 1, uses_anonymous_args = 0
 436 0000 80B5     		push	{r7, lr}
 437              	.LCFI15:
 438              		.cfi_def_cfa_offset 8
 439              		.cfi_offset 7, -8
 440              		.cfi_offset 14, -4
 441 0002 82B0     		sub	sp, sp, #8
 442              	.LCFI16:
 443              		.cfi_def_cfa_offset 16
 444 0004 00AF     		add	r7, sp, #0
 445              	.LCFI17:
 446              		.cfi_def_cfa_register 7
 447 0006 0346     		mov	r3, r0
 448 0008 FB71     		strb	r3, [r7, #7]
 234:App/STM32F4-Discovery/board/stm32f4_discovery.c ****   return GPIO_ReadInputDataBit(BUTTON_PORT[Button], BUTTON_PIN[Button]);
 449              		.loc 1 234 0
 450 000a FA79     		ldrb	r2, [r7, #7]	@ zero_extendqisi2
 451 000c 40F20003 		movw	r3, #:lower16:BUTTON_PORT
 452 0010 C0F20003 		movt	r3, #:upper16:BUTTON_PORT
 453 0014 53F82220 		ldr	r2, [r3, r2, lsl #2]
 454 0018 F979     		ldrb	r1, [r7, #7]	@ zero_extendqisi2
 455 001a 40F20003 		movw	r3, #:lower16:BUTTON_PIN
 456 001e C0F20003 		movt	r3, #:upper16:BUTTON_PIN
 457 0022 33F81130 		ldrh	r3, [r3, r1, lsl #1]
 458 0026 1046     		mov	r0, r2
 459 0028 1946     		mov	r1, r3
 460 002a FFF7FEFF 		bl	GPIO_ReadInputDataBit
 461 002e 0346     		mov	r3, r0
 235:App/STM32F4-Discovery/board/stm32f4_discovery.c **** }
 462              		.loc 1 235 0
 463 0030 1846     		mov	r0, r3
 464 0032 07F10807 		add	r7, r7, #8
 465 0036 BD46     		mov	sp, r7
 466 0038 80BD     		pop	{r7, pc}
 467              		.cfi_endproc
 468              	.LFE115:
 470 003a 00BF     		.text
 471              	.Letext0:
 472              		.file 2 "/home/thanhtruong/embedded-development/toolchain/gcc-arm-none-eabi-4_7-2013q1/bin/../lib/
 473              		.file 3 "App/STM32F4-Discovery/Libraries/CMSIS/ST/STM32F4xx/Include/stm32f4xx.h"
 474              		.file 4 "App/STM32F4-Discovery/Libraries/STM32F4xx_StdPeriph_Driver/inc/stm32f4xx_exti.h"
 475              		.file 5 "App/STM32F4-Discovery/Libraries/STM32F4xx_StdPeriph_Driver/inc/stm32f4xx_gpio.h"
 476              		.file 6 "App/STM32F4-Discovery/Libraries/STM32F4xx_StdPeriph_Driver/inc/misc.h"
 477              		.file 7 "App/STM32F4-Discovery/board/stm32f4_discovery.h"
 478              		.file 8 "App/STM32F4-Discovery/Libraries/CMSIS/Include/core_cm4.h"
DEFINED SYMBOLS
                            *ABS*:00000000 stm32f4_discovery.c
     /tmp/ccymX0jk.s:24     .data.GPIO_PORT:00000000 GPIO_PORT
     /tmp/ccymX0jk.s:21     .data.GPIO_PORT:00000000 $d
     /tmp/ccymX0jk.s:34     .rodata.GPIO_PIN:00000000 GPIO_PIN
     /tmp/ccymX0jk.s:31     .rodata.GPIO_PIN:00000000 $d
     /tmp/ccymX0jk.s:44     .rodata.GPIO_CLK:00000000 GPIO_CLK
     /tmp/ccymX0jk.s:41     .rodata.GPIO_CLK:00000000 $d
     /tmp/ccymX0jk.s:54     .data.BUTTON_PORT:00000000 BUTTON_PORT
     /tmp/ccymX0jk.s:51     .data.BUTTON_PORT:00000000 $d
     /tmp/ccymX0jk.s:61     .rodata.BUTTON_PIN:00000000 BUTTON_PIN
     /tmp/ccymX0jk.s:58     .rodata.BUTTON_PIN:00000000 $d
     /tmp/ccymX0jk.s:68     .rodata.BUTTON_CLK:00000000 BUTTON_CLK
     /tmp/ccymX0jk.s:65     .rodata.BUTTON_CLK:00000000 $d
     /tmp/ccymX0jk.s:75     .rodata.BUTTON_EXTI_LINE:00000000 BUTTON_EXTI_LINE
     /tmp/ccymX0jk.s:72     .rodata.BUTTON_EXTI_LINE:00000000 $d
     /tmp/ccymX0jk.s:82     .rodata.BUTTON_PORT_SOURCE:00000000 BUTTON_PORT_SOURCE
     /tmp/ccymX0jk.s:79     .rodata.BUTTON_PORT_SOURCE:00000000 $d
     /tmp/ccymX0jk.s:89     .rodata.BUTTON_PIN_SOURCE:00000000 BUTTON_PIN_SOURCE
     /tmp/ccymX0jk.s:86     .rodata.BUTTON_PIN_SOURCE:00000000 $d
     /tmp/ccymX0jk.s:96     .rodata.BUTTON_IRQn:00000000 BUTTON_IRQn
     /tmp/ccymX0jk.s:93     .rodata.BUTTON_IRQn:00000000 $d
                            *COM*:00000004 NVIC_InitStructure
     /tmp/ccymX0jk.s:100    .text.STM_EVAL_LEDInit:00000000 $t
     /tmp/ccymX0jk.s:105    .text.STM_EVAL_LEDInit:00000000 STM_EVAL_LEDInit
     /tmp/ccymX0jk.s:168    .text.STM_EVAL_LEDOn:00000000 $t
     /tmp/ccymX0jk.s:173    .text.STM_EVAL_LEDOn:00000000 STM_EVAL_LEDOn
     /tmp/ccymX0jk.s:211    .text.STM_EVAL_LEDOff:00000000 $t
     /tmp/ccymX0jk.s:216    .text.STM_EVAL_LEDOff:00000000 STM_EVAL_LEDOff
     /tmp/ccymX0jk.s:254    .text.STM_EVAL_LEDToggle:00000000 $t
     /tmp/ccymX0jk.s:259    .text.STM_EVAL_LEDToggle:00000000 STM_EVAL_LEDToggle
     /tmp/ccymX0jk.s:303    .text.STM_EVAL_PBInit:00000000 $t
     /tmp/ccymX0jk.s:308    .text.STM_EVAL_PBInit:00000000 STM_EVAL_PBInit
     /tmp/ccymX0jk.s:425    .text.STM_EVAL_PBGetState:00000000 $t
     /tmp/ccymX0jk.s:430    .text.STM_EVAL_PBGetState:00000000 STM_EVAL_PBGetState
                     .debug_frame:00000010 $d

UNDEFINED SYMBOLS
RCC_AHB1PeriphClockCmd
GPIO_Init
RCC_APB2PeriphClockCmd
SYSCFG_EXTILineConfig
EXTI_Init
NVIC_Init
GPIO_ReadInputDataBit
