   1              		.syntax unified
   2              		.cpu cortex-m4
   3              		.eabi_attribute 27, 3
   4              		.fpu fpv4-sp-d16
   5              		.eabi_attribute 20, 1
   6              		.eabi_attribute 21, 1
   7              		.eabi_attribute 23, 3
   8              		.eabi_attribute 24, 1
   9              		.eabi_attribute 25, 1
  10              		.eabi_attribute 26, 1
  11              		.eabi_attribute 30, 6
  12              		.eabi_attribute 34, 1
  13              		.eabi_attribute 18, 4
  14              		.thumb
  15              		.file	"stm32f4xx_wwdg.c"
  16              		.text
  17              	.Ltext0:
  18              		.cfi_sections	.debug_frame
  19              		.section	.text.WWDG_DeInit,"ax",%progbits
  20              		.align	2
  21              		.global	WWDG_DeInit
  22              		.thumb
  23              		.thumb_func
  25              	WWDG_DeInit:
  26              	.LFB110:
  27              		.file 1 "App/STM32F4-Discovery/Libraries/STM32F4xx_StdPeriph_Driver/src/stm32f4xx_wwdg.c"
   1:App/STM32F4-Discovery/Libraries/STM32F4xx_StdPeriph_Driver/src/stm32f4xx_wwdg.c **** /**
   2:App/STM32F4-Discovery/Libraries/STM32F4xx_StdPeriph_Driver/src/stm32f4xx_wwdg.c ****   ******************************************************************************
   3:App/STM32F4-Discovery/Libraries/STM32F4xx_StdPeriph_Driver/src/stm32f4xx_wwdg.c ****   * @file    stm32f4xx_wwdg.c
   4:App/STM32F4-Discovery/Libraries/STM32F4xx_StdPeriph_Driver/src/stm32f4xx_wwdg.c ****   * @author  MCD Application Team
   5:App/STM32F4-Discovery/Libraries/STM32F4xx_StdPeriph_Driver/src/stm32f4xx_wwdg.c ****   * @version V1.0.0
   6:App/STM32F4-Discovery/Libraries/STM32F4xx_StdPeriph_Driver/src/stm32f4xx_wwdg.c ****   * @date    30-September-2011
   7:App/STM32F4-Discovery/Libraries/STM32F4xx_StdPeriph_Driver/src/stm32f4xx_wwdg.c ****   * @brief   This file provides firmware functions to manage the following 
   8:App/STM32F4-Discovery/Libraries/STM32F4xx_StdPeriph_Driver/src/stm32f4xx_wwdg.c ****   *          functionalities of the Window watchdog (WWDG) peripheral:           
   9:App/STM32F4-Discovery/Libraries/STM32F4xx_StdPeriph_Driver/src/stm32f4xx_wwdg.c ****   *           - Prescaler, Refresh window and Counter configuration
  10:App/STM32F4-Discovery/Libraries/STM32F4xx_StdPeriph_Driver/src/stm32f4xx_wwdg.c ****   *           - WWDG activation
  11:App/STM32F4-Discovery/Libraries/STM32F4xx_StdPeriph_Driver/src/stm32f4xx_wwdg.c ****   *           - Interrupts and flags management
  12:App/STM32F4-Discovery/Libraries/STM32F4xx_StdPeriph_Driver/src/stm32f4xx_wwdg.c ****   *             
  13:App/STM32F4-Discovery/Libraries/STM32F4xx_StdPeriph_Driver/src/stm32f4xx_wwdg.c ****   *  @verbatim
  14:App/STM32F4-Discovery/Libraries/STM32F4xx_StdPeriph_Driver/src/stm32f4xx_wwdg.c ****   *    
  15:App/STM32F4-Discovery/Libraries/STM32F4xx_StdPeriph_Driver/src/stm32f4xx_wwdg.c ****   *          ===================================================================
  16:App/STM32F4-Discovery/Libraries/STM32F4xx_StdPeriph_Driver/src/stm32f4xx_wwdg.c ****   *                                     WWDG features
  17:App/STM32F4-Discovery/Libraries/STM32F4xx_StdPeriph_Driver/src/stm32f4xx_wwdg.c ****   *          ===================================================================
  18:App/STM32F4-Discovery/Libraries/STM32F4xx_StdPeriph_Driver/src/stm32f4xx_wwdg.c ****   *                                        
  19:App/STM32F4-Discovery/Libraries/STM32F4xx_StdPeriph_Driver/src/stm32f4xx_wwdg.c ****   *          Once enabled the WWDG generates a system reset on expiry of a programmed
  20:App/STM32F4-Discovery/Libraries/STM32F4xx_StdPeriph_Driver/src/stm32f4xx_wwdg.c ****   *          time period, unless the program refreshes the counter (downcounter) 
  21:App/STM32F4-Discovery/Libraries/STM32F4xx_StdPeriph_Driver/src/stm32f4xx_wwdg.c ****   *          before to reach 0x3F value (i.e. a reset is generated when the counter
  22:App/STM32F4-Discovery/Libraries/STM32F4xx_StdPeriph_Driver/src/stm32f4xx_wwdg.c ****   *          value rolls over from 0x40 to 0x3F). 
  23:App/STM32F4-Discovery/Libraries/STM32F4xx_StdPeriph_Driver/src/stm32f4xx_wwdg.c ****   *          An MCU reset is also generated if the counter value is refreshed
  24:App/STM32F4-Discovery/Libraries/STM32F4xx_StdPeriph_Driver/src/stm32f4xx_wwdg.c ****   *          before the counter has reached the refresh window value. This 
  25:App/STM32F4-Discovery/Libraries/STM32F4xx_StdPeriph_Driver/src/stm32f4xx_wwdg.c ****   *          implies that the counter must be refreshed in a limited window.
  26:App/STM32F4-Discovery/Libraries/STM32F4xx_StdPeriph_Driver/src/stm32f4xx_wwdg.c ****   *            
  27:App/STM32F4-Discovery/Libraries/STM32F4xx_StdPeriph_Driver/src/stm32f4xx_wwdg.c ****   *          Once enabled the WWDG cannot be disabled except by a system reset.                    
  28:App/STM32F4-Discovery/Libraries/STM32F4xx_StdPeriph_Driver/src/stm32f4xx_wwdg.c ****   *          
  29:App/STM32F4-Discovery/Libraries/STM32F4xx_StdPeriph_Driver/src/stm32f4xx_wwdg.c ****   *          WWDGRST flag in RCC_CSR register can be used to inform when a WWDG
  30:App/STM32F4-Discovery/Libraries/STM32F4xx_StdPeriph_Driver/src/stm32f4xx_wwdg.c ****   *          reset occurs.
  31:App/STM32F4-Discovery/Libraries/STM32F4xx_StdPeriph_Driver/src/stm32f4xx_wwdg.c ****   *            
  32:App/STM32F4-Discovery/Libraries/STM32F4xx_StdPeriph_Driver/src/stm32f4xx_wwdg.c ****   *          The WWDG counter input clock is derived from the APB clock divided 
  33:App/STM32F4-Discovery/Libraries/STM32F4xx_StdPeriph_Driver/src/stm32f4xx_wwdg.c ****   *          by a programmable prescaler.
  34:App/STM32F4-Discovery/Libraries/STM32F4xx_StdPeriph_Driver/src/stm32f4xx_wwdg.c ****   *              
  35:App/STM32F4-Discovery/Libraries/STM32F4xx_StdPeriph_Driver/src/stm32f4xx_wwdg.c ****   *          WWDG counter clock = PCLK1 / Prescaler
  36:App/STM32F4-Discovery/Libraries/STM32F4xx_StdPeriph_Driver/src/stm32f4xx_wwdg.c ****   *          WWDG timeout = (WWDG counter clock) * (counter value)
  37:App/STM32F4-Discovery/Libraries/STM32F4xx_StdPeriph_Driver/src/stm32f4xx_wwdg.c ****   *                      
  38:App/STM32F4-Discovery/Libraries/STM32F4xx_StdPeriph_Driver/src/stm32f4xx_wwdg.c ****   *          Min-max timeout value @42 MHz(PCLK1): ~97.5 us / ~49.9 ms
  39:App/STM32F4-Discovery/Libraries/STM32F4xx_StdPeriph_Driver/src/stm32f4xx_wwdg.c ****   *                            
  40:App/STM32F4-Discovery/Libraries/STM32F4xx_StdPeriph_Driver/src/stm32f4xx_wwdg.c ****   *          ===================================================================
  41:App/STM32F4-Discovery/Libraries/STM32F4xx_StdPeriph_Driver/src/stm32f4xx_wwdg.c ****   *                                 How to use this driver
  42:App/STM32F4-Discovery/Libraries/STM32F4xx_StdPeriph_Driver/src/stm32f4xx_wwdg.c ****   *          =================================================================== 
  43:App/STM32F4-Discovery/Libraries/STM32F4xx_StdPeriph_Driver/src/stm32f4xx_wwdg.c ****   *          1. Enable WWDG clock using RCC_APB1PeriphClockCmd(RCC_APB1Periph_WWDG, ENABLE) functio
  44:App/STM32F4-Discovery/Libraries/STM32F4xx_StdPeriph_Driver/src/stm32f4xx_wwdg.c ****   *            
  45:App/STM32F4-Discovery/Libraries/STM32F4xx_StdPeriph_Driver/src/stm32f4xx_wwdg.c ****   *          2. Configure the WWDG prescaler using WWDG_SetPrescaler() function
  46:App/STM32F4-Discovery/Libraries/STM32F4xx_StdPeriph_Driver/src/stm32f4xx_wwdg.c ****   *                           
  47:App/STM32F4-Discovery/Libraries/STM32F4xx_StdPeriph_Driver/src/stm32f4xx_wwdg.c ****   *          3. Configure the WWDG refresh window using WWDG_SetWindowValue() function
  48:App/STM32F4-Discovery/Libraries/STM32F4xx_StdPeriph_Driver/src/stm32f4xx_wwdg.c ****   *            
  49:App/STM32F4-Discovery/Libraries/STM32F4xx_StdPeriph_Driver/src/stm32f4xx_wwdg.c ****   *          4. Set the WWDG counter value and start it using WWDG_Enable() function.
  50:App/STM32F4-Discovery/Libraries/STM32F4xx_StdPeriph_Driver/src/stm32f4xx_wwdg.c ****   *             When the WWDG is enabled the counter value should be configured to 
  51:App/STM32F4-Discovery/Libraries/STM32F4xx_StdPeriph_Driver/src/stm32f4xx_wwdg.c ****   *             a value greater than 0x40 to prevent generating an immediate reset.     
  52:App/STM32F4-Discovery/Libraries/STM32F4xx_StdPeriph_Driver/src/stm32f4xx_wwdg.c ****   *            
  53:App/STM32F4-Discovery/Libraries/STM32F4xx_StdPeriph_Driver/src/stm32f4xx_wwdg.c ****   *          5. Optionally you can enable the Early wakeup interrupt which is 
  54:App/STM32F4-Discovery/Libraries/STM32F4xx_StdPeriph_Driver/src/stm32f4xx_wwdg.c ****   *             generated when the counter reach 0x40.
  55:App/STM32F4-Discovery/Libraries/STM32F4xx_StdPeriph_Driver/src/stm32f4xx_wwdg.c ****   *             Once enabled this interrupt cannot be disabled except by a system reset.
  56:App/STM32F4-Discovery/Libraries/STM32F4xx_StdPeriph_Driver/src/stm32f4xx_wwdg.c ****   *                 
  57:App/STM32F4-Discovery/Libraries/STM32F4xx_StdPeriph_Driver/src/stm32f4xx_wwdg.c ****   *          6. Then the application program must refresh the WWDG counter at regular
  58:App/STM32F4-Discovery/Libraries/STM32F4xx_StdPeriph_Driver/src/stm32f4xx_wwdg.c ****   *             intervals during normal operation to prevent an MCU reset, using
  59:App/STM32F4-Discovery/Libraries/STM32F4xx_StdPeriph_Driver/src/stm32f4xx_wwdg.c ****   *             WWDG_SetCounter() function. This operation must occur only when
  60:App/STM32F4-Discovery/Libraries/STM32F4xx_StdPeriph_Driver/src/stm32f4xx_wwdg.c ****   *             the counter value is lower than the refresh window value, 
  61:App/STM32F4-Discovery/Libraries/STM32F4xx_StdPeriph_Driver/src/stm32f4xx_wwdg.c ****   *             programmed using WWDG_SetWindowValue().         
  62:App/STM32F4-Discovery/Libraries/STM32F4xx_StdPeriph_Driver/src/stm32f4xx_wwdg.c ****   *
  63:App/STM32F4-Discovery/Libraries/STM32F4xx_StdPeriph_Driver/src/stm32f4xx_wwdg.c ****   *  @endverbatim  
  64:App/STM32F4-Discovery/Libraries/STM32F4xx_StdPeriph_Driver/src/stm32f4xx_wwdg.c ****   *                             
  65:App/STM32F4-Discovery/Libraries/STM32F4xx_StdPeriph_Driver/src/stm32f4xx_wwdg.c ****   ******************************************************************************
  66:App/STM32F4-Discovery/Libraries/STM32F4xx_StdPeriph_Driver/src/stm32f4xx_wwdg.c ****   * @attention
  67:App/STM32F4-Discovery/Libraries/STM32F4xx_StdPeriph_Driver/src/stm32f4xx_wwdg.c ****   *
  68:App/STM32F4-Discovery/Libraries/STM32F4xx_StdPeriph_Driver/src/stm32f4xx_wwdg.c ****   * THE PRESENT FIRMWARE WHICH IS FOR GUIDANCE ONLY AIMS AT PROVIDING CUSTOMERS
  69:App/STM32F4-Discovery/Libraries/STM32F4xx_StdPeriph_Driver/src/stm32f4xx_wwdg.c ****   * WITH CODING INFORMATION REGARDING THEIR PRODUCTS IN ORDER FOR THEM TO SAVE
  70:App/STM32F4-Discovery/Libraries/STM32F4xx_StdPeriph_Driver/src/stm32f4xx_wwdg.c ****   * TIME. AS A RESULT, STMICROELECTRONICS SHALL NOT BE HELD LIABLE FOR ANY
  71:App/STM32F4-Discovery/Libraries/STM32F4xx_StdPeriph_Driver/src/stm32f4xx_wwdg.c ****   * DIRECT, INDIRECT OR CONSEQUENTIAL DAMAGES WITH RESPECT TO ANY CLAIMS ARISING
  72:App/STM32F4-Discovery/Libraries/STM32F4xx_StdPeriph_Driver/src/stm32f4xx_wwdg.c ****   * FROM THE CONTENT OF SUCH FIRMWARE AND/OR THE USE MADE BY CUSTOMERS OF THE
  73:App/STM32F4-Discovery/Libraries/STM32F4xx_StdPeriph_Driver/src/stm32f4xx_wwdg.c ****   * CODING INFORMATION CONTAINED HEREIN IN CONNECTION WITH THEIR PRODUCTS.
  74:App/STM32F4-Discovery/Libraries/STM32F4xx_StdPeriph_Driver/src/stm32f4xx_wwdg.c ****   *
  75:App/STM32F4-Discovery/Libraries/STM32F4xx_StdPeriph_Driver/src/stm32f4xx_wwdg.c ****   * <h2><center>&copy; COPYRIGHT 2011 STMicroelectronics</center></h2>
  76:App/STM32F4-Discovery/Libraries/STM32F4xx_StdPeriph_Driver/src/stm32f4xx_wwdg.c ****   ******************************************************************************
  77:App/STM32F4-Discovery/Libraries/STM32F4xx_StdPeriph_Driver/src/stm32f4xx_wwdg.c ****   */
  78:App/STM32F4-Discovery/Libraries/STM32F4xx_StdPeriph_Driver/src/stm32f4xx_wwdg.c **** 
  79:App/STM32F4-Discovery/Libraries/STM32F4xx_StdPeriph_Driver/src/stm32f4xx_wwdg.c **** /* Includes ------------------------------------------------------------------*/
  80:App/STM32F4-Discovery/Libraries/STM32F4xx_StdPeriph_Driver/src/stm32f4xx_wwdg.c **** #include "stm32f4xx_wwdg.h"
  81:App/STM32F4-Discovery/Libraries/STM32F4xx_StdPeriph_Driver/src/stm32f4xx_wwdg.c **** #include "stm32f4xx_rcc.h"
  82:App/STM32F4-Discovery/Libraries/STM32F4xx_StdPeriph_Driver/src/stm32f4xx_wwdg.c **** 
  83:App/STM32F4-Discovery/Libraries/STM32F4xx_StdPeriph_Driver/src/stm32f4xx_wwdg.c **** /** @addtogroup STM32F4xx_StdPeriph_Driver
  84:App/STM32F4-Discovery/Libraries/STM32F4xx_StdPeriph_Driver/src/stm32f4xx_wwdg.c ****   * @{
  85:App/STM32F4-Discovery/Libraries/STM32F4xx_StdPeriph_Driver/src/stm32f4xx_wwdg.c ****   */
  86:App/STM32F4-Discovery/Libraries/STM32F4xx_StdPeriph_Driver/src/stm32f4xx_wwdg.c **** 
  87:App/STM32F4-Discovery/Libraries/STM32F4xx_StdPeriph_Driver/src/stm32f4xx_wwdg.c **** /** @defgroup WWDG 
  88:App/STM32F4-Discovery/Libraries/STM32F4xx_StdPeriph_Driver/src/stm32f4xx_wwdg.c ****   * @brief WWDG driver modules
  89:App/STM32F4-Discovery/Libraries/STM32F4xx_StdPeriph_Driver/src/stm32f4xx_wwdg.c ****   * @{
  90:App/STM32F4-Discovery/Libraries/STM32F4xx_StdPeriph_Driver/src/stm32f4xx_wwdg.c ****   */
  91:App/STM32F4-Discovery/Libraries/STM32F4xx_StdPeriph_Driver/src/stm32f4xx_wwdg.c **** 
  92:App/STM32F4-Discovery/Libraries/STM32F4xx_StdPeriph_Driver/src/stm32f4xx_wwdg.c **** /* Private typedef -----------------------------------------------------------*/
  93:App/STM32F4-Discovery/Libraries/STM32F4xx_StdPeriph_Driver/src/stm32f4xx_wwdg.c **** /* Private define ------------------------------------------------------------*/
  94:App/STM32F4-Discovery/Libraries/STM32F4xx_StdPeriph_Driver/src/stm32f4xx_wwdg.c **** 
  95:App/STM32F4-Discovery/Libraries/STM32F4xx_StdPeriph_Driver/src/stm32f4xx_wwdg.c **** /* ----------- WWDG registers bit address in the alias region ----------- */
  96:App/STM32F4-Discovery/Libraries/STM32F4xx_StdPeriph_Driver/src/stm32f4xx_wwdg.c **** #define WWDG_OFFSET       (WWDG_BASE - PERIPH_BASE)
  97:App/STM32F4-Discovery/Libraries/STM32F4xx_StdPeriph_Driver/src/stm32f4xx_wwdg.c **** /* Alias word address of EWI bit */
  98:App/STM32F4-Discovery/Libraries/STM32F4xx_StdPeriph_Driver/src/stm32f4xx_wwdg.c **** #define CFR_OFFSET        (WWDG_OFFSET + 0x04)
  99:App/STM32F4-Discovery/Libraries/STM32F4xx_StdPeriph_Driver/src/stm32f4xx_wwdg.c **** #define EWI_BitNumber     0x09
 100:App/STM32F4-Discovery/Libraries/STM32F4xx_StdPeriph_Driver/src/stm32f4xx_wwdg.c **** #define CFR_EWI_BB        (PERIPH_BB_BASE + (CFR_OFFSET * 32) + (EWI_BitNumber * 4))
 101:App/STM32F4-Discovery/Libraries/STM32F4xx_StdPeriph_Driver/src/stm32f4xx_wwdg.c **** 
 102:App/STM32F4-Discovery/Libraries/STM32F4xx_StdPeriph_Driver/src/stm32f4xx_wwdg.c **** /* --------------------- WWDG registers bit mask ------------------------ */
 103:App/STM32F4-Discovery/Libraries/STM32F4xx_StdPeriph_Driver/src/stm32f4xx_wwdg.c **** /* CFR register bit mask */
 104:App/STM32F4-Discovery/Libraries/STM32F4xx_StdPeriph_Driver/src/stm32f4xx_wwdg.c **** #define CFR_WDGTB_MASK    ((uint32_t)0xFFFFFE7F)
 105:App/STM32F4-Discovery/Libraries/STM32F4xx_StdPeriph_Driver/src/stm32f4xx_wwdg.c **** #define CFR_W_MASK        ((uint32_t)0xFFFFFF80)
 106:App/STM32F4-Discovery/Libraries/STM32F4xx_StdPeriph_Driver/src/stm32f4xx_wwdg.c **** #define BIT_MASK          ((uint8_t)0x7F)
 107:App/STM32F4-Discovery/Libraries/STM32F4xx_StdPeriph_Driver/src/stm32f4xx_wwdg.c **** 
 108:App/STM32F4-Discovery/Libraries/STM32F4xx_StdPeriph_Driver/src/stm32f4xx_wwdg.c **** /* Private macro -------------------------------------------------------------*/
 109:App/STM32F4-Discovery/Libraries/STM32F4xx_StdPeriph_Driver/src/stm32f4xx_wwdg.c **** /* Private variables ---------------------------------------------------------*/
 110:App/STM32F4-Discovery/Libraries/STM32F4xx_StdPeriph_Driver/src/stm32f4xx_wwdg.c **** /* Private function prototypes -----------------------------------------------*/
 111:App/STM32F4-Discovery/Libraries/STM32F4xx_StdPeriph_Driver/src/stm32f4xx_wwdg.c **** /* Private functions ---------------------------------------------------------*/
 112:App/STM32F4-Discovery/Libraries/STM32F4xx_StdPeriph_Driver/src/stm32f4xx_wwdg.c **** 
 113:App/STM32F4-Discovery/Libraries/STM32F4xx_StdPeriph_Driver/src/stm32f4xx_wwdg.c **** /** @defgroup WWDG_Private_Functions
 114:App/STM32F4-Discovery/Libraries/STM32F4xx_StdPeriph_Driver/src/stm32f4xx_wwdg.c ****   * @{
 115:App/STM32F4-Discovery/Libraries/STM32F4xx_StdPeriph_Driver/src/stm32f4xx_wwdg.c ****   */
 116:App/STM32F4-Discovery/Libraries/STM32F4xx_StdPeriph_Driver/src/stm32f4xx_wwdg.c **** 
 117:App/STM32F4-Discovery/Libraries/STM32F4xx_StdPeriph_Driver/src/stm32f4xx_wwdg.c **** /** @defgroup WWDG_Group1 Prescaler, Refresh window and Counter configuration functions
 118:App/STM32F4-Discovery/Libraries/STM32F4xx_StdPeriph_Driver/src/stm32f4xx_wwdg.c ****  *  @brief   Prescaler, Refresh window and Counter configuration functions 
 119:App/STM32F4-Discovery/Libraries/STM32F4xx_StdPeriph_Driver/src/stm32f4xx_wwdg.c ****  *
 120:App/STM32F4-Discovery/Libraries/STM32F4xx_StdPeriph_Driver/src/stm32f4xx_wwdg.c **** @verbatim   
 121:App/STM32F4-Discovery/Libraries/STM32F4xx_StdPeriph_Driver/src/stm32f4xx_wwdg.c ****  ===============================================================================
 122:App/STM32F4-Discovery/Libraries/STM32F4xx_StdPeriph_Driver/src/stm32f4xx_wwdg.c ****           Prescaler, Refresh window and Counter configuration functions
 123:App/STM32F4-Discovery/Libraries/STM32F4xx_StdPeriph_Driver/src/stm32f4xx_wwdg.c ****  ===============================================================================  
 124:App/STM32F4-Discovery/Libraries/STM32F4xx_StdPeriph_Driver/src/stm32f4xx_wwdg.c **** 
 125:App/STM32F4-Discovery/Libraries/STM32F4xx_StdPeriph_Driver/src/stm32f4xx_wwdg.c **** @endverbatim
 126:App/STM32F4-Discovery/Libraries/STM32F4xx_StdPeriph_Driver/src/stm32f4xx_wwdg.c ****   * @{
 127:App/STM32F4-Discovery/Libraries/STM32F4xx_StdPeriph_Driver/src/stm32f4xx_wwdg.c ****   */
 128:App/STM32F4-Discovery/Libraries/STM32F4xx_StdPeriph_Driver/src/stm32f4xx_wwdg.c **** 
 129:App/STM32F4-Discovery/Libraries/STM32F4xx_StdPeriph_Driver/src/stm32f4xx_wwdg.c **** /**
 130:App/STM32F4-Discovery/Libraries/STM32F4xx_StdPeriph_Driver/src/stm32f4xx_wwdg.c ****   * @brief  Deinitializes the WWDG peripheral registers to their default reset values.
 131:App/STM32F4-Discovery/Libraries/STM32F4xx_StdPeriph_Driver/src/stm32f4xx_wwdg.c ****   * @param  None
 132:App/STM32F4-Discovery/Libraries/STM32F4xx_StdPeriph_Driver/src/stm32f4xx_wwdg.c ****   * @retval None
 133:App/STM32F4-Discovery/Libraries/STM32F4xx_StdPeriph_Driver/src/stm32f4xx_wwdg.c ****   */
 134:App/STM32F4-Discovery/Libraries/STM32F4xx_StdPeriph_Driver/src/stm32f4xx_wwdg.c **** void WWDG_DeInit(void)
 135:App/STM32F4-Discovery/Libraries/STM32F4xx_StdPeriph_Driver/src/stm32f4xx_wwdg.c **** {
  28              		.loc 1 135 0
  29              		.cfi_startproc
  30              		@ args = 0, pretend = 0, frame = 0
  31              		@ frame_needed = 1, uses_anonymous_args = 0
  32 0000 80B5     		push	{r7, lr}
  33              	.LCFI0:
  34              		.cfi_def_cfa_offset 8
  35              		.cfi_offset 7, -8
  36              		.cfi_offset 14, -4
  37 0002 00AF     		add	r7, sp, #0
  38              	.LCFI1:
  39              		.cfi_def_cfa_register 7
 136:App/STM32F4-Discovery/Libraries/STM32F4xx_StdPeriph_Driver/src/stm32f4xx_wwdg.c ****   RCC_APB1PeriphResetCmd(RCC_APB1Periph_WWDG, ENABLE);
  40              		.loc 1 136 0
  41 0004 4FF40060 		mov	r0, #2048
  42 0008 4FF00101 		mov	r1, #1
  43 000c FFF7FEFF 		bl	RCC_APB1PeriphResetCmd
 137:App/STM32F4-Discovery/Libraries/STM32F4xx_StdPeriph_Driver/src/stm32f4xx_wwdg.c ****   RCC_APB1PeriphResetCmd(RCC_APB1Periph_WWDG, DISABLE);
  44              		.loc 1 137 0
  45 0010 4FF40060 		mov	r0, #2048
  46 0014 4FF00001 		mov	r1, #0
  47 0018 FFF7FEFF 		bl	RCC_APB1PeriphResetCmd
 138:App/STM32F4-Discovery/Libraries/STM32F4xx_StdPeriph_Driver/src/stm32f4xx_wwdg.c **** }
  48              		.loc 1 138 0
  49 001c 80BD     		pop	{r7, pc}
  50              		.cfi_endproc
  51              	.LFE110:
  53 001e 00BF     		.section	.rodata
  54              		.align	2
  55              	.LC0:
  56 0000 4170702F 		.ascii	"App/STM32F4-Discovery/Libraries/STM32F4xx_StdPeriph"
  56      53544D33 
  56      3246342D 
  56      44697363 
  56      6F766572 
  57 0033 5F447269 		.ascii	"_Driver/src/stm32f4xx_wwdg.c\000"
  57      7665722F 
  57      7372632F 
  57      73746D33 
  57      32663478 
  58              		.section	.text.WWDG_SetPrescaler,"ax",%progbits
  59              		.align	2
  60              		.global	WWDG_SetPrescaler
  61              		.thumb
  62              		.thumb_func
  64              	WWDG_SetPrescaler:
  65              	.LFB111:
 139:App/STM32F4-Discovery/Libraries/STM32F4xx_StdPeriph_Driver/src/stm32f4xx_wwdg.c **** 
 140:App/STM32F4-Discovery/Libraries/STM32F4xx_StdPeriph_Driver/src/stm32f4xx_wwdg.c **** /**
 141:App/STM32F4-Discovery/Libraries/STM32F4xx_StdPeriph_Driver/src/stm32f4xx_wwdg.c ****   * @brief  Sets the WWDG Prescaler.
 142:App/STM32F4-Discovery/Libraries/STM32F4xx_StdPeriph_Driver/src/stm32f4xx_wwdg.c ****   * @param  WWDG_Prescaler: specifies the WWDG Prescaler.
 143:App/STM32F4-Discovery/Libraries/STM32F4xx_StdPeriph_Driver/src/stm32f4xx_wwdg.c ****   *   This parameter can be one of the following values:
 144:App/STM32F4-Discovery/Libraries/STM32F4xx_StdPeriph_Driver/src/stm32f4xx_wwdg.c ****   *     @arg WWDG_Prescaler_1: WWDG counter clock = (PCLK1/4096)/1
 145:App/STM32F4-Discovery/Libraries/STM32F4xx_StdPeriph_Driver/src/stm32f4xx_wwdg.c ****   *     @arg WWDG_Prescaler_2: WWDG counter clock = (PCLK1/4096)/2
 146:App/STM32F4-Discovery/Libraries/STM32F4xx_StdPeriph_Driver/src/stm32f4xx_wwdg.c ****   *     @arg WWDG_Prescaler_4: WWDG counter clock = (PCLK1/4096)/4
 147:App/STM32F4-Discovery/Libraries/STM32F4xx_StdPeriph_Driver/src/stm32f4xx_wwdg.c ****   *     @arg WWDG_Prescaler_8: WWDG counter clock = (PCLK1/4096)/8
 148:App/STM32F4-Discovery/Libraries/STM32F4xx_StdPeriph_Driver/src/stm32f4xx_wwdg.c ****   * @retval None
 149:App/STM32F4-Discovery/Libraries/STM32F4xx_StdPeriph_Driver/src/stm32f4xx_wwdg.c ****   */
 150:App/STM32F4-Discovery/Libraries/STM32F4xx_StdPeriph_Driver/src/stm32f4xx_wwdg.c **** void WWDG_SetPrescaler(uint32_t WWDG_Prescaler)
 151:App/STM32F4-Discovery/Libraries/STM32F4xx_StdPeriph_Driver/src/stm32f4xx_wwdg.c **** {
  66              		.loc 1 151 0
  67              		.cfi_startproc
  68              		@ args = 0, pretend = 0, frame = 16
  69              		@ frame_needed = 1, uses_anonymous_args = 0
  70 0000 80B5     		push	{r7, lr}
  71              	.LCFI2:
  72              		.cfi_def_cfa_offset 8
  73              		.cfi_offset 7, -8
  74              		.cfi_offset 14, -4
  75 0002 84B0     		sub	sp, sp, #16
  76              	.LCFI3:
  77              		.cfi_def_cfa_offset 24
  78 0004 00AF     		add	r7, sp, #0
  79              	.LCFI4:
  80              		.cfi_def_cfa_register 7
  81 0006 7860     		str	r0, [r7, #4]
 152:App/STM32F4-Discovery/Libraries/STM32F4xx_StdPeriph_Driver/src/stm32f4xx_wwdg.c ****   uint32_t tmpreg = 0;
  82              		.loc 1 152 0
  83 0008 4FF00003 		mov	r3, #0
  84 000c FB60     		str	r3, [r7, #12]
 153:App/STM32F4-Discovery/Libraries/STM32F4xx_StdPeriph_Driver/src/stm32f4xx_wwdg.c ****   /* Check the parameters */
 154:App/STM32F4-Discovery/Libraries/STM32F4xx_StdPeriph_Driver/src/stm32f4xx_wwdg.c ****   assert_param(IS_WWDG_PRESCALER(WWDG_Prescaler));
  85              		.loc 1 154 0
  86 000e 7B68     		ldr	r3, [r7, #4]
  87 0010 002B     		cmp	r3, #0
  88 0012 12D0     		beq	.L3
  89              		.loc 1 154 0 is_stmt 0 discriminator 1
  90 0014 7B68     		ldr	r3, [r7, #4]
  91 0016 802B     		cmp	r3, #128
  92 0018 0FD0     		beq	.L3
  93              		.loc 1 154 0 discriminator 2
  94 001a 7B68     		ldr	r3, [r7, #4]
  95 001c B3F5807F 		cmp	r3, #256
  96 0020 0BD0     		beq	.L3
  97              		.loc 1 154 0 discriminator 3
  98 0022 7B68     		ldr	r3, [r7, #4]
  99 0024 B3F5C07F 		cmp	r3, #384
 100 0028 07D0     		beq	.L3
 101              		.loc 1 154 0 discriminator 4
 102 002a 40F20000 		movw	r0, #:lower16:.LC0
 103 002e C0F20000 		movt	r0, #:upper16:.LC0
 104 0032 4FF09A01 		mov	r1, #154
 105 0036 FFF7FEFF 		bl	assert_failed
 106              	.L3:
 155:App/STM32F4-Discovery/Libraries/STM32F4xx_StdPeriph_Driver/src/stm32f4xx_wwdg.c ****   /* Clear WDGTB[1:0] bits */
 156:App/STM32F4-Discovery/Libraries/STM32F4xx_StdPeriph_Driver/src/stm32f4xx_wwdg.c ****   tmpreg = WWDG->CFR & CFR_WDGTB_MASK;
 107              		.loc 1 156 0 is_stmt 1
 108 003a 4FF43053 		mov	r3, #11264
 109 003e C4F20003 		movt	r3, 16384
 110 0042 5B68     		ldr	r3, [r3, #4]
 111 0044 23F4C073 		bic	r3, r3, #384
 112 0048 FB60     		str	r3, [r7, #12]
 157:App/STM32F4-Discovery/Libraries/STM32F4xx_StdPeriph_Driver/src/stm32f4xx_wwdg.c ****   /* Set WDGTB[1:0] bits according to WWDG_Prescaler value */
 158:App/STM32F4-Discovery/Libraries/STM32F4xx_StdPeriph_Driver/src/stm32f4xx_wwdg.c ****   tmpreg |= WWDG_Prescaler;
 113              		.loc 1 158 0
 114 004a FA68     		ldr	r2, [r7, #12]
 115 004c 7B68     		ldr	r3, [r7, #4]
 116 004e 1343     		orrs	r3, r3, r2
 117 0050 FB60     		str	r3, [r7, #12]
 159:App/STM32F4-Discovery/Libraries/STM32F4xx_StdPeriph_Driver/src/stm32f4xx_wwdg.c ****   /* Store the new value */
 160:App/STM32F4-Discovery/Libraries/STM32F4xx_StdPeriph_Driver/src/stm32f4xx_wwdg.c ****   WWDG->CFR = tmpreg;
 118              		.loc 1 160 0
 119 0052 4FF43053 		mov	r3, #11264
 120 0056 C4F20003 		movt	r3, 16384
 121 005a FA68     		ldr	r2, [r7, #12]
 122 005c 5A60     		str	r2, [r3, #4]
 161:App/STM32F4-Discovery/Libraries/STM32F4xx_StdPeriph_Driver/src/stm32f4xx_wwdg.c **** }
 123              		.loc 1 161 0
 124 005e 07F11007 		add	r7, r7, #16
 125 0062 BD46     		mov	sp, r7
 126 0064 80BD     		pop	{r7, pc}
 127              		.cfi_endproc
 128              	.LFE111:
 130 0066 00BF     		.section	.text.WWDG_SetWindowValue,"ax",%progbits
 131              		.align	2
 132              		.global	WWDG_SetWindowValue
 133              		.thumb
 134              		.thumb_func
 136              	WWDG_SetWindowValue:
 137              	.LFB112:
 162:App/STM32F4-Discovery/Libraries/STM32F4xx_StdPeriph_Driver/src/stm32f4xx_wwdg.c **** 
 163:App/STM32F4-Discovery/Libraries/STM32F4xx_StdPeriph_Driver/src/stm32f4xx_wwdg.c **** /**
 164:App/STM32F4-Discovery/Libraries/STM32F4xx_StdPeriph_Driver/src/stm32f4xx_wwdg.c ****   * @brief  Sets the WWDG window value.
 165:App/STM32F4-Discovery/Libraries/STM32F4xx_StdPeriph_Driver/src/stm32f4xx_wwdg.c ****   * @param  WindowValue: specifies the window value to be compared to the downcounter.
 166:App/STM32F4-Discovery/Libraries/STM32F4xx_StdPeriph_Driver/src/stm32f4xx_wwdg.c ****   *   This parameter value must be lower than 0x80.
 167:App/STM32F4-Discovery/Libraries/STM32F4xx_StdPeriph_Driver/src/stm32f4xx_wwdg.c ****   * @retval None
 168:App/STM32F4-Discovery/Libraries/STM32F4xx_StdPeriph_Driver/src/stm32f4xx_wwdg.c ****   */
 169:App/STM32F4-Discovery/Libraries/STM32F4xx_StdPeriph_Driver/src/stm32f4xx_wwdg.c **** void WWDG_SetWindowValue(uint8_t WindowValue)
 170:App/STM32F4-Discovery/Libraries/STM32F4xx_StdPeriph_Driver/src/stm32f4xx_wwdg.c **** {
 138              		.loc 1 170 0
 139              		.cfi_startproc
 140              		@ args = 0, pretend = 0, frame = 16
 141              		@ frame_needed = 1, uses_anonymous_args = 0
 142 0000 80B5     		push	{r7, lr}
 143              	.LCFI5:
 144              		.cfi_def_cfa_offset 8
 145              		.cfi_offset 7, -8
 146              		.cfi_offset 14, -4
 147 0002 84B0     		sub	sp, sp, #16
 148              	.LCFI6:
 149              		.cfi_def_cfa_offset 24
 150 0004 00AF     		add	r7, sp, #0
 151              	.LCFI7:
 152              		.cfi_def_cfa_register 7
 153 0006 0346     		mov	r3, r0
 154 0008 FB71     		strb	r3, [r7, #7]
 171:App/STM32F4-Discovery/Libraries/STM32F4xx_StdPeriph_Driver/src/stm32f4xx_wwdg.c ****   __IO uint32_t tmpreg = 0;
 155              		.loc 1 171 0
 156 000a 4FF00003 		mov	r3, #0
 157 000e FB60     		str	r3, [r7, #12]
 172:App/STM32F4-Discovery/Libraries/STM32F4xx_StdPeriph_Driver/src/stm32f4xx_wwdg.c **** 
 173:App/STM32F4-Discovery/Libraries/STM32F4xx_StdPeriph_Driver/src/stm32f4xx_wwdg.c ****   /* Check the parameters */
 174:App/STM32F4-Discovery/Libraries/STM32F4xx_StdPeriph_Driver/src/stm32f4xx_wwdg.c ****   assert_param(IS_WWDG_WINDOW_VALUE(WindowValue));
 158              		.loc 1 174 0
 159 0010 FB79     		ldrb	r3, [r7, #7]	@ zero_extendqisi2
 160 0012 5BB2     		sxtb	r3, r3
 161 0014 002B     		cmp	r3, #0
 162 0016 07DA     		bge	.L5
 163              		.loc 1 174 0 is_stmt 0 discriminator 1
 164 0018 40F20000 		movw	r0, #:lower16:.LC0
 165 001c C0F20000 		movt	r0, #:upper16:.LC0
 166 0020 4FF0AE01 		mov	r1, #174
 167 0024 FFF7FEFF 		bl	assert_failed
 168              	.L5:
 175:App/STM32F4-Discovery/Libraries/STM32F4xx_StdPeriph_Driver/src/stm32f4xx_wwdg.c ****   /* Clear W[6:0] bits */
 176:App/STM32F4-Discovery/Libraries/STM32F4xx_StdPeriph_Driver/src/stm32f4xx_wwdg.c **** 
 177:App/STM32F4-Discovery/Libraries/STM32F4xx_StdPeriph_Driver/src/stm32f4xx_wwdg.c ****   tmpreg = WWDG->CFR & CFR_W_MASK;
 169              		.loc 1 177 0 is_stmt 1
 170 0028 4FF43053 		mov	r3, #11264
 171 002c C4F20003 		movt	r3, 16384
 172 0030 5B68     		ldr	r3, [r3, #4]
 173 0032 23F07F03 		bic	r3, r3, #127
 174 0036 FB60     		str	r3, [r7, #12]
 178:App/STM32F4-Discovery/Libraries/STM32F4xx_StdPeriph_Driver/src/stm32f4xx_wwdg.c **** 
 179:App/STM32F4-Discovery/Libraries/STM32F4xx_StdPeriph_Driver/src/stm32f4xx_wwdg.c ****   /* Set W[6:0] bits according to WindowValue value */
 180:App/STM32F4-Discovery/Libraries/STM32F4xx_StdPeriph_Driver/src/stm32f4xx_wwdg.c ****   tmpreg |= WindowValue & (uint32_t) BIT_MASK;
 175              		.loc 1 180 0
 176 0038 FB79     		ldrb	r3, [r7, #7]	@ zero_extendqisi2
 177 003a 03F07F02 		and	r2, r3, #127
 178 003e FB68     		ldr	r3, [r7, #12]
 179 0040 1343     		orrs	r3, r3, r2
 180 0042 FB60     		str	r3, [r7, #12]
 181:App/STM32F4-Discovery/Libraries/STM32F4xx_StdPeriph_Driver/src/stm32f4xx_wwdg.c **** 
 182:App/STM32F4-Discovery/Libraries/STM32F4xx_StdPeriph_Driver/src/stm32f4xx_wwdg.c ****   /* Store the new value */
 183:App/STM32F4-Discovery/Libraries/STM32F4xx_StdPeriph_Driver/src/stm32f4xx_wwdg.c ****   WWDG->CFR = tmpreg;
 181              		.loc 1 183 0
 182 0044 4FF43053 		mov	r3, #11264
 183 0048 C4F20003 		movt	r3, 16384
 184 004c FA68     		ldr	r2, [r7, #12]
 185 004e 5A60     		str	r2, [r3, #4]
 184:App/STM32F4-Discovery/Libraries/STM32F4xx_StdPeriph_Driver/src/stm32f4xx_wwdg.c **** }
 186              		.loc 1 184 0
 187 0050 07F11007 		add	r7, r7, #16
 188 0054 BD46     		mov	sp, r7
 189 0056 80BD     		pop	{r7, pc}
 190              		.cfi_endproc
 191              	.LFE112:
 193              		.section	.text.WWDG_EnableIT,"ax",%progbits
 194              		.align	2
 195              		.global	WWDG_EnableIT
 196              		.thumb
 197              		.thumb_func
 199              	WWDG_EnableIT:
 200              	.LFB113:
 185:App/STM32F4-Discovery/Libraries/STM32F4xx_StdPeriph_Driver/src/stm32f4xx_wwdg.c **** 
 186:App/STM32F4-Discovery/Libraries/STM32F4xx_StdPeriph_Driver/src/stm32f4xx_wwdg.c **** /**
 187:App/STM32F4-Discovery/Libraries/STM32F4xx_StdPeriph_Driver/src/stm32f4xx_wwdg.c ****   * @brief  Enables the WWDG Early Wakeup interrupt(EWI).
 188:App/STM32F4-Discovery/Libraries/STM32F4xx_StdPeriph_Driver/src/stm32f4xx_wwdg.c ****   * @note   Once enabled this interrupt cannot be disabled except by a system reset.
 189:App/STM32F4-Discovery/Libraries/STM32F4xx_StdPeriph_Driver/src/stm32f4xx_wwdg.c ****   * @param  None
 190:App/STM32F4-Discovery/Libraries/STM32F4xx_StdPeriph_Driver/src/stm32f4xx_wwdg.c ****   * @retval None
 191:App/STM32F4-Discovery/Libraries/STM32F4xx_StdPeriph_Driver/src/stm32f4xx_wwdg.c ****   */
 192:App/STM32F4-Discovery/Libraries/STM32F4xx_StdPeriph_Driver/src/stm32f4xx_wwdg.c **** void WWDG_EnableIT(void)
 193:App/STM32F4-Discovery/Libraries/STM32F4xx_StdPeriph_Driver/src/stm32f4xx_wwdg.c **** {
 201              		.loc 1 193 0
 202              		.cfi_startproc
 203              		@ args = 0, pretend = 0, frame = 0
 204              		@ frame_needed = 1, uses_anonymous_args = 0
 205              		@ link register save eliminated.
 206 0000 80B4     		push	{r7}
 207              	.LCFI8:
 208              		.cfi_def_cfa_offset 4
 209              		.cfi_offset 7, -4
 210 0002 00AF     		add	r7, sp, #0
 211              	.LCFI9:
 212              		.cfi_def_cfa_register 7
 194:App/STM32F4-Discovery/Libraries/STM32F4xx_StdPeriph_Driver/src/stm32f4xx_wwdg.c ****   *(__IO uint32_t *) CFR_EWI_BB = (uint32_t)ENABLE;
 213              		.loc 1 194 0
 214 0004 48F2A403 		movw	r3, #32932
 215 0008 C4F20523 		movt	r3, 16901
 216 000c 4FF00102 		mov	r2, #1
 217 0010 1A60     		str	r2, [r3, #0]
 195:App/STM32F4-Discovery/Libraries/STM32F4xx_StdPeriph_Driver/src/stm32f4xx_wwdg.c **** }
 218              		.loc 1 195 0
 219 0012 BD46     		mov	sp, r7
 220 0014 80BC     		pop	{r7}
 221 0016 7047     		bx	lr
 222              		.cfi_endproc
 223              	.LFE113:
 225              		.section	.text.WWDG_SetCounter,"ax",%progbits
 226              		.align	2
 227              		.global	WWDG_SetCounter
 228              		.thumb
 229              		.thumb_func
 231              	WWDG_SetCounter:
 232              	.LFB114:
 196:App/STM32F4-Discovery/Libraries/STM32F4xx_StdPeriph_Driver/src/stm32f4xx_wwdg.c **** 
 197:App/STM32F4-Discovery/Libraries/STM32F4xx_StdPeriph_Driver/src/stm32f4xx_wwdg.c **** /**
 198:App/STM32F4-Discovery/Libraries/STM32F4xx_StdPeriph_Driver/src/stm32f4xx_wwdg.c ****   * @brief  Sets the WWDG counter value.
 199:App/STM32F4-Discovery/Libraries/STM32F4xx_StdPeriph_Driver/src/stm32f4xx_wwdg.c ****   * @param  Counter: specifies the watchdog counter value.
 200:App/STM32F4-Discovery/Libraries/STM32F4xx_StdPeriph_Driver/src/stm32f4xx_wwdg.c ****   *   This parameter must be a number between 0x40 and 0x7F (to prevent generating
 201:App/STM32F4-Discovery/Libraries/STM32F4xx_StdPeriph_Driver/src/stm32f4xx_wwdg.c ****   *   an immediate reset) 
 202:App/STM32F4-Discovery/Libraries/STM32F4xx_StdPeriph_Driver/src/stm32f4xx_wwdg.c ****   * @retval None
 203:App/STM32F4-Discovery/Libraries/STM32F4xx_StdPeriph_Driver/src/stm32f4xx_wwdg.c ****   */
 204:App/STM32F4-Discovery/Libraries/STM32F4xx_StdPeriph_Driver/src/stm32f4xx_wwdg.c **** void WWDG_SetCounter(uint8_t Counter)
 205:App/STM32F4-Discovery/Libraries/STM32F4xx_StdPeriph_Driver/src/stm32f4xx_wwdg.c **** {
 233              		.loc 1 205 0
 234              		.cfi_startproc
 235              		@ args = 0, pretend = 0, frame = 8
 236              		@ frame_needed = 1, uses_anonymous_args = 0
 237 0000 80B5     		push	{r7, lr}
 238              	.LCFI10:
 239              		.cfi_def_cfa_offset 8
 240              		.cfi_offset 7, -8
 241              		.cfi_offset 14, -4
 242 0002 82B0     		sub	sp, sp, #8
 243              	.LCFI11:
 244              		.cfi_def_cfa_offset 16
 245 0004 00AF     		add	r7, sp, #0
 246              	.LCFI12:
 247              		.cfi_def_cfa_register 7
 248 0006 0346     		mov	r3, r0
 249 0008 FB71     		strb	r3, [r7, #7]
 206:App/STM32F4-Discovery/Libraries/STM32F4xx_StdPeriph_Driver/src/stm32f4xx_wwdg.c ****   /* Check the parameters */
 207:App/STM32F4-Discovery/Libraries/STM32F4xx_StdPeriph_Driver/src/stm32f4xx_wwdg.c ****   assert_param(IS_WWDG_COUNTER(Counter));
 250              		.loc 1 207 0
 251 000a FB79     		ldrb	r3, [r7, #7]	@ zero_extendqisi2
 252 000c 3F2B     		cmp	r3, #63
 253 000e 03D9     		bls	.L8
 254              		.loc 1 207 0 is_stmt 0 discriminator 2
 255 0010 FB79     		ldrb	r3, [r7, #7]	@ zero_extendqisi2
 256 0012 5BB2     		sxtb	r3, r3
 257 0014 002B     		cmp	r3, #0
 258 0016 07DA     		bge	.L9
 259              	.L8:
 260              		.loc 1 207 0 discriminator 1
 261 0018 40F20000 		movw	r0, #:lower16:.LC0
 262 001c C0F20000 		movt	r0, #:upper16:.LC0
 263 0020 4FF0CF01 		mov	r1, #207
 264 0024 FFF7FEFF 		bl	assert_failed
 265              	.L9:
 208:App/STM32F4-Discovery/Libraries/STM32F4xx_StdPeriph_Driver/src/stm32f4xx_wwdg.c ****   /* Write to T[6:0] bits to configure the counter value, no need to do
 209:App/STM32F4-Discovery/Libraries/STM32F4xx_StdPeriph_Driver/src/stm32f4xx_wwdg.c ****      a read-modify-write; writing a 0 to WDGA bit does nothing */
 210:App/STM32F4-Discovery/Libraries/STM32F4xx_StdPeriph_Driver/src/stm32f4xx_wwdg.c ****   WWDG->CR = Counter & BIT_MASK;
 266              		.loc 1 210 0 is_stmt 1
 267 0028 4FF43053 		mov	r3, #11264
 268 002c C4F20003 		movt	r3, 16384
 269 0030 FA79     		ldrb	r2, [r7, #7]	@ zero_extendqisi2
 270 0032 02F07F02 		and	r2, r2, #127
 271 0036 1A60     		str	r2, [r3, #0]
 211:App/STM32F4-Discovery/Libraries/STM32F4xx_StdPeriph_Driver/src/stm32f4xx_wwdg.c **** }
 272              		.loc 1 211 0
 273 0038 07F10807 		add	r7, r7, #8
 274 003c BD46     		mov	sp, r7
 275 003e 80BD     		pop	{r7, pc}
 276              		.cfi_endproc
 277              	.LFE114:
 279              		.section	.text.WWDG_Enable,"ax",%progbits
 280              		.align	2
 281              		.global	WWDG_Enable
 282              		.thumb
 283              		.thumb_func
 285              	WWDG_Enable:
 286              	.LFB115:
 212:App/STM32F4-Discovery/Libraries/STM32F4xx_StdPeriph_Driver/src/stm32f4xx_wwdg.c **** /**
 213:App/STM32F4-Discovery/Libraries/STM32F4xx_StdPeriph_Driver/src/stm32f4xx_wwdg.c ****   * @}
 214:App/STM32F4-Discovery/Libraries/STM32F4xx_StdPeriph_Driver/src/stm32f4xx_wwdg.c ****   */
 215:App/STM32F4-Discovery/Libraries/STM32F4xx_StdPeriph_Driver/src/stm32f4xx_wwdg.c **** 
 216:App/STM32F4-Discovery/Libraries/STM32F4xx_StdPeriph_Driver/src/stm32f4xx_wwdg.c **** /** @defgroup WWDG_Group2 WWDG activation functions
 217:App/STM32F4-Discovery/Libraries/STM32F4xx_StdPeriph_Driver/src/stm32f4xx_wwdg.c ****  *  @brief   WWDG activation functions 
 218:App/STM32F4-Discovery/Libraries/STM32F4xx_StdPeriph_Driver/src/stm32f4xx_wwdg.c ****  *
 219:App/STM32F4-Discovery/Libraries/STM32F4xx_StdPeriph_Driver/src/stm32f4xx_wwdg.c **** @verbatim   
 220:App/STM32F4-Discovery/Libraries/STM32F4xx_StdPeriph_Driver/src/stm32f4xx_wwdg.c ****  ===============================================================================
 221:App/STM32F4-Discovery/Libraries/STM32F4xx_StdPeriph_Driver/src/stm32f4xx_wwdg.c ****                        WWDG activation function
 222:App/STM32F4-Discovery/Libraries/STM32F4xx_StdPeriph_Driver/src/stm32f4xx_wwdg.c ****  ===============================================================================  
 223:App/STM32F4-Discovery/Libraries/STM32F4xx_StdPeriph_Driver/src/stm32f4xx_wwdg.c **** 
 224:App/STM32F4-Discovery/Libraries/STM32F4xx_StdPeriph_Driver/src/stm32f4xx_wwdg.c **** @endverbatim
 225:App/STM32F4-Discovery/Libraries/STM32F4xx_StdPeriph_Driver/src/stm32f4xx_wwdg.c ****   * @{
 226:App/STM32F4-Discovery/Libraries/STM32F4xx_StdPeriph_Driver/src/stm32f4xx_wwdg.c ****   */
 227:App/STM32F4-Discovery/Libraries/STM32F4xx_StdPeriph_Driver/src/stm32f4xx_wwdg.c **** 
 228:App/STM32F4-Discovery/Libraries/STM32F4xx_StdPeriph_Driver/src/stm32f4xx_wwdg.c **** /**
 229:App/STM32F4-Discovery/Libraries/STM32F4xx_StdPeriph_Driver/src/stm32f4xx_wwdg.c ****   * @brief  Enables WWDG and load the counter value.                  
 230:App/STM32F4-Discovery/Libraries/STM32F4xx_StdPeriph_Driver/src/stm32f4xx_wwdg.c ****   * @param  Counter: specifies the watchdog counter value.
 231:App/STM32F4-Discovery/Libraries/STM32F4xx_StdPeriph_Driver/src/stm32f4xx_wwdg.c ****   *   This parameter must be a number between 0x40 and 0x7F (to prevent generating
 232:App/STM32F4-Discovery/Libraries/STM32F4xx_StdPeriph_Driver/src/stm32f4xx_wwdg.c ****   *   an immediate reset)
 233:App/STM32F4-Discovery/Libraries/STM32F4xx_StdPeriph_Driver/src/stm32f4xx_wwdg.c ****   * @retval None
 234:App/STM32F4-Discovery/Libraries/STM32F4xx_StdPeriph_Driver/src/stm32f4xx_wwdg.c ****   */
 235:App/STM32F4-Discovery/Libraries/STM32F4xx_StdPeriph_Driver/src/stm32f4xx_wwdg.c **** void WWDG_Enable(uint8_t Counter)
 236:App/STM32F4-Discovery/Libraries/STM32F4xx_StdPeriph_Driver/src/stm32f4xx_wwdg.c **** {
 287              		.loc 1 236 0
 288              		.cfi_startproc
 289              		@ args = 0, pretend = 0, frame = 8
 290              		@ frame_needed = 1, uses_anonymous_args = 0
 291 0000 80B5     		push	{r7, lr}
 292              	.LCFI13:
 293              		.cfi_def_cfa_offset 8
 294              		.cfi_offset 7, -8
 295              		.cfi_offset 14, -4
 296 0002 82B0     		sub	sp, sp, #8
 297              	.LCFI14:
 298              		.cfi_def_cfa_offset 16
 299 0004 00AF     		add	r7, sp, #0
 300              	.LCFI15:
 301              		.cfi_def_cfa_register 7
 302 0006 0346     		mov	r3, r0
 303 0008 FB71     		strb	r3, [r7, #7]
 237:App/STM32F4-Discovery/Libraries/STM32F4xx_StdPeriph_Driver/src/stm32f4xx_wwdg.c ****   /* Check the parameters */
 238:App/STM32F4-Discovery/Libraries/STM32F4xx_StdPeriph_Driver/src/stm32f4xx_wwdg.c ****   assert_param(IS_WWDG_COUNTER(Counter));
 304              		.loc 1 238 0
 305 000a FB79     		ldrb	r3, [r7, #7]	@ zero_extendqisi2
 306 000c 3F2B     		cmp	r3, #63
 307 000e 03D9     		bls	.L11
 308              		.loc 1 238 0 is_stmt 0 discriminator 2
 309 0010 FB79     		ldrb	r3, [r7, #7]	@ zero_extendqisi2
 310 0012 5BB2     		sxtb	r3, r3
 311 0014 002B     		cmp	r3, #0
 312 0016 07DA     		bge	.L12
 313              	.L11:
 314              		.loc 1 238 0 discriminator 1
 315 0018 40F20000 		movw	r0, #:lower16:.LC0
 316 001c C0F20000 		movt	r0, #:upper16:.LC0
 317 0020 4FF0EE01 		mov	r1, #238
 318 0024 FFF7FEFF 		bl	assert_failed
 319              	.L12:
 239:App/STM32F4-Discovery/Libraries/STM32F4xx_StdPeriph_Driver/src/stm32f4xx_wwdg.c ****   WWDG->CR = WWDG_CR_WDGA | Counter;
 320              		.loc 1 239 0 is_stmt 1
 321 0028 4FF43053 		mov	r3, #11264
 322 002c C4F20003 		movt	r3, 16384
 323 0030 FA79     		ldrb	r2, [r7, #7]
 324 0032 62F07F02 		orn	r2, r2, #127
 325 0036 D2B2     		uxtb	r2, r2
 326 0038 1A60     		str	r2, [r3, #0]
 240:App/STM32F4-Discovery/Libraries/STM32F4xx_StdPeriph_Driver/src/stm32f4xx_wwdg.c **** }
 327              		.loc 1 240 0
 328 003a 07F10807 		add	r7, r7, #8
 329 003e BD46     		mov	sp, r7
 330 0040 80BD     		pop	{r7, pc}
 331              		.cfi_endproc
 332              	.LFE115:
 334 0042 00BF     		.section	.text.WWDG_GetFlagStatus,"ax",%progbits
 335              		.align	2
 336              		.global	WWDG_GetFlagStatus
 337              		.thumb
 338              		.thumb_func
 340              	WWDG_GetFlagStatus:
 341              	.LFB116:
 241:App/STM32F4-Discovery/Libraries/STM32F4xx_StdPeriph_Driver/src/stm32f4xx_wwdg.c **** /**
 242:App/STM32F4-Discovery/Libraries/STM32F4xx_StdPeriph_Driver/src/stm32f4xx_wwdg.c ****   * @}
 243:App/STM32F4-Discovery/Libraries/STM32F4xx_StdPeriph_Driver/src/stm32f4xx_wwdg.c ****   */
 244:App/STM32F4-Discovery/Libraries/STM32F4xx_StdPeriph_Driver/src/stm32f4xx_wwdg.c **** 
 245:App/STM32F4-Discovery/Libraries/STM32F4xx_StdPeriph_Driver/src/stm32f4xx_wwdg.c **** /** @defgroup WWDG_Group3 Interrupts and flags management functions
 246:App/STM32F4-Discovery/Libraries/STM32F4xx_StdPeriph_Driver/src/stm32f4xx_wwdg.c ****  *  @brief   Interrupts and flags management functions 
 247:App/STM32F4-Discovery/Libraries/STM32F4xx_StdPeriph_Driver/src/stm32f4xx_wwdg.c ****  *
 248:App/STM32F4-Discovery/Libraries/STM32F4xx_StdPeriph_Driver/src/stm32f4xx_wwdg.c **** @verbatim   
 249:App/STM32F4-Discovery/Libraries/STM32F4xx_StdPeriph_Driver/src/stm32f4xx_wwdg.c ****  ===============================================================================
 250:App/STM32F4-Discovery/Libraries/STM32F4xx_StdPeriph_Driver/src/stm32f4xx_wwdg.c ****                  Interrupts and flags management functions
 251:App/STM32F4-Discovery/Libraries/STM32F4xx_StdPeriph_Driver/src/stm32f4xx_wwdg.c ****  ===============================================================================  
 252:App/STM32F4-Discovery/Libraries/STM32F4xx_StdPeriph_Driver/src/stm32f4xx_wwdg.c **** 
 253:App/STM32F4-Discovery/Libraries/STM32F4xx_StdPeriph_Driver/src/stm32f4xx_wwdg.c **** @endverbatim
 254:App/STM32F4-Discovery/Libraries/STM32F4xx_StdPeriph_Driver/src/stm32f4xx_wwdg.c ****   * @{
 255:App/STM32F4-Discovery/Libraries/STM32F4xx_StdPeriph_Driver/src/stm32f4xx_wwdg.c ****   */
 256:App/STM32F4-Discovery/Libraries/STM32F4xx_StdPeriph_Driver/src/stm32f4xx_wwdg.c **** 
 257:App/STM32F4-Discovery/Libraries/STM32F4xx_StdPeriph_Driver/src/stm32f4xx_wwdg.c **** /**
 258:App/STM32F4-Discovery/Libraries/STM32F4xx_StdPeriph_Driver/src/stm32f4xx_wwdg.c ****   * @brief  Checks whether the Early Wakeup interrupt flag is set or not.
 259:App/STM32F4-Discovery/Libraries/STM32F4xx_StdPeriph_Driver/src/stm32f4xx_wwdg.c ****   * @param  None
 260:App/STM32F4-Discovery/Libraries/STM32F4xx_StdPeriph_Driver/src/stm32f4xx_wwdg.c ****   * @retval The new state of the Early Wakeup interrupt flag (SET or RESET)
 261:App/STM32F4-Discovery/Libraries/STM32F4xx_StdPeriph_Driver/src/stm32f4xx_wwdg.c ****   */
 262:App/STM32F4-Discovery/Libraries/STM32F4xx_StdPeriph_Driver/src/stm32f4xx_wwdg.c **** FlagStatus WWDG_GetFlagStatus(void)
 263:App/STM32F4-Discovery/Libraries/STM32F4xx_StdPeriph_Driver/src/stm32f4xx_wwdg.c **** {
 342              		.loc 1 263 0
 343              		.cfi_startproc
 344              		@ args = 0, pretend = 0, frame = 8
 345              		@ frame_needed = 1, uses_anonymous_args = 0
 346              		@ link register save eliminated.
 347 0000 80B4     		push	{r7}
 348              	.LCFI16:
 349              		.cfi_def_cfa_offset 4
 350              		.cfi_offset 7, -4
 351 0002 83B0     		sub	sp, sp, #12
 352              	.LCFI17:
 353              		.cfi_def_cfa_offset 16
 354 0004 00AF     		add	r7, sp, #0
 355              	.LCFI18:
 356              		.cfi_def_cfa_register 7
 264:App/STM32F4-Discovery/Libraries/STM32F4xx_StdPeriph_Driver/src/stm32f4xx_wwdg.c ****   FlagStatus bitstatus = RESET;
 357              		.loc 1 264 0
 358 0006 4FF00003 		mov	r3, #0
 359 000a FB71     		strb	r3, [r7, #7]
 265:App/STM32F4-Discovery/Libraries/STM32F4xx_StdPeriph_Driver/src/stm32f4xx_wwdg.c ****     
 266:App/STM32F4-Discovery/Libraries/STM32F4xx_StdPeriph_Driver/src/stm32f4xx_wwdg.c ****   if ((WWDG->SR) != (uint32_t)RESET)
 360              		.loc 1 266 0
 361 000c 4FF43053 		mov	r3, #11264
 362 0010 C4F20003 		movt	r3, 16384
 363 0014 9B68     		ldr	r3, [r3, #8]
 364 0016 002B     		cmp	r3, #0
 365 0018 03D0     		beq	.L14
 267:App/STM32F4-Discovery/Libraries/STM32F4xx_StdPeriph_Driver/src/stm32f4xx_wwdg.c ****   {
 268:App/STM32F4-Discovery/Libraries/STM32F4xx_StdPeriph_Driver/src/stm32f4xx_wwdg.c ****     bitstatus = SET;
 366              		.loc 1 268 0
 367 001a 4FF00103 		mov	r3, #1
 368 001e FB71     		strb	r3, [r7, #7]
 369 0020 02E0     		b	.L15
 370              	.L14:
 269:App/STM32F4-Discovery/Libraries/STM32F4xx_StdPeriph_Driver/src/stm32f4xx_wwdg.c ****   }
 270:App/STM32F4-Discovery/Libraries/STM32F4xx_StdPeriph_Driver/src/stm32f4xx_wwdg.c ****   else
 271:App/STM32F4-Discovery/Libraries/STM32F4xx_StdPeriph_Driver/src/stm32f4xx_wwdg.c ****   {
 272:App/STM32F4-Discovery/Libraries/STM32F4xx_StdPeriph_Driver/src/stm32f4xx_wwdg.c ****     bitstatus = RESET;
 371              		.loc 1 272 0
 372 0022 4FF00003 		mov	r3, #0
 373 0026 FB71     		strb	r3, [r7, #7]
 374              	.L15:
 273:App/STM32F4-Discovery/Libraries/STM32F4xx_StdPeriph_Driver/src/stm32f4xx_wwdg.c ****   }
 274:App/STM32F4-Discovery/Libraries/STM32F4xx_StdPeriph_Driver/src/stm32f4xx_wwdg.c ****   return bitstatus;
 375              		.loc 1 274 0
 376 0028 FB79     		ldrb	r3, [r7, #7]	@ zero_extendqisi2
 275:App/STM32F4-Discovery/Libraries/STM32F4xx_StdPeriph_Driver/src/stm32f4xx_wwdg.c **** }
 377              		.loc 1 275 0
 378 002a 1846     		mov	r0, r3
 379 002c 07F10C07 		add	r7, r7, #12
 380 0030 BD46     		mov	sp, r7
 381 0032 80BC     		pop	{r7}
 382 0034 7047     		bx	lr
 383              		.cfi_endproc
 384              	.LFE116:
 386 0036 00BF     		.section	.text.WWDG_ClearFlag,"ax",%progbits
 387              		.align	2
 388              		.global	WWDG_ClearFlag
 389              		.thumb
 390              		.thumb_func
 392              	WWDG_ClearFlag:
 393              	.LFB117:
 276:App/STM32F4-Discovery/Libraries/STM32F4xx_StdPeriph_Driver/src/stm32f4xx_wwdg.c **** 
 277:App/STM32F4-Discovery/Libraries/STM32F4xx_StdPeriph_Driver/src/stm32f4xx_wwdg.c **** /**
 278:App/STM32F4-Discovery/Libraries/STM32F4xx_StdPeriph_Driver/src/stm32f4xx_wwdg.c ****   * @brief  Clears Early Wakeup interrupt flag.
 279:App/STM32F4-Discovery/Libraries/STM32F4xx_StdPeriph_Driver/src/stm32f4xx_wwdg.c ****   * @param  None
 280:App/STM32F4-Discovery/Libraries/STM32F4xx_StdPeriph_Driver/src/stm32f4xx_wwdg.c ****   * @retval None
 281:App/STM32F4-Discovery/Libraries/STM32F4xx_StdPeriph_Driver/src/stm32f4xx_wwdg.c ****   */
 282:App/STM32F4-Discovery/Libraries/STM32F4xx_StdPeriph_Driver/src/stm32f4xx_wwdg.c **** void WWDG_ClearFlag(void)
 283:App/STM32F4-Discovery/Libraries/STM32F4xx_StdPeriph_Driver/src/stm32f4xx_wwdg.c **** {
 394              		.loc 1 283 0
 395              		.cfi_startproc
 396              		@ args = 0, pretend = 0, frame = 0
 397              		@ frame_needed = 1, uses_anonymous_args = 0
 398              		@ link register save eliminated.
 399 0000 80B4     		push	{r7}
 400              	.LCFI19:
 401              		.cfi_def_cfa_offset 4
 402              		.cfi_offset 7, -4
 403 0002 00AF     		add	r7, sp, #0
 404              	.LCFI20:
 405              		.cfi_def_cfa_register 7
 284:App/STM32F4-Discovery/Libraries/STM32F4xx_StdPeriph_Driver/src/stm32f4xx_wwdg.c ****   WWDG->SR = (uint32_t)RESET;
 406              		.loc 1 284 0
 407 0004 4FF43053 		mov	r3, #11264
 408 0008 C4F20003 		movt	r3, 16384
 409 000c 4FF00002 		mov	r2, #0
 410 0010 9A60     		str	r2, [r3, #8]
 285:App/STM32F4-Discovery/Libraries/STM32F4xx_StdPeriph_Driver/src/stm32f4xx_wwdg.c **** }
 411              		.loc 1 285 0
 412 0012 BD46     		mov	sp, r7
 413 0014 80BC     		pop	{r7}
 414 0016 7047     		bx	lr
 415              		.cfi_endproc
 416              	.LFE117:
 418              		.text
 419              	.Letext0:
 420              		.file 2 "/home/thanhtruong/embedded-development/toolchain/gcc-arm-none-eabi-4_7-2013q1/bin/../lib/
 421              		.file 3 "App/STM32F4-Discovery/Libraries/CMSIS/ST/STM32F4xx/Include/stm32f4xx.h"
 422              		.file 4 "App/STM32F4-Discovery/Libraries/CMSIS/Include/core_cm4.h"
DEFINED SYMBOLS
                            *ABS*:00000000 stm32f4xx_wwdg.c
     /tmp/cc7sAlxg.s:20     .text.WWDG_DeInit:00000000 $t
     /tmp/cc7sAlxg.s:25     .text.WWDG_DeInit:00000000 WWDG_DeInit
     /tmp/cc7sAlxg.s:54     .rodata:00000000 $d
     /tmp/cc7sAlxg.s:55     .rodata:00000000 .LC0
     /tmp/cc7sAlxg.s:59     .text.WWDG_SetPrescaler:00000000 $t
     /tmp/cc7sAlxg.s:64     .text.WWDG_SetPrescaler:00000000 WWDG_SetPrescaler
     /tmp/cc7sAlxg.s:131    .text.WWDG_SetWindowValue:00000000 $t
     /tmp/cc7sAlxg.s:136    .text.WWDG_SetWindowValue:00000000 WWDG_SetWindowValue
     /tmp/cc7sAlxg.s:194    .text.WWDG_EnableIT:00000000 $t
     /tmp/cc7sAlxg.s:199    .text.WWDG_EnableIT:00000000 WWDG_EnableIT
     /tmp/cc7sAlxg.s:226    .text.WWDG_SetCounter:00000000 $t
     /tmp/cc7sAlxg.s:231    .text.WWDG_SetCounter:00000000 WWDG_SetCounter
     /tmp/cc7sAlxg.s:280    .text.WWDG_Enable:00000000 $t
     /tmp/cc7sAlxg.s:285    .text.WWDG_Enable:00000000 WWDG_Enable
     /tmp/cc7sAlxg.s:335    .text.WWDG_GetFlagStatus:00000000 $t
     /tmp/cc7sAlxg.s:340    .text.WWDG_GetFlagStatus:00000000 WWDG_GetFlagStatus
     /tmp/cc7sAlxg.s:387    .text.WWDG_ClearFlag:00000000 $t
     /tmp/cc7sAlxg.s:392    .text.WWDG_ClearFlag:00000000 WWDG_ClearFlag
                     .debug_frame:00000010 $d

UNDEFINED SYMBOLS
RCC_APB1PeriphResetCmd
assert_failed
