   1              		.syntax unified
   2              		.cpu cortex-m4
   3              		.eabi_attribute 27, 3
   4              		.fpu fpv4-sp-d16
   5              		.eabi_attribute 20, 1
   6              		.eabi_attribute 21, 1
   7              		.eabi_attribute 23, 3
   8              		.eabi_attribute 24, 1
   9              		.eabi_attribute 25, 1
  10              		.eabi_attribute 26, 1
  11              		.eabi_attribute 30, 6
  12              		.eabi_attribute 34, 1
  13              		.eabi_attribute 18, 4
  14              		.thumb
  15              		.file	"stm32f4xx_rng.c"
  16              		.text
  17              	.Ltext0:
  18              		.cfi_sections	.debug_frame
  19              		.section	.text.RNG_DeInit,"ax",%progbits
  20              		.align	2
  21              		.global	RNG_DeInit
  22              		.thumb
  23              		.thumb_func
  25              	RNG_DeInit:
  26              	.LFB110:
  27              		.file 1 "App/STM32F4-Discovery/Libraries/STM32F4xx_StdPeriph_Driver/src/stm32f4xx_rng.c"
   1:App/STM32F4-Discovery/Libraries/STM32F4xx_StdPeriph_Driver/src/stm32f4xx_rng.c **** /**
   2:App/STM32F4-Discovery/Libraries/STM32F4xx_StdPeriph_Driver/src/stm32f4xx_rng.c ****   ******************************************************************************
   3:App/STM32F4-Discovery/Libraries/STM32F4xx_StdPeriph_Driver/src/stm32f4xx_rng.c ****   * @file    stm32f4xx_rng.c
   4:App/STM32F4-Discovery/Libraries/STM32F4xx_StdPeriph_Driver/src/stm32f4xx_rng.c ****   * @author  MCD Application Team
   5:App/STM32F4-Discovery/Libraries/STM32F4xx_StdPeriph_Driver/src/stm32f4xx_rng.c ****   * @version V1.0.0
   6:App/STM32F4-Discovery/Libraries/STM32F4xx_StdPeriph_Driver/src/stm32f4xx_rng.c ****   * @date    30-September-2011
   7:App/STM32F4-Discovery/Libraries/STM32F4xx_StdPeriph_Driver/src/stm32f4xx_rng.c ****     * @brief This file provides firmware functions to manage the following 
   8:App/STM32F4-Discovery/Libraries/STM32F4xx_StdPeriph_Driver/src/stm32f4xx_rng.c ****   *          functionalities of the Random Number Generator (RNG) peripheral:           
   9:App/STM32F4-Discovery/Libraries/STM32F4xx_StdPeriph_Driver/src/stm32f4xx_rng.c ****   *           - Initialization and Configuration 
  10:App/STM32F4-Discovery/Libraries/STM32F4xx_StdPeriph_Driver/src/stm32f4xx_rng.c ****   *           - Get 32 bit Random number      
  11:App/STM32F4-Discovery/Libraries/STM32F4xx_StdPeriph_Driver/src/stm32f4xx_rng.c ****   *           - Interrupts and flags management       
  12:App/STM32F4-Discovery/Libraries/STM32F4xx_StdPeriph_Driver/src/stm32f4xx_rng.c ****   *         
  13:App/STM32F4-Discovery/Libraries/STM32F4xx_StdPeriph_Driver/src/stm32f4xx_rng.c ****   *  @verbatim
  14:App/STM32F4-Discovery/Libraries/STM32F4xx_StdPeriph_Driver/src/stm32f4xx_rng.c ****   *                               
  15:App/STM32F4-Discovery/Libraries/STM32F4xx_StdPeriph_Driver/src/stm32f4xx_rng.c ****   *          ===================================================================      
  16:App/STM32F4-Discovery/Libraries/STM32F4xx_StdPeriph_Driver/src/stm32f4xx_rng.c ****   *                                   How to use this driver
  17:App/STM32F4-Discovery/Libraries/STM32F4xx_StdPeriph_Driver/src/stm32f4xx_rng.c ****   *          ===================================================================          
  18:App/STM32F4-Discovery/Libraries/STM32F4xx_StdPeriph_Driver/src/stm32f4xx_rng.c ****   *          1. Enable The RNG controller clock using 
  19:App/STM32F4-Discovery/Libraries/STM32F4xx_StdPeriph_Driver/src/stm32f4xx_rng.c ****   *            RCC_AHB2PeriphClockCmd(RCC_AHB2Periph_RNG, ENABLE) function.
  20:App/STM32F4-Discovery/Libraries/STM32F4xx_StdPeriph_Driver/src/stm32f4xx_rng.c ****   *              
  21:App/STM32F4-Discovery/Libraries/STM32F4xx_StdPeriph_Driver/src/stm32f4xx_rng.c ****   *          2. Activate the RNG peripheral using RNG_Cmd() function.
  22:App/STM32F4-Discovery/Libraries/STM32F4xx_StdPeriph_Driver/src/stm32f4xx_rng.c ****   *          
  23:App/STM32F4-Discovery/Libraries/STM32F4xx_StdPeriph_Driver/src/stm32f4xx_rng.c ****   *          3. Wait until the 32 bit Random number Generator contains a valid 
  24:App/STM32F4-Discovery/Libraries/STM32F4xx_StdPeriph_Driver/src/stm32f4xx_rng.c ****   *            random data (using polling/interrupt mode). For more details, 
  25:App/STM32F4-Discovery/Libraries/STM32F4xx_StdPeriph_Driver/src/stm32f4xx_rng.c ****   *            refer to "Interrupts and flags management functions" module 
  26:App/STM32F4-Discovery/Libraries/STM32F4xx_StdPeriph_Driver/src/stm32f4xx_rng.c ****   *            description.
  27:App/STM32F4-Discovery/Libraries/STM32F4xx_StdPeriph_Driver/src/stm32f4xx_rng.c ****   *           
  28:App/STM32F4-Discovery/Libraries/STM32F4xx_StdPeriph_Driver/src/stm32f4xx_rng.c ****   *          4. Get the 32 bit Random number using RNG_GetRandomNumber() function
  29:App/STM32F4-Discovery/Libraries/STM32F4xx_StdPeriph_Driver/src/stm32f4xx_rng.c ****   *          
  30:App/STM32F4-Discovery/Libraries/STM32F4xx_StdPeriph_Driver/src/stm32f4xx_rng.c ****   *          5. To get another 32 bit Random number, go to step 3.       
  31:App/STM32F4-Discovery/Libraries/STM32F4xx_StdPeriph_Driver/src/stm32f4xx_rng.c ****   *
  32:App/STM32F4-Discovery/Libraries/STM32F4xx_StdPeriph_Driver/src/stm32f4xx_rng.c ****   *         
  33:App/STM32F4-Discovery/Libraries/STM32F4xx_StdPeriph_Driver/src/stm32f4xx_rng.c ****   *              
  34:App/STM32F4-Discovery/Libraries/STM32F4xx_StdPeriph_Driver/src/stm32f4xx_rng.c ****   *  @endverbatim
  35:App/STM32F4-Discovery/Libraries/STM32F4xx_StdPeriph_Driver/src/stm32f4xx_rng.c ****   *         
  36:App/STM32F4-Discovery/Libraries/STM32F4xx_StdPeriph_Driver/src/stm32f4xx_rng.c ****   ******************************************************************************
  37:App/STM32F4-Discovery/Libraries/STM32F4xx_StdPeriph_Driver/src/stm32f4xx_rng.c ****   * @attention
  38:App/STM32F4-Discovery/Libraries/STM32F4xx_StdPeriph_Driver/src/stm32f4xx_rng.c ****   *
  39:App/STM32F4-Discovery/Libraries/STM32F4xx_StdPeriph_Driver/src/stm32f4xx_rng.c ****   * THE PRESENT FIRMWARE WHICH IS FOR GUIDANCE ONLY AIMS AT PROVIDING CUSTOMERS
  40:App/STM32F4-Discovery/Libraries/STM32F4xx_StdPeriph_Driver/src/stm32f4xx_rng.c ****   * WITH CODING INFORMATION REGARDING THEIR PRODUCTS IN ORDER FOR THEM TO SAVE
  41:App/STM32F4-Discovery/Libraries/STM32F4xx_StdPeriph_Driver/src/stm32f4xx_rng.c ****   * TIME. AS A RESULT, STMICROELECTRONICS SHALL NOT BE HELD LIABLE FOR ANY
  42:App/STM32F4-Discovery/Libraries/STM32F4xx_StdPeriph_Driver/src/stm32f4xx_rng.c ****   * DIRECT, INDIRECT OR CONSEQUENTIAL DAMAGES WITH RESPECT TO ANY CLAIMS ARISING
  43:App/STM32F4-Discovery/Libraries/STM32F4xx_StdPeriph_Driver/src/stm32f4xx_rng.c ****   * FROM THE CONTENT OF SUCH FIRMWARE AND/OR THE USE MADE BY CUSTOMERS OF THE
  44:App/STM32F4-Discovery/Libraries/STM32F4xx_StdPeriph_Driver/src/stm32f4xx_rng.c ****   * CODING INFORMATION CONTAINED HEREIN IN CONNECTION WITH THEIR PRODUCTS.
  45:App/STM32F4-Discovery/Libraries/STM32F4xx_StdPeriph_Driver/src/stm32f4xx_rng.c ****   *
  46:App/STM32F4-Discovery/Libraries/STM32F4xx_StdPeriph_Driver/src/stm32f4xx_rng.c ****   * <h2><center>&copy; COPYRIGHT 2011 STMicroelectronics</center></h2>
  47:App/STM32F4-Discovery/Libraries/STM32F4xx_StdPeriph_Driver/src/stm32f4xx_rng.c ****   ******************************************************************************  
  48:App/STM32F4-Discovery/Libraries/STM32F4xx_StdPeriph_Driver/src/stm32f4xx_rng.c ****   */
  49:App/STM32F4-Discovery/Libraries/STM32F4xx_StdPeriph_Driver/src/stm32f4xx_rng.c **** 
  50:App/STM32F4-Discovery/Libraries/STM32F4xx_StdPeriph_Driver/src/stm32f4xx_rng.c **** /* Includes ------------------------------------------------------------------*/
  51:App/STM32F4-Discovery/Libraries/STM32F4xx_StdPeriph_Driver/src/stm32f4xx_rng.c **** #include "stm32f4xx_rng.h"
  52:App/STM32F4-Discovery/Libraries/STM32F4xx_StdPeriph_Driver/src/stm32f4xx_rng.c **** #include "stm32f4xx_rcc.h"
  53:App/STM32F4-Discovery/Libraries/STM32F4xx_StdPeriph_Driver/src/stm32f4xx_rng.c **** 
  54:App/STM32F4-Discovery/Libraries/STM32F4xx_StdPeriph_Driver/src/stm32f4xx_rng.c **** /** @addtogroup STM32F4xx_StdPeriph_Driver
  55:App/STM32F4-Discovery/Libraries/STM32F4xx_StdPeriph_Driver/src/stm32f4xx_rng.c ****   * @{
  56:App/STM32F4-Discovery/Libraries/STM32F4xx_StdPeriph_Driver/src/stm32f4xx_rng.c ****   */
  57:App/STM32F4-Discovery/Libraries/STM32F4xx_StdPeriph_Driver/src/stm32f4xx_rng.c **** 
  58:App/STM32F4-Discovery/Libraries/STM32F4xx_StdPeriph_Driver/src/stm32f4xx_rng.c **** /** @defgroup RNG 
  59:App/STM32F4-Discovery/Libraries/STM32F4xx_StdPeriph_Driver/src/stm32f4xx_rng.c ****   * @brief RNG driver modules
  60:App/STM32F4-Discovery/Libraries/STM32F4xx_StdPeriph_Driver/src/stm32f4xx_rng.c ****   * @{
  61:App/STM32F4-Discovery/Libraries/STM32F4xx_StdPeriph_Driver/src/stm32f4xx_rng.c ****   */ 
  62:App/STM32F4-Discovery/Libraries/STM32F4xx_StdPeriph_Driver/src/stm32f4xx_rng.c **** 
  63:App/STM32F4-Discovery/Libraries/STM32F4xx_StdPeriph_Driver/src/stm32f4xx_rng.c **** /* Private typedef -----------------------------------------------------------*/
  64:App/STM32F4-Discovery/Libraries/STM32F4xx_StdPeriph_Driver/src/stm32f4xx_rng.c **** /* Private define ------------------------------------------------------------*/
  65:App/STM32F4-Discovery/Libraries/STM32F4xx_StdPeriph_Driver/src/stm32f4xx_rng.c **** /* Private macro -------------------------------------------------------------*/
  66:App/STM32F4-Discovery/Libraries/STM32F4xx_StdPeriph_Driver/src/stm32f4xx_rng.c **** /* Private variables ---------------------------------------------------------*/
  67:App/STM32F4-Discovery/Libraries/STM32F4xx_StdPeriph_Driver/src/stm32f4xx_rng.c **** /* Private function prototypes -----------------------------------------------*/
  68:App/STM32F4-Discovery/Libraries/STM32F4xx_StdPeriph_Driver/src/stm32f4xx_rng.c **** /* Private functions ---------------------------------------------------------*/
  69:App/STM32F4-Discovery/Libraries/STM32F4xx_StdPeriph_Driver/src/stm32f4xx_rng.c **** 
  70:App/STM32F4-Discovery/Libraries/STM32F4xx_StdPeriph_Driver/src/stm32f4xx_rng.c **** /** @defgroup RNG_Private_Functions
  71:App/STM32F4-Discovery/Libraries/STM32F4xx_StdPeriph_Driver/src/stm32f4xx_rng.c ****   * @{
  72:App/STM32F4-Discovery/Libraries/STM32F4xx_StdPeriph_Driver/src/stm32f4xx_rng.c ****   */ 
  73:App/STM32F4-Discovery/Libraries/STM32F4xx_StdPeriph_Driver/src/stm32f4xx_rng.c **** 
  74:App/STM32F4-Discovery/Libraries/STM32F4xx_StdPeriph_Driver/src/stm32f4xx_rng.c **** /** @defgroup RNG_Group1 Initialization and Configuration functions
  75:App/STM32F4-Discovery/Libraries/STM32F4xx_StdPeriph_Driver/src/stm32f4xx_rng.c ****  *  @brief    Initialization and Configuration functions 
  76:App/STM32F4-Discovery/Libraries/STM32F4xx_StdPeriph_Driver/src/stm32f4xx_rng.c ****  *
  77:App/STM32F4-Discovery/Libraries/STM32F4xx_StdPeriph_Driver/src/stm32f4xx_rng.c **** @verbatim    
  78:App/STM32F4-Discovery/Libraries/STM32F4xx_StdPeriph_Driver/src/stm32f4xx_rng.c ****  ===============================================================================
  79:App/STM32F4-Discovery/Libraries/STM32F4xx_StdPeriph_Driver/src/stm32f4xx_rng.c ****                       Initialization and Configuration functions
  80:App/STM32F4-Discovery/Libraries/STM32F4xx_StdPeriph_Driver/src/stm32f4xx_rng.c ****  ===============================================================================  
  81:App/STM32F4-Discovery/Libraries/STM32F4xx_StdPeriph_Driver/src/stm32f4xx_rng.c ****   This section provides functions allowing to 
  82:App/STM32F4-Discovery/Libraries/STM32F4xx_StdPeriph_Driver/src/stm32f4xx_rng.c ****    - Initialize the RNG peripheral
  83:App/STM32F4-Discovery/Libraries/STM32F4xx_StdPeriph_Driver/src/stm32f4xx_rng.c ****    - Enable or disable the RNG peripheral
  84:App/STM32F4-Discovery/Libraries/STM32F4xx_StdPeriph_Driver/src/stm32f4xx_rng.c ****    
  85:App/STM32F4-Discovery/Libraries/STM32F4xx_StdPeriph_Driver/src/stm32f4xx_rng.c **** @endverbatim
  86:App/STM32F4-Discovery/Libraries/STM32F4xx_StdPeriph_Driver/src/stm32f4xx_rng.c ****   * @{
  87:App/STM32F4-Discovery/Libraries/STM32F4xx_StdPeriph_Driver/src/stm32f4xx_rng.c ****   */
  88:App/STM32F4-Discovery/Libraries/STM32F4xx_StdPeriph_Driver/src/stm32f4xx_rng.c **** 
  89:App/STM32F4-Discovery/Libraries/STM32F4xx_StdPeriph_Driver/src/stm32f4xx_rng.c **** /**
  90:App/STM32F4-Discovery/Libraries/STM32F4xx_StdPeriph_Driver/src/stm32f4xx_rng.c ****   * @brief  Deinitializes the RNG peripheral registers to their default reset values.
  91:App/STM32F4-Discovery/Libraries/STM32F4xx_StdPeriph_Driver/src/stm32f4xx_rng.c ****   * @param  None
  92:App/STM32F4-Discovery/Libraries/STM32F4xx_StdPeriph_Driver/src/stm32f4xx_rng.c ****   * @retval None
  93:App/STM32F4-Discovery/Libraries/STM32F4xx_StdPeriph_Driver/src/stm32f4xx_rng.c ****   */
  94:App/STM32F4-Discovery/Libraries/STM32F4xx_StdPeriph_Driver/src/stm32f4xx_rng.c **** void RNG_DeInit(void)
  95:App/STM32F4-Discovery/Libraries/STM32F4xx_StdPeriph_Driver/src/stm32f4xx_rng.c **** {
  28              		.loc 1 95 0
  29              		.cfi_startproc
  30              		@ args = 0, pretend = 0, frame = 0
  31              		@ frame_needed = 1, uses_anonymous_args = 0
  32 0000 80B5     		push	{r7, lr}
  33              	.LCFI0:
  34              		.cfi_def_cfa_offset 8
  35              		.cfi_offset 7, -8
  36              		.cfi_offset 14, -4
  37 0002 00AF     		add	r7, sp, #0
  38              	.LCFI1:
  39              		.cfi_def_cfa_register 7
  96:App/STM32F4-Discovery/Libraries/STM32F4xx_StdPeriph_Driver/src/stm32f4xx_rng.c ****   /* Enable RNG reset state */
  97:App/STM32F4-Discovery/Libraries/STM32F4xx_StdPeriph_Driver/src/stm32f4xx_rng.c ****   RCC_AHB2PeriphResetCmd(RCC_AHB2Periph_RNG, ENABLE);
  40              		.loc 1 97 0
  41 0004 4FF04000 		mov	r0, #64
  42 0008 4FF00101 		mov	r1, #1
  43 000c FFF7FEFF 		bl	RCC_AHB2PeriphResetCmd
  98:App/STM32F4-Discovery/Libraries/STM32F4xx_StdPeriph_Driver/src/stm32f4xx_rng.c **** 
  99:App/STM32F4-Discovery/Libraries/STM32F4xx_StdPeriph_Driver/src/stm32f4xx_rng.c ****   /* Release RNG from reset state */
 100:App/STM32F4-Discovery/Libraries/STM32F4xx_StdPeriph_Driver/src/stm32f4xx_rng.c ****   RCC_AHB2PeriphResetCmd(RCC_AHB2Periph_RNG, DISABLE);
  44              		.loc 1 100 0
  45 0010 4FF04000 		mov	r0, #64
  46 0014 4FF00001 		mov	r1, #0
  47 0018 FFF7FEFF 		bl	RCC_AHB2PeriphResetCmd
 101:App/STM32F4-Discovery/Libraries/STM32F4xx_StdPeriph_Driver/src/stm32f4xx_rng.c **** }
  48              		.loc 1 101 0
  49 001c 80BD     		pop	{r7, pc}
  50              		.cfi_endproc
  51              	.LFE110:
  53 001e 00BF     		.section	.rodata
  54              		.align	2
  55              	.LC0:
  56 0000 4170702F 		.ascii	"App/STM32F4-Discovery/Libraries/STM32F4xx_StdPeriph"
  56      53544D33 
  56      3246342D 
  56      44697363 
  56      6F766572 
  57 0033 5F447269 		.ascii	"_Driver/src/stm32f4xx_rng.c\000"
  57      7665722F 
  57      7372632F 
  57      73746D33 
  57      32663478 
  58 004f 00       		.section	.text.RNG_Cmd,"ax",%progbits
  59              		.align	2
  60              		.global	RNG_Cmd
  61              		.thumb
  62              		.thumb_func
  64              	RNG_Cmd:
  65              	.LFB111:
 102:App/STM32F4-Discovery/Libraries/STM32F4xx_StdPeriph_Driver/src/stm32f4xx_rng.c **** 
 103:App/STM32F4-Discovery/Libraries/STM32F4xx_StdPeriph_Driver/src/stm32f4xx_rng.c **** /**
 104:App/STM32F4-Discovery/Libraries/STM32F4xx_StdPeriph_Driver/src/stm32f4xx_rng.c ****   * @brief  Enables or disables the RNG peripheral.
 105:App/STM32F4-Discovery/Libraries/STM32F4xx_StdPeriph_Driver/src/stm32f4xx_rng.c ****   * @param  NewState: new state of the RNG peripheral.
 106:App/STM32F4-Discovery/Libraries/STM32F4xx_StdPeriph_Driver/src/stm32f4xx_rng.c ****   *          This parameter can be: ENABLE or DISABLE.
 107:App/STM32F4-Discovery/Libraries/STM32F4xx_StdPeriph_Driver/src/stm32f4xx_rng.c ****   * @retval None
 108:App/STM32F4-Discovery/Libraries/STM32F4xx_StdPeriph_Driver/src/stm32f4xx_rng.c ****   */
 109:App/STM32F4-Discovery/Libraries/STM32F4xx_StdPeriph_Driver/src/stm32f4xx_rng.c **** void RNG_Cmd(FunctionalState NewState)
 110:App/STM32F4-Discovery/Libraries/STM32F4xx_StdPeriph_Driver/src/stm32f4xx_rng.c **** {
  66              		.loc 1 110 0
  67              		.cfi_startproc
  68              		@ args = 0, pretend = 0, frame = 8
  69              		@ frame_needed = 1, uses_anonymous_args = 0
  70 0000 80B5     		push	{r7, lr}
  71              	.LCFI2:
  72              		.cfi_def_cfa_offset 8
  73              		.cfi_offset 7, -8
  74              		.cfi_offset 14, -4
  75 0002 82B0     		sub	sp, sp, #8
  76              	.LCFI3:
  77              		.cfi_def_cfa_offset 16
  78 0004 00AF     		add	r7, sp, #0
  79              	.LCFI4:
  80              		.cfi_def_cfa_register 7
  81 0006 0346     		mov	r3, r0
  82 0008 FB71     		strb	r3, [r7, #7]
 111:App/STM32F4-Discovery/Libraries/STM32F4xx_StdPeriph_Driver/src/stm32f4xx_rng.c ****   /* Check the parameters */
 112:App/STM32F4-Discovery/Libraries/STM32F4xx_StdPeriph_Driver/src/stm32f4xx_rng.c ****   assert_param(IS_FUNCTIONAL_STATE(NewState));
  83              		.loc 1 112 0
  84 000a FB79     		ldrb	r3, [r7, #7]	@ zero_extendqisi2
  85 000c 002B     		cmp	r3, #0
  86 000e 0AD0     		beq	.L3
  87              		.loc 1 112 0 is_stmt 0 discriminator 1
  88 0010 FB79     		ldrb	r3, [r7, #7]	@ zero_extendqisi2
  89 0012 012B     		cmp	r3, #1
  90 0014 07D0     		beq	.L3
  91              		.loc 1 112 0 discriminator 2
  92 0016 40F20000 		movw	r0, #:lower16:.LC0
  93 001a C0F20000 		movt	r0, #:upper16:.LC0
  94 001e 4FF07001 		mov	r1, #112
  95 0022 FFF7FEFF 		bl	assert_failed
  96              	.L3:
 113:App/STM32F4-Discovery/Libraries/STM32F4xx_StdPeriph_Driver/src/stm32f4xx_rng.c **** 
 114:App/STM32F4-Discovery/Libraries/STM32F4xx_StdPeriph_Driver/src/stm32f4xx_rng.c ****   if (NewState != DISABLE)
  97              		.loc 1 114 0 is_stmt 1
  98 0026 FB79     		ldrb	r3, [r7, #7]	@ zero_extendqisi2
  99 0028 002B     		cmp	r3, #0
 100 002a 0CD0     		beq	.L4
 115:App/STM32F4-Discovery/Libraries/STM32F4xx_StdPeriph_Driver/src/stm32f4xx_rng.c ****   {
 116:App/STM32F4-Discovery/Libraries/STM32F4xx_StdPeriph_Driver/src/stm32f4xx_rng.c ****     /* Enable the RNG */
 117:App/STM32F4-Discovery/Libraries/STM32F4xx_StdPeriph_Driver/src/stm32f4xx_rng.c ****     RNG->CR |= RNG_CR_RNGEN;
 101              		.loc 1 117 0
 102 002c 4FF40063 		mov	r3, #2048
 103 0030 C5F20603 		movt	r3, 20486
 104 0034 4FF40062 		mov	r2, #2048
 105 0038 C5F20602 		movt	r2, 20486
 106 003c 1268     		ldr	r2, [r2, #0]
 107 003e 42F00402 		orr	r2, r2, #4
 108 0042 1A60     		str	r2, [r3, #0]
 109 0044 0BE0     		b	.L2
 110              	.L4:
 118:App/STM32F4-Discovery/Libraries/STM32F4xx_StdPeriph_Driver/src/stm32f4xx_rng.c ****   }
 119:App/STM32F4-Discovery/Libraries/STM32F4xx_StdPeriph_Driver/src/stm32f4xx_rng.c ****   else
 120:App/STM32F4-Discovery/Libraries/STM32F4xx_StdPeriph_Driver/src/stm32f4xx_rng.c ****   {
 121:App/STM32F4-Discovery/Libraries/STM32F4xx_StdPeriph_Driver/src/stm32f4xx_rng.c ****     /* Disable the RNG */
 122:App/STM32F4-Discovery/Libraries/STM32F4xx_StdPeriph_Driver/src/stm32f4xx_rng.c ****     RNG->CR &= ~RNG_CR_RNGEN;
 111              		.loc 1 122 0
 112 0046 4FF40063 		mov	r3, #2048
 113 004a C5F20603 		movt	r3, 20486
 114 004e 4FF40062 		mov	r2, #2048
 115 0052 C5F20602 		movt	r2, 20486
 116 0056 1268     		ldr	r2, [r2, #0]
 117 0058 22F00402 		bic	r2, r2, #4
 118 005c 1A60     		str	r2, [r3, #0]
 119              	.L2:
 123:App/STM32F4-Discovery/Libraries/STM32F4xx_StdPeriph_Driver/src/stm32f4xx_rng.c ****   }
 124:App/STM32F4-Discovery/Libraries/STM32F4xx_StdPeriph_Driver/src/stm32f4xx_rng.c **** }
 120              		.loc 1 124 0
 121 005e 07F10807 		add	r7, r7, #8
 122 0062 BD46     		mov	sp, r7
 123 0064 80BD     		pop	{r7, pc}
 124              		.cfi_endproc
 125              	.LFE111:
 127 0066 00BF     		.section	.text.RNG_GetRandomNumber,"ax",%progbits
 128              		.align	2
 129              		.global	RNG_GetRandomNumber
 130              		.thumb
 131              		.thumb_func
 133              	RNG_GetRandomNumber:
 134              	.LFB112:
 125:App/STM32F4-Discovery/Libraries/STM32F4xx_StdPeriph_Driver/src/stm32f4xx_rng.c **** /**
 126:App/STM32F4-Discovery/Libraries/STM32F4xx_StdPeriph_Driver/src/stm32f4xx_rng.c ****   * @}
 127:App/STM32F4-Discovery/Libraries/STM32F4xx_StdPeriph_Driver/src/stm32f4xx_rng.c ****   */
 128:App/STM32F4-Discovery/Libraries/STM32F4xx_StdPeriph_Driver/src/stm32f4xx_rng.c **** 
 129:App/STM32F4-Discovery/Libraries/STM32F4xx_StdPeriph_Driver/src/stm32f4xx_rng.c **** /** @defgroup RNG_Group2 Get 32 bit Random number function
 130:App/STM32F4-Discovery/Libraries/STM32F4xx_StdPeriph_Driver/src/stm32f4xx_rng.c ****  *  @brief    Get 32 bit Random number function 
 131:App/STM32F4-Discovery/Libraries/STM32F4xx_StdPeriph_Driver/src/stm32f4xx_rng.c ****  *
 132:App/STM32F4-Discovery/Libraries/STM32F4xx_StdPeriph_Driver/src/stm32f4xx_rng.c **** 
 133:App/STM32F4-Discovery/Libraries/STM32F4xx_StdPeriph_Driver/src/stm32f4xx_rng.c **** @verbatim    
 134:App/STM32F4-Discovery/Libraries/STM32F4xx_StdPeriph_Driver/src/stm32f4xx_rng.c ****  ===============================================================================
 135:App/STM32F4-Discovery/Libraries/STM32F4xx_StdPeriph_Driver/src/stm32f4xx_rng.c ****                       Get 32 bit Random number function
 136:App/STM32F4-Discovery/Libraries/STM32F4xx_StdPeriph_Driver/src/stm32f4xx_rng.c ****  ===============================================================================  
 137:App/STM32F4-Discovery/Libraries/STM32F4xx_StdPeriph_Driver/src/stm32f4xx_rng.c ****   This section provides a function allowing to get the 32 bit Random number  
 138:App/STM32F4-Discovery/Libraries/STM32F4xx_StdPeriph_Driver/src/stm32f4xx_rng.c ****   
 139:App/STM32F4-Discovery/Libraries/STM32F4xx_StdPeriph_Driver/src/stm32f4xx_rng.c ****   @note  Before to call this function you have to wait till DRDY flag is set,
 140:App/STM32F4-Discovery/Libraries/STM32F4xx_StdPeriph_Driver/src/stm32f4xx_rng.c ****          using RNG_GetFlagStatus(RNG_FLAG_DRDY) function. 
 141:App/STM32F4-Discovery/Libraries/STM32F4xx_StdPeriph_Driver/src/stm32f4xx_rng.c ****    
 142:App/STM32F4-Discovery/Libraries/STM32F4xx_StdPeriph_Driver/src/stm32f4xx_rng.c **** @endverbatim
 143:App/STM32F4-Discovery/Libraries/STM32F4xx_StdPeriph_Driver/src/stm32f4xx_rng.c ****   * @{
 144:App/STM32F4-Discovery/Libraries/STM32F4xx_StdPeriph_Driver/src/stm32f4xx_rng.c ****   */
 145:App/STM32F4-Discovery/Libraries/STM32F4xx_StdPeriph_Driver/src/stm32f4xx_rng.c **** 
 146:App/STM32F4-Discovery/Libraries/STM32F4xx_StdPeriph_Driver/src/stm32f4xx_rng.c **** 
 147:App/STM32F4-Discovery/Libraries/STM32F4xx_StdPeriph_Driver/src/stm32f4xx_rng.c **** /**
 148:App/STM32F4-Discovery/Libraries/STM32F4xx_StdPeriph_Driver/src/stm32f4xx_rng.c ****   * @brief  Returns a 32-bit random number.
 149:App/STM32F4-Discovery/Libraries/STM32F4xx_StdPeriph_Driver/src/stm32f4xx_rng.c ****   *   
 150:App/STM32F4-Discovery/Libraries/STM32F4xx_StdPeriph_Driver/src/stm32f4xx_rng.c ****   * @note   Before to call this function you have to wait till DRDY (data ready)
 151:App/STM32F4-Discovery/Libraries/STM32F4xx_StdPeriph_Driver/src/stm32f4xx_rng.c ****   *         flag is set, using RNG_GetFlagStatus(RNG_FLAG_DRDY) function.
 152:App/STM32F4-Discovery/Libraries/STM32F4xx_StdPeriph_Driver/src/stm32f4xx_rng.c ****   * @note   Each time the the Random number data is read (using RNG_GetRandomNumber()
 153:App/STM32F4-Discovery/Libraries/STM32F4xx_StdPeriph_Driver/src/stm32f4xx_rng.c ****   *         function), the RNG_FLAG_DRDY flag is automatically cleared.
 154:App/STM32F4-Discovery/Libraries/STM32F4xx_StdPeriph_Driver/src/stm32f4xx_rng.c ****   * @note   In the case of a seed error, the generation of random numbers is 
 155:App/STM32F4-Discovery/Libraries/STM32F4xx_StdPeriph_Driver/src/stm32f4xx_rng.c ****   *         interrupted for as long as the SECS bit is '1'. If a number is 
 156:App/STM32F4-Discovery/Libraries/STM32F4xx_StdPeriph_Driver/src/stm32f4xx_rng.c ****   *         available in the RNG_DR register, it must not be used because it may 
 157:App/STM32F4-Discovery/Libraries/STM32F4xx_StdPeriph_Driver/src/stm32f4xx_rng.c ****   *         not have enough entropy. In this case, it is recommended to clear the 
 158:App/STM32F4-Discovery/Libraries/STM32F4xx_StdPeriph_Driver/src/stm32f4xx_rng.c ****   *         SEIS bit(using RNG_ClearFlag(RNG_FLAG_SECS) function), then disable 
 159:App/STM32F4-Discovery/Libraries/STM32F4xx_StdPeriph_Driver/src/stm32f4xx_rng.c ****   *         and enable the RNG peripheral (using RNG_Cmd() function) to 
 160:App/STM32F4-Discovery/Libraries/STM32F4xx_StdPeriph_Driver/src/stm32f4xx_rng.c ****   *         reinitialize and restart the RNG.
 161:App/STM32F4-Discovery/Libraries/STM32F4xx_StdPeriph_Driver/src/stm32f4xx_rng.c ****   * @note   In the case of a clock error, the RNG is no more able to generate 
 162:App/STM32F4-Discovery/Libraries/STM32F4xx_StdPeriph_Driver/src/stm32f4xx_rng.c ****   *         random numbers because the PLL48CLK clock is not correct. User have 
 163:App/STM32F4-Discovery/Libraries/STM32F4xx_StdPeriph_Driver/src/stm32f4xx_rng.c ****   *         to check that the clock controller is correctly configured to provide
 164:App/STM32F4-Discovery/Libraries/STM32F4xx_StdPeriph_Driver/src/stm32f4xx_rng.c ****   *         the RNG clock and clear the CEIS bit (using RNG_ClearFlag(RNG_FLAG_CECS) 
 165:App/STM32F4-Discovery/Libraries/STM32F4xx_StdPeriph_Driver/src/stm32f4xx_rng.c ****   *         function) . The clock error has no impact on the previously generated 
 166:App/STM32F4-Discovery/Libraries/STM32F4xx_StdPeriph_Driver/src/stm32f4xx_rng.c ****   *         random numbers, and the RNG_DR register contents can be used.
 167:App/STM32F4-Discovery/Libraries/STM32F4xx_StdPeriph_Driver/src/stm32f4xx_rng.c ****   *         
 168:App/STM32F4-Discovery/Libraries/STM32F4xx_StdPeriph_Driver/src/stm32f4xx_rng.c ****   * @param  None
 169:App/STM32F4-Discovery/Libraries/STM32F4xx_StdPeriph_Driver/src/stm32f4xx_rng.c ****   * @retval 32-bit random number.
 170:App/STM32F4-Discovery/Libraries/STM32F4xx_StdPeriph_Driver/src/stm32f4xx_rng.c ****   */
 171:App/STM32F4-Discovery/Libraries/STM32F4xx_StdPeriph_Driver/src/stm32f4xx_rng.c **** uint32_t RNG_GetRandomNumber(void)
 172:App/STM32F4-Discovery/Libraries/STM32F4xx_StdPeriph_Driver/src/stm32f4xx_rng.c **** {
 135              		.loc 1 172 0
 136              		.cfi_startproc
 137              		@ args = 0, pretend = 0, frame = 0
 138              		@ frame_needed = 1, uses_anonymous_args = 0
 139              		@ link register save eliminated.
 140 0000 80B4     		push	{r7}
 141              	.LCFI5:
 142              		.cfi_def_cfa_offset 4
 143              		.cfi_offset 7, -4
 144 0002 00AF     		add	r7, sp, #0
 145              	.LCFI6:
 146              		.cfi_def_cfa_register 7
 173:App/STM32F4-Discovery/Libraries/STM32F4xx_StdPeriph_Driver/src/stm32f4xx_rng.c ****   /* Return the 32 bit random number from the DR register */
 174:App/STM32F4-Discovery/Libraries/STM32F4xx_StdPeriph_Driver/src/stm32f4xx_rng.c ****   return RNG->DR;
 147              		.loc 1 174 0
 148 0004 4FF40063 		mov	r3, #2048
 149 0008 C5F20603 		movt	r3, 20486
 150 000c 9B68     		ldr	r3, [r3, #8]
 175:App/STM32F4-Discovery/Libraries/STM32F4xx_StdPeriph_Driver/src/stm32f4xx_rng.c **** }
 151              		.loc 1 175 0
 152 000e 1846     		mov	r0, r3
 153 0010 BD46     		mov	sp, r7
 154 0012 80BC     		pop	{r7}
 155 0014 7047     		bx	lr
 156              		.cfi_endproc
 157              	.LFE112:
 159 0016 00BF     		.section	.text.RNG_ITConfig,"ax",%progbits
 160              		.align	2
 161              		.global	RNG_ITConfig
 162              		.thumb
 163              		.thumb_func
 165              	RNG_ITConfig:
 166              	.LFB113:
 176:App/STM32F4-Discovery/Libraries/STM32F4xx_StdPeriph_Driver/src/stm32f4xx_rng.c **** 
 177:App/STM32F4-Discovery/Libraries/STM32F4xx_StdPeriph_Driver/src/stm32f4xx_rng.c **** 
 178:App/STM32F4-Discovery/Libraries/STM32F4xx_StdPeriph_Driver/src/stm32f4xx_rng.c **** /**
 179:App/STM32F4-Discovery/Libraries/STM32F4xx_StdPeriph_Driver/src/stm32f4xx_rng.c ****   * @}
 180:App/STM32F4-Discovery/Libraries/STM32F4xx_StdPeriph_Driver/src/stm32f4xx_rng.c ****   */
 181:App/STM32F4-Discovery/Libraries/STM32F4xx_StdPeriph_Driver/src/stm32f4xx_rng.c **** 
 182:App/STM32F4-Discovery/Libraries/STM32F4xx_StdPeriph_Driver/src/stm32f4xx_rng.c **** /** @defgroup RNG_Group3 Interrupts and flags management functions
 183:App/STM32F4-Discovery/Libraries/STM32F4xx_StdPeriph_Driver/src/stm32f4xx_rng.c ****  *  @brief   Interrupts and flags management functions
 184:App/STM32F4-Discovery/Libraries/STM32F4xx_StdPeriph_Driver/src/stm32f4xx_rng.c ****  *
 185:App/STM32F4-Discovery/Libraries/STM32F4xx_StdPeriph_Driver/src/stm32f4xx_rng.c **** @verbatim   
 186:App/STM32F4-Discovery/Libraries/STM32F4xx_StdPeriph_Driver/src/stm32f4xx_rng.c ****  ===============================================================================
 187:App/STM32F4-Discovery/Libraries/STM32F4xx_StdPeriph_Driver/src/stm32f4xx_rng.c ****                    Interrupts and flags management functions
 188:App/STM32F4-Discovery/Libraries/STM32F4xx_StdPeriph_Driver/src/stm32f4xx_rng.c ****  ===============================================================================  
 189:App/STM32F4-Discovery/Libraries/STM32F4xx_StdPeriph_Driver/src/stm32f4xx_rng.c **** 
 190:App/STM32F4-Discovery/Libraries/STM32F4xx_StdPeriph_Driver/src/stm32f4xx_rng.c ****   This section provides functions allowing to configure the RNG Interrupts and 
 191:App/STM32F4-Discovery/Libraries/STM32F4xx_StdPeriph_Driver/src/stm32f4xx_rng.c ****   to get the status and clear flags and Interrupts pending bits.
 192:App/STM32F4-Discovery/Libraries/STM32F4xx_StdPeriph_Driver/src/stm32f4xx_rng.c ****   
 193:App/STM32F4-Discovery/Libraries/STM32F4xx_StdPeriph_Driver/src/stm32f4xx_rng.c ****   The RNG provides 3 Interrupts sources and 3 Flags:
 194:App/STM32F4-Discovery/Libraries/STM32F4xx_StdPeriph_Driver/src/stm32f4xx_rng.c ****   
 195:App/STM32F4-Discovery/Libraries/STM32F4xx_StdPeriph_Driver/src/stm32f4xx_rng.c ****   Flags :
 196:App/STM32F4-Discovery/Libraries/STM32F4xx_StdPeriph_Driver/src/stm32f4xx_rng.c ****   ---------- 
 197:App/STM32F4-Discovery/Libraries/STM32F4xx_StdPeriph_Driver/src/stm32f4xx_rng.c ****      1. RNG_FLAG_DRDY :  In the case of the RNG_DR register contains valid 
 198:App/STM32F4-Discovery/Libraries/STM32F4xx_StdPeriph_Driver/src/stm32f4xx_rng.c ****                          random data. it is cleared by reading the valid data 
 199:App/STM32F4-Discovery/Libraries/STM32F4xx_StdPeriph_Driver/src/stm32f4xx_rng.c ****                          (using RNG_GetRandomNumber() function).
 200:App/STM32F4-Discovery/Libraries/STM32F4xx_StdPeriph_Driver/src/stm32f4xx_rng.c **** 
 201:App/STM32F4-Discovery/Libraries/STM32F4xx_StdPeriph_Driver/src/stm32f4xx_rng.c ****      2. RNG_FLAG_CECS : In the case of a seed error detection. 
 202:App/STM32F4-Discovery/Libraries/STM32F4xx_StdPeriph_Driver/src/stm32f4xx_rng.c ****       
 203:App/STM32F4-Discovery/Libraries/STM32F4xx_StdPeriph_Driver/src/stm32f4xx_rng.c ****      3. RNG_FLAG_SECS : In the case of a clock error detection.
 204:App/STM32F4-Discovery/Libraries/STM32F4xx_StdPeriph_Driver/src/stm32f4xx_rng.c ****               
 205:App/STM32F4-Discovery/Libraries/STM32F4xx_StdPeriph_Driver/src/stm32f4xx_rng.c **** 
 206:App/STM32F4-Discovery/Libraries/STM32F4xx_StdPeriph_Driver/src/stm32f4xx_rng.c ****   Interrupts :
 207:App/STM32F4-Discovery/Libraries/STM32F4xx_StdPeriph_Driver/src/stm32f4xx_rng.c ****   ------------
 208:App/STM32F4-Discovery/Libraries/STM32F4xx_StdPeriph_Driver/src/stm32f4xx_rng.c ****    if enabled, an RNG interrupt is pending :
 209:App/STM32F4-Discovery/Libraries/STM32F4xx_StdPeriph_Driver/src/stm32f4xx_rng.c ****     
 210:App/STM32F4-Discovery/Libraries/STM32F4xx_StdPeriph_Driver/src/stm32f4xx_rng.c ****    1.  In the case of the RNG_DR register contains valid random data. 
 211:App/STM32F4-Discovery/Libraries/STM32F4xx_StdPeriph_Driver/src/stm32f4xx_rng.c ****        This interrupt source is cleared once the RNG_DR register has been read 
 212:App/STM32F4-Discovery/Libraries/STM32F4xx_StdPeriph_Driver/src/stm32f4xx_rng.c ****        (using RNG_GetRandomNumber() function) until a new valid value is 
 213:App/STM32F4-Discovery/Libraries/STM32F4xx_StdPeriph_Driver/src/stm32f4xx_rng.c ****        computed. 
 214:App/STM32F4-Discovery/Libraries/STM32F4xx_StdPeriph_Driver/src/stm32f4xx_rng.c ****    
 215:App/STM32F4-Discovery/Libraries/STM32F4xx_StdPeriph_Driver/src/stm32f4xx_rng.c ****    or 
 216:App/STM32F4-Discovery/Libraries/STM32F4xx_StdPeriph_Driver/src/stm32f4xx_rng.c ****    2. In the case of a seed error : One of the following faulty sequences has 
 217:App/STM32F4-Discovery/Libraries/STM32F4xx_StdPeriph_Driver/src/stm32f4xx_rng.c ****       been detected:
 218:App/STM32F4-Discovery/Libraries/STM32F4xx_StdPeriph_Driver/src/stm32f4xx_rng.c ****       - More than 64 consecutive bits at the same value (0 or 1)
 219:App/STM32F4-Discovery/Libraries/STM32F4xx_StdPeriph_Driver/src/stm32f4xx_rng.c ****       - More than 32 consecutive alternance of 0 and 1 (0101010101...01)
 220:App/STM32F4-Discovery/Libraries/STM32F4xx_StdPeriph_Driver/src/stm32f4xx_rng.c ****       This interrupt source is cleared using RNG_ClearITPendingBit(RNG_IT_SEI)
 221:App/STM32F4-Discovery/Libraries/STM32F4xx_StdPeriph_Driver/src/stm32f4xx_rng.c ****       function.
 222:App/STM32F4-Discovery/Libraries/STM32F4xx_StdPeriph_Driver/src/stm32f4xx_rng.c ****    
 223:App/STM32F4-Discovery/Libraries/STM32F4xx_StdPeriph_Driver/src/stm32f4xx_rng.c ****    or
 224:App/STM32F4-Discovery/Libraries/STM32F4xx_StdPeriph_Driver/src/stm32f4xx_rng.c ****    3. In the case of a clock error : the PLL48CLK (RNG peripheral clock source) 
 225:App/STM32F4-Discovery/Libraries/STM32F4xx_StdPeriph_Driver/src/stm32f4xx_rng.c ****       was not correctly detected (fPLL48CLK< fHCLK/16).
 226:App/STM32F4-Discovery/Libraries/STM32F4xx_StdPeriph_Driver/src/stm32f4xx_rng.c ****       This interrupt source is cleared using RNG_ClearITPendingBit(RNG_IT_CEI)
 227:App/STM32F4-Discovery/Libraries/STM32F4xx_StdPeriph_Driver/src/stm32f4xx_rng.c ****       function.
 228:App/STM32F4-Discovery/Libraries/STM32F4xx_StdPeriph_Driver/src/stm32f4xx_rng.c ****       @note In this case, User have to check that the clock controller is 
 229:App/STM32F4-Discovery/Libraries/STM32F4xx_StdPeriph_Driver/src/stm32f4xx_rng.c ****             correctly configured to provide the RNG clock. 
 230:App/STM32F4-Discovery/Libraries/STM32F4xx_StdPeriph_Driver/src/stm32f4xx_rng.c **** 
 231:App/STM32F4-Discovery/Libraries/STM32F4xx_StdPeriph_Driver/src/stm32f4xx_rng.c ****   Managing the RNG controller events :
 232:App/STM32F4-Discovery/Libraries/STM32F4xx_StdPeriph_Driver/src/stm32f4xx_rng.c ****   ------------------------------------ 
 233:App/STM32F4-Discovery/Libraries/STM32F4xx_StdPeriph_Driver/src/stm32f4xx_rng.c ****   The user should identify which mode will be used in his application to manage 
 234:App/STM32F4-Discovery/Libraries/STM32F4xx_StdPeriph_Driver/src/stm32f4xx_rng.c ****   the RNG controller events: Polling mode or Interrupt mode.
 235:App/STM32F4-Discovery/Libraries/STM32F4xx_StdPeriph_Driver/src/stm32f4xx_rng.c ****   
 236:App/STM32F4-Discovery/Libraries/STM32F4xx_StdPeriph_Driver/src/stm32f4xx_rng.c ****   1.  In the Polling Mode it is advised to use the following functions:
 237:App/STM32F4-Discovery/Libraries/STM32F4xx_StdPeriph_Driver/src/stm32f4xx_rng.c ****       - RNG_GetFlagStatus() : to check if flags events occur. 
 238:App/STM32F4-Discovery/Libraries/STM32F4xx_StdPeriph_Driver/src/stm32f4xx_rng.c ****       - RNG_ClearFlag()     : to clear the flags events.
 239:App/STM32F4-Discovery/Libraries/STM32F4xx_StdPeriph_Driver/src/stm32f4xx_rng.c ****   
 240:App/STM32F4-Discovery/Libraries/STM32F4xx_StdPeriph_Driver/src/stm32f4xx_rng.c ****   @note RNG_FLAG_DRDY can not be cleared by RNG_ClearFlag(). it is cleared only 
 241:App/STM32F4-Discovery/Libraries/STM32F4xx_StdPeriph_Driver/src/stm32f4xx_rng.c ****         by reading the Random number data.      
 242:App/STM32F4-Discovery/Libraries/STM32F4xx_StdPeriph_Driver/src/stm32f4xx_rng.c ****   
 243:App/STM32F4-Discovery/Libraries/STM32F4xx_StdPeriph_Driver/src/stm32f4xx_rng.c ****   2.  In the Interrupt Mode it is advised to use the following functions:
 244:App/STM32F4-Discovery/Libraries/STM32F4xx_StdPeriph_Driver/src/stm32f4xx_rng.c ****       - RNG_ITConfig()       : to enable or disable the interrupt source.
 245:App/STM32F4-Discovery/Libraries/STM32F4xx_StdPeriph_Driver/src/stm32f4xx_rng.c ****       - RNG_GetITStatus()    : to check if Interrupt occurs.
 246:App/STM32F4-Discovery/Libraries/STM32F4xx_StdPeriph_Driver/src/stm32f4xx_rng.c ****       - RNG_ClearITPendingBit() : to clear the Interrupt pending Bit 
 247:App/STM32F4-Discovery/Libraries/STM32F4xx_StdPeriph_Driver/src/stm32f4xx_rng.c ****                                 (corresponding Flag). 
 248:App/STM32F4-Discovery/Libraries/STM32F4xx_StdPeriph_Driver/src/stm32f4xx_rng.c ****   
 249:App/STM32F4-Discovery/Libraries/STM32F4xx_StdPeriph_Driver/src/stm32f4xx_rng.c **** 
 250:App/STM32F4-Discovery/Libraries/STM32F4xx_StdPeriph_Driver/src/stm32f4xx_rng.c **** @endverbatim
 251:App/STM32F4-Discovery/Libraries/STM32F4xx_StdPeriph_Driver/src/stm32f4xx_rng.c ****   * @{
 252:App/STM32F4-Discovery/Libraries/STM32F4xx_StdPeriph_Driver/src/stm32f4xx_rng.c ****   */ 
 253:App/STM32F4-Discovery/Libraries/STM32F4xx_StdPeriph_Driver/src/stm32f4xx_rng.c **** 
 254:App/STM32F4-Discovery/Libraries/STM32F4xx_StdPeriph_Driver/src/stm32f4xx_rng.c **** /**
 255:App/STM32F4-Discovery/Libraries/STM32F4xx_StdPeriph_Driver/src/stm32f4xx_rng.c ****   * @brief  Enables or disables the RNG interrupt.
 256:App/STM32F4-Discovery/Libraries/STM32F4xx_StdPeriph_Driver/src/stm32f4xx_rng.c ****   * @note   The RNG provides 3 interrupt sources,
 257:App/STM32F4-Discovery/Libraries/STM32F4xx_StdPeriph_Driver/src/stm32f4xx_rng.c ****   *           - Computed data is ready event (DRDY), and           
 258:App/STM32F4-Discovery/Libraries/STM32F4xx_StdPeriph_Driver/src/stm32f4xx_rng.c ****   *           - Seed error Interrupt (SEI) and 
 259:App/STM32F4-Discovery/Libraries/STM32F4xx_StdPeriph_Driver/src/stm32f4xx_rng.c ****   *           - Clock error Interrupt (CEI), 
 260:App/STM32F4-Discovery/Libraries/STM32F4xx_StdPeriph_Driver/src/stm32f4xx_rng.c ****   *         all these interrupts sources are enabled by setting the IE bit in 
 261:App/STM32F4-Discovery/Libraries/STM32F4xx_StdPeriph_Driver/src/stm32f4xx_rng.c ****   *         CR register. However, each interrupt have its specific status bit
 262:App/STM32F4-Discovery/Libraries/STM32F4xx_StdPeriph_Driver/src/stm32f4xx_rng.c ****   *         (see RNG_GetITStatus() function) and clear bit except the DRDY event
 263:App/STM32F4-Discovery/Libraries/STM32F4xx_StdPeriph_Driver/src/stm32f4xx_rng.c ****   *         (see RNG_ClearITPendingBit() function).
 264:App/STM32F4-Discovery/Libraries/STM32F4xx_StdPeriph_Driver/src/stm32f4xx_rng.c ****   * @param  NewState: new state of the RNG interrupt.
 265:App/STM32F4-Discovery/Libraries/STM32F4xx_StdPeriph_Driver/src/stm32f4xx_rng.c ****   *          This parameter can be: ENABLE or DISABLE.
 266:App/STM32F4-Discovery/Libraries/STM32F4xx_StdPeriph_Driver/src/stm32f4xx_rng.c ****   * @retval None
 267:App/STM32F4-Discovery/Libraries/STM32F4xx_StdPeriph_Driver/src/stm32f4xx_rng.c ****   */
 268:App/STM32F4-Discovery/Libraries/STM32F4xx_StdPeriph_Driver/src/stm32f4xx_rng.c **** void RNG_ITConfig(FunctionalState NewState)
 269:App/STM32F4-Discovery/Libraries/STM32F4xx_StdPeriph_Driver/src/stm32f4xx_rng.c **** {
 167              		.loc 1 269 0
 168              		.cfi_startproc
 169              		@ args = 0, pretend = 0, frame = 8
 170              		@ frame_needed = 1, uses_anonymous_args = 0
 171 0000 80B5     		push	{r7, lr}
 172              	.LCFI7:
 173              		.cfi_def_cfa_offset 8
 174              		.cfi_offset 7, -8
 175              		.cfi_offset 14, -4
 176 0002 82B0     		sub	sp, sp, #8
 177              	.LCFI8:
 178              		.cfi_def_cfa_offset 16
 179 0004 00AF     		add	r7, sp, #0
 180              	.LCFI9:
 181              		.cfi_def_cfa_register 7
 182 0006 0346     		mov	r3, r0
 183 0008 FB71     		strb	r3, [r7, #7]
 270:App/STM32F4-Discovery/Libraries/STM32F4xx_StdPeriph_Driver/src/stm32f4xx_rng.c ****   /* Check the parameters */
 271:App/STM32F4-Discovery/Libraries/STM32F4xx_StdPeriph_Driver/src/stm32f4xx_rng.c ****   assert_param(IS_FUNCTIONAL_STATE(NewState));
 184              		.loc 1 271 0
 185 000a FB79     		ldrb	r3, [r7, #7]	@ zero_extendqisi2
 186 000c 002B     		cmp	r3, #0
 187 000e 0AD0     		beq	.L9
 188              		.loc 1 271 0 is_stmt 0 discriminator 1
 189 0010 FB79     		ldrb	r3, [r7, #7]	@ zero_extendqisi2
 190 0012 012B     		cmp	r3, #1
 191 0014 07D0     		beq	.L9
 192              		.loc 1 271 0 discriminator 2
 193 0016 40F20000 		movw	r0, #:lower16:.LC0
 194 001a C0F20000 		movt	r0, #:upper16:.LC0
 195 001e 40F20F11 		movw	r1, #271
 196 0022 FFF7FEFF 		bl	assert_failed
 197              	.L9:
 272:App/STM32F4-Discovery/Libraries/STM32F4xx_StdPeriph_Driver/src/stm32f4xx_rng.c **** 
 273:App/STM32F4-Discovery/Libraries/STM32F4xx_StdPeriph_Driver/src/stm32f4xx_rng.c ****   if (NewState != DISABLE)
 198              		.loc 1 273 0 is_stmt 1
 199 0026 FB79     		ldrb	r3, [r7, #7]	@ zero_extendqisi2
 200 0028 002B     		cmp	r3, #0
 201 002a 0CD0     		beq	.L10
 274:App/STM32F4-Discovery/Libraries/STM32F4xx_StdPeriph_Driver/src/stm32f4xx_rng.c ****   {
 275:App/STM32F4-Discovery/Libraries/STM32F4xx_StdPeriph_Driver/src/stm32f4xx_rng.c ****     /* Enable the RNG interrupt */
 276:App/STM32F4-Discovery/Libraries/STM32F4xx_StdPeriph_Driver/src/stm32f4xx_rng.c ****     RNG->CR |= RNG_CR_IE;
 202              		.loc 1 276 0
 203 002c 4FF40063 		mov	r3, #2048
 204 0030 C5F20603 		movt	r3, 20486
 205 0034 4FF40062 		mov	r2, #2048
 206 0038 C5F20602 		movt	r2, 20486
 207 003c 1268     		ldr	r2, [r2, #0]
 208 003e 42F00802 		orr	r2, r2, #8
 209 0042 1A60     		str	r2, [r3, #0]
 210 0044 0BE0     		b	.L8
 211              	.L10:
 277:App/STM32F4-Discovery/Libraries/STM32F4xx_StdPeriph_Driver/src/stm32f4xx_rng.c ****   }
 278:App/STM32F4-Discovery/Libraries/STM32F4xx_StdPeriph_Driver/src/stm32f4xx_rng.c ****   else
 279:App/STM32F4-Discovery/Libraries/STM32F4xx_StdPeriph_Driver/src/stm32f4xx_rng.c ****   {
 280:App/STM32F4-Discovery/Libraries/STM32F4xx_StdPeriph_Driver/src/stm32f4xx_rng.c ****     /* Disable the RNG interrupt */
 281:App/STM32F4-Discovery/Libraries/STM32F4xx_StdPeriph_Driver/src/stm32f4xx_rng.c ****     RNG->CR &= ~RNG_CR_IE;
 212              		.loc 1 281 0
 213 0046 4FF40063 		mov	r3, #2048
 214 004a C5F20603 		movt	r3, 20486
 215 004e 4FF40062 		mov	r2, #2048
 216 0052 C5F20602 		movt	r2, 20486
 217 0056 1268     		ldr	r2, [r2, #0]
 218 0058 22F00802 		bic	r2, r2, #8
 219 005c 1A60     		str	r2, [r3, #0]
 220              	.L8:
 282:App/STM32F4-Discovery/Libraries/STM32F4xx_StdPeriph_Driver/src/stm32f4xx_rng.c ****   }
 283:App/STM32F4-Discovery/Libraries/STM32F4xx_StdPeriph_Driver/src/stm32f4xx_rng.c **** }
 221              		.loc 1 283 0
 222 005e 07F10807 		add	r7, r7, #8
 223 0062 BD46     		mov	sp, r7
 224 0064 80BD     		pop	{r7, pc}
 225              		.cfi_endproc
 226              	.LFE113:
 228 0066 00BF     		.section	.text.RNG_GetFlagStatus,"ax",%progbits
 229              		.align	2
 230              		.global	RNG_GetFlagStatus
 231              		.thumb
 232              		.thumb_func
 234              	RNG_GetFlagStatus:
 235              	.LFB114:
 284:App/STM32F4-Discovery/Libraries/STM32F4xx_StdPeriph_Driver/src/stm32f4xx_rng.c **** 
 285:App/STM32F4-Discovery/Libraries/STM32F4xx_StdPeriph_Driver/src/stm32f4xx_rng.c **** /**
 286:App/STM32F4-Discovery/Libraries/STM32F4xx_StdPeriph_Driver/src/stm32f4xx_rng.c ****   * @brief  Checks whether the specified RNG flag is set or not.
 287:App/STM32F4-Discovery/Libraries/STM32F4xx_StdPeriph_Driver/src/stm32f4xx_rng.c ****   * @param  RNG_FLAG: specifies the RNG flag to check.
 288:App/STM32F4-Discovery/Libraries/STM32F4xx_StdPeriph_Driver/src/stm32f4xx_rng.c ****   *          This parameter can be one of the following values:
 289:App/STM32F4-Discovery/Libraries/STM32F4xx_StdPeriph_Driver/src/stm32f4xx_rng.c ****   *            @arg RNG_FLAG_DRDY: Data Ready flag.
 290:App/STM32F4-Discovery/Libraries/STM32F4xx_StdPeriph_Driver/src/stm32f4xx_rng.c ****   *            @arg RNG_FLAG_CECS: Clock Error Current flag.
 291:App/STM32F4-Discovery/Libraries/STM32F4xx_StdPeriph_Driver/src/stm32f4xx_rng.c ****   *            @arg RNG_FLAG_SECS: Seed Error Current flag.
 292:App/STM32F4-Discovery/Libraries/STM32F4xx_StdPeriph_Driver/src/stm32f4xx_rng.c ****   * @retval The new state of RNG_FLAG (SET or RESET).
 293:App/STM32F4-Discovery/Libraries/STM32F4xx_StdPeriph_Driver/src/stm32f4xx_rng.c ****   */
 294:App/STM32F4-Discovery/Libraries/STM32F4xx_StdPeriph_Driver/src/stm32f4xx_rng.c **** FlagStatus RNG_GetFlagStatus(uint8_t RNG_FLAG)
 295:App/STM32F4-Discovery/Libraries/STM32F4xx_StdPeriph_Driver/src/stm32f4xx_rng.c **** {
 236              		.loc 1 295 0
 237              		.cfi_startproc
 238              		@ args = 0, pretend = 0, frame = 16
 239              		@ frame_needed = 1, uses_anonymous_args = 0
 240 0000 80B5     		push	{r7, lr}
 241              	.LCFI10:
 242              		.cfi_def_cfa_offset 8
 243              		.cfi_offset 7, -8
 244              		.cfi_offset 14, -4
 245 0002 84B0     		sub	sp, sp, #16
 246              	.LCFI11:
 247              		.cfi_def_cfa_offset 24
 248 0004 00AF     		add	r7, sp, #0
 249              	.LCFI12:
 250              		.cfi_def_cfa_register 7
 251 0006 0346     		mov	r3, r0
 252 0008 FB71     		strb	r3, [r7, #7]
 296:App/STM32F4-Discovery/Libraries/STM32F4xx_StdPeriph_Driver/src/stm32f4xx_rng.c ****   FlagStatus bitstatus = RESET;
 253              		.loc 1 296 0
 254 000a 4FF00003 		mov	r3, #0
 255 000e FB73     		strb	r3, [r7, #15]
 297:App/STM32F4-Discovery/Libraries/STM32F4xx_StdPeriph_Driver/src/stm32f4xx_rng.c ****   /* Check the parameters */
 298:App/STM32F4-Discovery/Libraries/STM32F4xx_StdPeriph_Driver/src/stm32f4xx_rng.c ****   assert_param(IS_RNG_GET_FLAG(RNG_FLAG));
 256              		.loc 1 298 0
 257 0010 FB79     		ldrb	r3, [r7, #7]	@ zero_extendqisi2
 258 0012 012B     		cmp	r3, #1
 259 0014 0DD0     		beq	.L13
 260              		.loc 1 298 0 is_stmt 0 discriminator 1
 261 0016 FB79     		ldrb	r3, [r7, #7]	@ zero_extendqisi2
 262 0018 022B     		cmp	r3, #2
 263 001a 0AD0     		beq	.L13
 264              		.loc 1 298 0 discriminator 2
 265 001c FB79     		ldrb	r3, [r7, #7]	@ zero_extendqisi2
 266 001e 042B     		cmp	r3, #4
 267 0020 07D0     		beq	.L13
 268              		.loc 1 298 0 discriminator 3
 269 0022 40F20000 		movw	r0, #:lower16:.LC0
 270 0026 C0F20000 		movt	r0, #:upper16:.LC0
 271 002a 4FF49571 		mov	r1, #298
 272 002e FFF7FEFF 		bl	assert_failed
 273              	.L13:
 299:App/STM32F4-Discovery/Libraries/STM32F4xx_StdPeriph_Driver/src/stm32f4xx_rng.c **** 
 300:App/STM32F4-Discovery/Libraries/STM32F4xx_StdPeriph_Driver/src/stm32f4xx_rng.c ****   /* Check the status of the specified RNG flag */
 301:App/STM32F4-Discovery/Libraries/STM32F4xx_StdPeriph_Driver/src/stm32f4xx_rng.c ****   if ((RNG->SR & RNG_FLAG) != (uint8_t)RESET)
 274              		.loc 1 301 0 is_stmt 1
 275 0032 4FF40063 		mov	r3, #2048
 276 0036 C5F20603 		movt	r3, 20486
 277 003a 5A68     		ldr	r2, [r3, #4]
 278 003c FB79     		ldrb	r3, [r7, #7]	@ zero_extendqisi2
 279 003e 1340     		ands	r3, r3, r2
 280 0040 002B     		cmp	r3, #0
 281 0042 03D0     		beq	.L14
 302:App/STM32F4-Discovery/Libraries/STM32F4xx_StdPeriph_Driver/src/stm32f4xx_rng.c ****   {
 303:App/STM32F4-Discovery/Libraries/STM32F4xx_StdPeriph_Driver/src/stm32f4xx_rng.c ****     /* RNG_FLAG is set */
 304:App/STM32F4-Discovery/Libraries/STM32F4xx_StdPeriph_Driver/src/stm32f4xx_rng.c ****     bitstatus = SET;
 282              		.loc 1 304 0
 283 0044 4FF00103 		mov	r3, #1
 284 0048 FB73     		strb	r3, [r7, #15]
 285 004a 02E0     		b	.L15
 286              	.L14:
 305:App/STM32F4-Discovery/Libraries/STM32F4xx_StdPeriph_Driver/src/stm32f4xx_rng.c ****   }
 306:App/STM32F4-Discovery/Libraries/STM32F4xx_StdPeriph_Driver/src/stm32f4xx_rng.c ****   else
 307:App/STM32F4-Discovery/Libraries/STM32F4xx_StdPeriph_Driver/src/stm32f4xx_rng.c ****   {
 308:App/STM32F4-Discovery/Libraries/STM32F4xx_StdPeriph_Driver/src/stm32f4xx_rng.c ****     /* RNG_FLAG is reset */
 309:App/STM32F4-Discovery/Libraries/STM32F4xx_StdPeriph_Driver/src/stm32f4xx_rng.c ****     bitstatus = RESET;
 287              		.loc 1 309 0
 288 004c 4FF00003 		mov	r3, #0
 289 0050 FB73     		strb	r3, [r7, #15]
 290              	.L15:
 310:App/STM32F4-Discovery/Libraries/STM32F4xx_StdPeriph_Driver/src/stm32f4xx_rng.c ****   }
 311:App/STM32F4-Discovery/Libraries/STM32F4xx_StdPeriph_Driver/src/stm32f4xx_rng.c ****   /* Return the RNG_FLAG status */
 312:App/STM32F4-Discovery/Libraries/STM32F4xx_StdPeriph_Driver/src/stm32f4xx_rng.c ****   return  bitstatus;
 291              		.loc 1 312 0
 292 0052 FB7B     		ldrb	r3, [r7, #15]	@ zero_extendqisi2
 313:App/STM32F4-Discovery/Libraries/STM32F4xx_StdPeriph_Driver/src/stm32f4xx_rng.c **** }
 293              		.loc 1 313 0
 294 0054 1846     		mov	r0, r3
 295 0056 07F11007 		add	r7, r7, #16
 296 005a BD46     		mov	sp, r7
 297 005c 80BD     		pop	{r7, pc}
 298              		.cfi_endproc
 299              	.LFE114:
 301 005e 00BF     		.section	.text.RNG_ClearFlag,"ax",%progbits
 302              		.align	2
 303              		.global	RNG_ClearFlag
 304              		.thumb
 305              		.thumb_func
 307              	RNG_ClearFlag:
 308              	.LFB115:
 314:App/STM32F4-Discovery/Libraries/STM32F4xx_StdPeriph_Driver/src/stm32f4xx_rng.c **** 
 315:App/STM32F4-Discovery/Libraries/STM32F4xx_StdPeriph_Driver/src/stm32f4xx_rng.c **** 
 316:App/STM32F4-Discovery/Libraries/STM32F4xx_StdPeriph_Driver/src/stm32f4xx_rng.c **** /**
 317:App/STM32F4-Discovery/Libraries/STM32F4xx_StdPeriph_Driver/src/stm32f4xx_rng.c ****   * @brief  Clears the RNG flags.
 318:App/STM32F4-Discovery/Libraries/STM32F4xx_StdPeriph_Driver/src/stm32f4xx_rng.c ****   * @param  RNG_FLAG: specifies the flag to clear. 
 319:App/STM32F4-Discovery/Libraries/STM32F4xx_StdPeriph_Driver/src/stm32f4xx_rng.c ****   *          This parameter can be any combination of the following values:
 320:App/STM32F4-Discovery/Libraries/STM32F4xx_StdPeriph_Driver/src/stm32f4xx_rng.c ****   *            @arg RNG_FLAG_CECS: Clock Error Current flag.
 321:App/STM32F4-Discovery/Libraries/STM32F4xx_StdPeriph_Driver/src/stm32f4xx_rng.c ****   *            @arg RNG_FLAG_SECS: Seed Error Current flag.
 322:App/STM32F4-Discovery/Libraries/STM32F4xx_StdPeriph_Driver/src/stm32f4xx_rng.c ****   * @note   RNG_FLAG_DRDY can not be cleared by RNG_ClearFlag() function. 
 323:App/STM32F4-Discovery/Libraries/STM32F4xx_StdPeriph_Driver/src/stm32f4xx_rng.c ****   *         This flag is cleared only by reading the Random number data (using 
 324:App/STM32F4-Discovery/Libraries/STM32F4xx_StdPeriph_Driver/src/stm32f4xx_rng.c ****   *         RNG_GetRandomNumber() function).                           
 325:App/STM32F4-Discovery/Libraries/STM32F4xx_StdPeriph_Driver/src/stm32f4xx_rng.c ****   * @retval None
 326:App/STM32F4-Discovery/Libraries/STM32F4xx_StdPeriph_Driver/src/stm32f4xx_rng.c ****   */
 327:App/STM32F4-Discovery/Libraries/STM32F4xx_StdPeriph_Driver/src/stm32f4xx_rng.c **** void RNG_ClearFlag(uint8_t RNG_FLAG)
 328:App/STM32F4-Discovery/Libraries/STM32F4xx_StdPeriph_Driver/src/stm32f4xx_rng.c **** {
 309              		.loc 1 328 0
 310              		.cfi_startproc
 311              		@ args = 0, pretend = 0, frame = 8
 312              		@ frame_needed = 1, uses_anonymous_args = 0
 313 0000 80B5     		push	{r7, lr}
 314              	.LCFI13:
 315              		.cfi_def_cfa_offset 8
 316              		.cfi_offset 7, -8
 317              		.cfi_offset 14, -4
 318 0002 82B0     		sub	sp, sp, #8
 319              	.LCFI14:
 320              		.cfi_def_cfa_offset 16
 321 0004 00AF     		add	r7, sp, #0
 322              	.LCFI15:
 323              		.cfi_def_cfa_register 7
 324 0006 0346     		mov	r3, r0
 325 0008 FB71     		strb	r3, [r7, #7]
 329:App/STM32F4-Discovery/Libraries/STM32F4xx_StdPeriph_Driver/src/stm32f4xx_rng.c ****   /* Check the parameters */
 330:App/STM32F4-Discovery/Libraries/STM32F4xx_StdPeriph_Driver/src/stm32f4xx_rng.c ****   assert_param(IS_RNG_CLEAR_FLAG(RNG_FLAG));
 326              		.loc 1 330 0
 327 000a FB79     		ldrb	r3, [r7, #7]	@ zero_extendqisi2
 328 000c 022B     		cmp	r3, #2
 329 000e 0AD0     		beq	.L18
 330              		.loc 1 330 0 is_stmt 0 discriminator 1
 331 0010 FB79     		ldrb	r3, [r7, #7]	@ zero_extendqisi2
 332 0012 042B     		cmp	r3, #4
 333 0014 07D0     		beq	.L18
 334              		.loc 1 330 0 discriminator 2
 335 0016 40F20000 		movw	r0, #:lower16:.LC0
 336 001a C0F20000 		movt	r0, #:upper16:.LC0
 337 001e 4FF4A571 		mov	r1, #330
 338 0022 FFF7FEFF 		bl	assert_failed
 339              	.L18:
 331:App/STM32F4-Discovery/Libraries/STM32F4xx_StdPeriph_Driver/src/stm32f4xx_rng.c ****   /* Clear the selected RNG flags */
 332:App/STM32F4-Discovery/Libraries/STM32F4xx_StdPeriph_Driver/src/stm32f4xx_rng.c ****   RNG->SR = ~(uint32_t)(((uint32_t)RNG_FLAG) << 4);
 340              		.loc 1 332 0 is_stmt 1
 341 0026 4FF40063 		mov	r3, #2048
 342 002a C5F20603 		movt	r3, 20486
 343 002e FA79     		ldrb	r2, [r7, #7]	@ zero_extendqisi2
 344 0030 4FEA0212 		lsl	r2, r2, #4
 345 0034 6FEA0202 		mvn	r2, r2
 346 0038 5A60     		str	r2, [r3, #4]
 333:App/STM32F4-Discovery/Libraries/STM32F4xx_StdPeriph_Driver/src/stm32f4xx_rng.c **** }
 347              		.loc 1 333 0
 348 003a 07F10807 		add	r7, r7, #8
 349 003e BD46     		mov	sp, r7
 350 0040 80BD     		pop	{r7, pc}
 351              		.cfi_endproc
 352              	.LFE115:
 354 0042 00BF     		.section	.text.RNG_GetITStatus,"ax",%progbits
 355              		.align	2
 356              		.global	RNG_GetITStatus
 357              		.thumb
 358              		.thumb_func
 360              	RNG_GetITStatus:
 361              	.LFB116:
 334:App/STM32F4-Discovery/Libraries/STM32F4xx_StdPeriph_Driver/src/stm32f4xx_rng.c **** 
 335:App/STM32F4-Discovery/Libraries/STM32F4xx_StdPeriph_Driver/src/stm32f4xx_rng.c **** /**
 336:App/STM32F4-Discovery/Libraries/STM32F4xx_StdPeriph_Driver/src/stm32f4xx_rng.c ****   * @brief  Checks whether the specified RNG interrupt has occurred or not.
 337:App/STM32F4-Discovery/Libraries/STM32F4xx_StdPeriph_Driver/src/stm32f4xx_rng.c ****   * @param  RNG_IT: specifies the RNG interrupt source to check.
 338:App/STM32F4-Discovery/Libraries/STM32F4xx_StdPeriph_Driver/src/stm32f4xx_rng.c ****   *          This parameter can be one of the following values:
 339:App/STM32F4-Discovery/Libraries/STM32F4xx_StdPeriph_Driver/src/stm32f4xx_rng.c ****   *            @arg RNG_IT_CEI: Clock Error Interrupt.
 340:App/STM32F4-Discovery/Libraries/STM32F4xx_StdPeriph_Driver/src/stm32f4xx_rng.c ****   *            @arg RNG_IT_SEI: Seed Error Interrupt.                   
 341:App/STM32F4-Discovery/Libraries/STM32F4xx_StdPeriph_Driver/src/stm32f4xx_rng.c ****   * @retval The new state of RNG_IT (SET or RESET).
 342:App/STM32F4-Discovery/Libraries/STM32F4xx_StdPeriph_Driver/src/stm32f4xx_rng.c ****   */
 343:App/STM32F4-Discovery/Libraries/STM32F4xx_StdPeriph_Driver/src/stm32f4xx_rng.c **** ITStatus RNG_GetITStatus(uint8_t RNG_IT)
 344:App/STM32F4-Discovery/Libraries/STM32F4xx_StdPeriph_Driver/src/stm32f4xx_rng.c **** {
 362              		.loc 1 344 0
 363              		.cfi_startproc
 364              		@ args = 0, pretend = 0, frame = 16
 365              		@ frame_needed = 1, uses_anonymous_args = 0
 366 0000 80B5     		push	{r7, lr}
 367              	.LCFI16:
 368              		.cfi_def_cfa_offset 8
 369              		.cfi_offset 7, -8
 370              		.cfi_offset 14, -4
 371 0002 84B0     		sub	sp, sp, #16
 372              	.LCFI17:
 373              		.cfi_def_cfa_offset 24
 374 0004 00AF     		add	r7, sp, #0
 375              	.LCFI18:
 376              		.cfi_def_cfa_register 7
 377 0006 0346     		mov	r3, r0
 378 0008 FB71     		strb	r3, [r7, #7]
 345:App/STM32F4-Discovery/Libraries/STM32F4xx_StdPeriph_Driver/src/stm32f4xx_rng.c ****   ITStatus bitstatus = RESET;
 379              		.loc 1 345 0
 380 000a 4FF00003 		mov	r3, #0
 381 000e FB73     		strb	r3, [r7, #15]
 346:App/STM32F4-Discovery/Libraries/STM32F4xx_StdPeriph_Driver/src/stm32f4xx_rng.c ****   /* Check the parameters */
 347:App/STM32F4-Discovery/Libraries/STM32F4xx_StdPeriph_Driver/src/stm32f4xx_rng.c ****   assert_param(IS_RNG_GET_IT(RNG_IT));
 382              		.loc 1 347 0
 383 0010 FB79     		ldrb	r3, [r7, #7]	@ zero_extendqisi2
 384 0012 202B     		cmp	r3, #32
 385 0014 0AD0     		beq	.L20
 386              		.loc 1 347 0 is_stmt 0 discriminator 1
 387 0016 FB79     		ldrb	r3, [r7, #7]	@ zero_extendqisi2
 388 0018 402B     		cmp	r3, #64
 389 001a 07D0     		beq	.L20
 390              		.loc 1 347 0 discriminator 2
 391 001c 40F20000 		movw	r0, #:lower16:.LC0
 392 0020 C0F20000 		movt	r0, #:upper16:.LC0
 393 0024 40F25B11 		movw	r1, #347
 394 0028 FFF7FEFF 		bl	assert_failed
 395              	.L20:
 348:App/STM32F4-Discovery/Libraries/STM32F4xx_StdPeriph_Driver/src/stm32f4xx_rng.c **** 
 349:App/STM32F4-Discovery/Libraries/STM32F4xx_StdPeriph_Driver/src/stm32f4xx_rng.c ****   /* Check the status of the specified RNG interrupt */
 350:App/STM32F4-Discovery/Libraries/STM32F4xx_StdPeriph_Driver/src/stm32f4xx_rng.c ****   if ((RNG->SR & RNG_IT) != (uint8_t)RESET)
 396              		.loc 1 350 0 is_stmt 1
 397 002c 4FF40063 		mov	r3, #2048
 398 0030 C5F20603 		movt	r3, 20486
 399 0034 5A68     		ldr	r2, [r3, #4]
 400 0036 FB79     		ldrb	r3, [r7, #7]	@ zero_extendqisi2
 401 0038 1340     		ands	r3, r3, r2
 402 003a 002B     		cmp	r3, #0
 403 003c 03D0     		beq	.L21
 351:App/STM32F4-Discovery/Libraries/STM32F4xx_StdPeriph_Driver/src/stm32f4xx_rng.c ****   {
 352:App/STM32F4-Discovery/Libraries/STM32F4xx_StdPeriph_Driver/src/stm32f4xx_rng.c ****     /* RNG_IT is set */
 353:App/STM32F4-Discovery/Libraries/STM32F4xx_StdPeriph_Driver/src/stm32f4xx_rng.c ****     bitstatus = SET;
 404              		.loc 1 353 0
 405 003e 4FF00103 		mov	r3, #1
 406 0042 FB73     		strb	r3, [r7, #15]
 407 0044 02E0     		b	.L22
 408              	.L21:
 354:App/STM32F4-Discovery/Libraries/STM32F4xx_StdPeriph_Driver/src/stm32f4xx_rng.c ****   }
 355:App/STM32F4-Discovery/Libraries/STM32F4xx_StdPeriph_Driver/src/stm32f4xx_rng.c ****   else
 356:App/STM32F4-Discovery/Libraries/STM32F4xx_StdPeriph_Driver/src/stm32f4xx_rng.c ****   {
 357:App/STM32F4-Discovery/Libraries/STM32F4xx_StdPeriph_Driver/src/stm32f4xx_rng.c ****     /* RNG_IT is reset */
 358:App/STM32F4-Discovery/Libraries/STM32F4xx_StdPeriph_Driver/src/stm32f4xx_rng.c ****     bitstatus = RESET;
 409              		.loc 1 358 0
 410 0046 4FF00003 		mov	r3, #0
 411 004a FB73     		strb	r3, [r7, #15]
 412              	.L22:
 359:App/STM32F4-Discovery/Libraries/STM32F4xx_StdPeriph_Driver/src/stm32f4xx_rng.c ****   }
 360:App/STM32F4-Discovery/Libraries/STM32F4xx_StdPeriph_Driver/src/stm32f4xx_rng.c ****   /* Return the RNG_IT status */
 361:App/STM32F4-Discovery/Libraries/STM32F4xx_StdPeriph_Driver/src/stm32f4xx_rng.c ****   return bitstatus;
 413              		.loc 1 361 0
 414 004c FB7B     		ldrb	r3, [r7, #15]	@ zero_extendqisi2
 362:App/STM32F4-Discovery/Libraries/STM32F4xx_StdPeriph_Driver/src/stm32f4xx_rng.c **** }
 415              		.loc 1 362 0
 416 004e 1846     		mov	r0, r3
 417 0050 07F11007 		add	r7, r7, #16
 418 0054 BD46     		mov	sp, r7
 419 0056 80BD     		pop	{r7, pc}
 420              		.cfi_endproc
 421              	.LFE116:
 423              		.section	.text.RNG_ClearITPendingBit,"ax",%progbits
 424              		.align	2
 425              		.global	RNG_ClearITPendingBit
 426              		.thumb
 427              		.thumb_func
 429              	RNG_ClearITPendingBit:
 430              	.LFB117:
 363:App/STM32F4-Discovery/Libraries/STM32F4xx_StdPeriph_Driver/src/stm32f4xx_rng.c **** 
 364:App/STM32F4-Discovery/Libraries/STM32F4xx_StdPeriph_Driver/src/stm32f4xx_rng.c **** 
 365:App/STM32F4-Discovery/Libraries/STM32F4xx_StdPeriph_Driver/src/stm32f4xx_rng.c **** /**
 366:App/STM32F4-Discovery/Libraries/STM32F4xx_StdPeriph_Driver/src/stm32f4xx_rng.c ****   * @brief  Clears the RNG interrupt pending bit(s).
 367:App/STM32F4-Discovery/Libraries/STM32F4xx_StdPeriph_Driver/src/stm32f4xx_rng.c ****   * @param  RNG_IT: specifies the RNG interrupt pending bit(s) to clear.
 368:App/STM32F4-Discovery/Libraries/STM32F4xx_StdPeriph_Driver/src/stm32f4xx_rng.c ****   *          This parameter can be any combination of the following values:
 369:App/STM32F4-Discovery/Libraries/STM32F4xx_StdPeriph_Driver/src/stm32f4xx_rng.c ****   *            @arg RNG_IT_CEI: Clock Error Interrupt.
 370:App/STM32F4-Discovery/Libraries/STM32F4xx_StdPeriph_Driver/src/stm32f4xx_rng.c ****   *            @arg RNG_IT_SEI: Seed Error Interrupt.
 371:App/STM32F4-Discovery/Libraries/STM32F4xx_StdPeriph_Driver/src/stm32f4xx_rng.c ****   * @retval None
 372:App/STM32F4-Discovery/Libraries/STM32F4xx_StdPeriph_Driver/src/stm32f4xx_rng.c ****   */
 373:App/STM32F4-Discovery/Libraries/STM32F4xx_StdPeriph_Driver/src/stm32f4xx_rng.c **** void RNG_ClearITPendingBit(uint8_t RNG_IT)
 374:App/STM32F4-Discovery/Libraries/STM32F4xx_StdPeriph_Driver/src/stm32f4xx_rng.c **** {
 431              		.loc 1 374 0
 432              		.cfi_startproc
 433              		@ args = 0, pretend = 0, frame = 8
 434              		@ frame_needed = 1, uses_anonymous_args = 0
 435 0000 80B5     		push	{r7, lr}
 436              	.LCFI19:
 437              		.cfi_def_cfa_offset 8
 438              		.cfi_offset 7, -8
 439              		.cfi_offset 14, -4
 440 0002 82B0     		sub	sp, sp, #8
 441              	.LCFI20:
 442              		.cfi_def_cfa_offset 16
 443 0004 00AF     		add	r7, sp, #0
 444              	.LCFI21:
 445              		.cfi_def_cfa_register 7
 446 0006 0346     		mov	r3, r0
 447 0008 FB71     		strb	r3, [r7, #7]
 375:App/STM32F4-Discovery/Libraries/STM32F4xx_StdPeriph_Driver/src/stm32f4xx_rng.c ****   /* Check the parameters */
 376:App/STM32F4-Discovery/Libraries/STM32F4xx_StdPeriph_Driver/src/stm32f4xx_rng.c ****   assert_param(IS_RNG_IT(RNG_IT));
 448              		.loc 1 376 0
 449 000a FB79     		ldrb	r3, [r7, #7]	@ zero_extendqisi2
 450 000c 03F09F03 		and	r3, r3, #159
 451 0010 002B     		cmp	r3, #0
 452 0012 02D1     		bne	.L25
 453              		.loc 1 376 0 is_stmt 0 discriminator 2
 454 0014 FB79     		ldrb	r3, [r7, #7]	@ zero_extendqisi2
 455 0016 002B     		cmp	r3, #0
 456 0018 07D1     		bne	.L26
 457              	.L25:
 458              		.loc 1 376 0 discriminator 1
 459 001a 40F20000 		movw	r0, #:lower16:.LC0
 460 001e C0F20000 		movt	r0, #:upper16:.LC0
 461 0022 4FF4BC71 		mov	r1, #376
 462 0026 FFF7FEFF 		bl	assert_failed
 463              	.L26:
 377:App/STM32F4-Discovery/Libraries/STM32F4xx_StdPeriph_Driver/src/stm32f4xx_rng.c **** 
 378:App/STM32F4-Discovery/Libraries/STM32F4xx_StdPeriph_Driver/src/stm32f4xx_rng.c ****   /* Clear the selected RNG interrupt pending bit */
 379:App/STM32F4-Discovery/Libraries/STM32F4xx_StdPeriph_Driver/src/stm32f4xx_rng.c ****   RNG->SR = (uint8_t)~RNG_IT;
 464              		.loc 1 379 0 is_stmt 1
 465 002a 4FF40063 		mov	r3, #2048
 466 002e C5F20603 		movt	r3, 20486
 467 0032 FA79     		ldrb	r2, [r7, #7]
 468 0034 6FEA0202 		mvn	r2, r2
 469 0038 D2B2     		uxtb	r2, r2
 470 003a 5A60     		str	r2, [r3, #4]
 380:App/STM32F4-Discovery/Libraries/STM32F4xx_StdPeriph_Driver/src/stm32f4xx_rng.c **** }
 471              		.loc 1 380 0
 472 003c 07F10807 		add	r7, r7, #8
 473 0040 BD46     		mov	sp, r7
 474 0042 80BD     		pop	{r7, pc}
 475              		.cfi_endproc
 476              	.LFE117:
 478              		.text
 479              	.Letext0:
 480              		.file 2 "/home/thanhtruong/embedded-development/toolchain/gcc-arm-none-eabi-4_7-2013q1/bin/../lib/
 481              		.file 3 "App/STM32F4-Discovery/Libraries/CMSIS/ST/STM32F4xx/Include/stm32f4xx.h"
 482              		.file 4 "App/STM32F4-Discovery/Libraries/CMSIS/Include/core_cm4.h"
DEFINED SYMBOLS
                            *ABS*:00000000 stm32f4xx_rng.c
     /tmp/cczduryh.s:20     .text.RNG_DeInit:00000000 $t
     /tmp/cczduryh.s:25     .text.RNG_DeInit:00000000 RNG_DeInit
     /tmp/cczduryh.s:54     .rodata:00000000 $d
     /tmp/cczduryh.s:55     .rodata:00000000 .LC0
     /tmp/cczduryh.s:59     .text.RNG_Cmd:00000000 $t
     /tmp/cczduryh.s:64     .text.RNG_Cmd:00000000 RNG_Cmd
     /tmp/cczduryh.s:128    .text.RNG_GetRandomNumber:00000000 $t
     /tmp/cczduryh.s:133    .text.RNG_GetRandomNumber:00000000 RNG_GetRandomNumber
     /tmp/cczduryh.s:160    .text.RNG_ITConfig:00000000 $t
     /tmp/cczduryh.s:165    .text.RNG_ITConfig:00000000 RNG_ITConfig
     /tmp/cczduryh.s:229    .text.RNG_GetFlagStatus:00000000 $t
     /tmp/cczduryh.s:234    .text.RNG_GetFlagStatus:00000000 RNG_GetFlagStatus
     /tmp/cczduryh.s:302    .text.RNG_ClearFlag:00000000 $t
     /tmp/cczduryh.s:307    .text.RNG_ClearFlag:00000000 RNG_ClearFlag
     /tmp/cczduryh.s:355    .text.RNG_GetITStatus:00000000 $t
     /tmp/cczduryh.s:360    .text.RNG_GetITStatus:00000000 RNG_GetITStatus
     /tmp/cczduryh.s:424    .text.RNG_ClearITPendingBit:00000000 $t
     /tmp/cczduryh.s:429    .text.RNG_ClearITPendingBit:00000000 RNG_ClearITPendingBit
                     .debug_frame:00000010 $d

UNDEFINED SYMBOLS
RCC_AHB2PeriphResetCmd
assert_failed
