   1              		.syntax unified
   2              		.cpu cortex-m4
   3              		.eabi_attribute 27, 3
   4              		.fpu fpv4-sp-d16
   5              		.eabi_attribute 20, 1
   6              		.eabi_attribute 21, 1
   7              		.eabi_attribute 23, 3
   8              		.eabi_attribute 24, 1
   9              		.eabi_attribute 25, 1
  10              		.eabi_attribute 26, 1
  11              		.eabi_attribute 30, 6
  12              		.eabi_attribute 34, 1
  13              		.eabi_attribute 18, 4
  14              		.thumb
  15              		.file	"stm32f4xx_dbgmcu.c"
  16              		.text
  17              	.Ltext0:
  18              		.cfi_sections	.debug_frame
  19              		.section	.text.DBGMCU_GetREVID,"ax",%progbits
  20              		.align	2
  21              		.global	DBGMCU_GetREVID
  22              		.thumb
  23              		.thumb_func
  25              	DBGMCU_GetREVID:
  26              	.LFB110:
  27              		.file 1 "App/STM32F4-Discovery/Libraries/STM32F4xx_StdPeriph_Driver/src/stm32f4xx_dbgmcu.c"
   1:App/STM32F4-Discovery/Libraries/STM32F4xx_StdPeriph_Driver/src/stm32f4xx_dbgmcu.c **** /**
   2:App/STM32F4-Discovery/Libraries/STM32F4xx_StdPeriph_Driver/src/stm32f4xx_dbgmcu.c ****   ******************************************************************************
   3:App/STM32F4-Discovery/Libraries/STM32F4xx_StdPeriph_Driver/src/stm32f4xx_dbgmcu.c ****   * @file    stm32f4xx_dbgmcu.c
   4:App/STM32F4-Discovery/Libraries/STM32F4xx_StdPeriph_Driver/src/stm32f4xx_dbgmcu.c ****   * @author  MCD Application Team
   5:App/STM32F4-Discovery/Libraries/STM32F4xx_StdPeriph_Driver/src/stm32f4xx_dbgmcu.c ****   * @version V1.0.0
   6:App/STM32F4-Discovery/Libraries/STM32F4xx_StdPeriph_Driver/src/stm32f4xx_dbgmcu.c ****   * @date    30-September-2011
   7:App/STM32F4-Discovery/Libraries/STM32F4xx_StdPeriph_Driver/src/stm32f4xx_dbgmcu.c ****   * @brief   This file provides all the DBGMCU firmware functions.
   8:App/STM32F4-Discovery/Libraries/STM32F4xx_StdPeriph_Driver/src/stm32f4xx_dbgmcu.c ****   ******************************************************************************
   9:App/STM32F4-Discovery/Libraries/STM32F4xx_StdPeriph_Driver/src/stm32f4xx_dbgmcu.c ****   * @attention
  10:App/STM32F4-Discovery/Libraries/STM32F4xx_StdPeriph_Driver/src/stm32f4xx_dbgmcu.c ****   *
  11:App/STM32F4-Discovery/Libraries/STM32F4xx_StdPeriph_Driver/src/stm32f4xx_dbgmcu.c ****   * THE PRESENT FIRMWARE WHICH IS FOR GUIDANCE ONLY AIMS AT PROVIDING CUSTOMERS
  12:App/STM32F4-Discovery/Libraries/STM32F4xx_StdPeriph_Driver/src/stm32f4xx_dbgmcu.c ****   * WITH CODING INFORMATION REGARDING THEIR PRODUCTS IN ORDER FOR THEM TO SAVE
  13:App/STM32F4-Discovery/Libraries/STM32F4xx_StdPeriph_Driver/src/stm32f4xx_dbgmcu.c ****   * TIME. AS A RESULT, STMICROELECTRONICS SHALL NOT BE HELD LIABLE FOR ANY
  14:App/STM32F4-Discovery/Libraries/STM32F4xx_StdPeriph_Driver/src/stm32f4xx_dbgmcu.c ****   * DIRECT, INDIRECT OR CONSEQUENTIAL DAMAGES WITH RESPECT TO ANY CLAIMS ARISING
  15:App/STM32F4-Discovery/Libraries/STM32F4xx_StdPeriph_Driver/src/stm32f4xx_dbgmcu.c ****   * FROM THE CONTENT OF SUCH FIRMWARE AND/OR THE USE MADE BY CUSTOMERS OF THE
  16:App/STM32F4-Discovery/Libraries/STM32F4xx_StdPeriph_Driver/src/stm32f4xx_dbgmcu.c ****   * CODING INFORMATION CONTAINED HEREIN IN CONNECTION WITH THEIR PRODUCTS.
  17:App/STM32F4-Discovery/Libraries/STM32F4xx_StdPeriph_Driver/src/stm32f4xx_dbgmcu.c ****   *
  18:App/STM32F4-Discovery/Libraries/STM32F4xx_StdPeriph_Driver/src/stm32f4xx_dbgmcu.c ****   * <h2><center>&copy; COPYRIGHT 2011 STMicroelectronics</center></h2>
  19:App/STM32F4-Discovery/Libraries/STM32F4xx_StdPeriph_Driver/src/stm32f4xx_dbgmcu.c ****   ******************************************************************************
  20:App/STM32F4-Discovery/Libraries/STM32F4xx_StdPeriph_Driver/src/stm32f4xx_dbgmcu.c ****   */
  21:App/STM32F4-Discovery/Libraries/STM32F4xx_StdPeriph_Driver/src/stm32f4xx_dbgmcu.c **** 
  22:App/STM32F4-Discovery/Libraries/STM32F4xx_StdPeriph_Driver/src/stm32f4xx_dbgmcu.c **** /* Includes ------------------------------------------------------------------*/
  23:App/STM32F4-Discovery/Libraries/STM32F4xx_StdPeriph_Driver/src/stm32f4xx_dbgmcu.c **** #include "stm32f4xx_dbgmcu.h"
  24:App/STM32F4-Discovery/Libraries/STM32F4xx_StdPeriph_Driver/src/stm32f4xx_dbgmcu.c **** 
  25:App/STM32F4-Discovery/Libraries/STM32F4xx_StdPeriph_Driver/src/stm32f4xx_dbgmcu.c **** /** @addtogroup STM32F4xx_StdPeriph_Driver
  26:App/STM32F4-Discovery/Libraries/STM32F4xx_StdPeriph_Driver/src/stm32f4xx_dbgmcu.c ****   * @{
  27:App/STM32F4-Discovery/Libraries/STM32F4xx_StdPeriph_Driver/src/stm32f4xx_dbgmcu.c ****   */
  28:App/STM32F4-Discovery/Libraries/STM32F4xx_StdPeriph_Driver/src/stm32f4xx_dbgmcu.c **** 
  29:App/STM32F4-Discovery/Libraries/STM32F4xx_StdPeriph_Driver/src/stm32f4xx_dbgmcu.c **** /** @defgroup DBGMCU 
  30:App/STM32F4-Discovery/Libraries/STM32F4xx_StdPeriph_Driver/src/stm32f4xx_dbgmcu.c ****   * @brief DBGMCU driver modules
  31:App/STM32F4-Discovery/Libraries/STM32F4xx_StdPeriph_Driver/src/stm32f4xx_dbgmcu.c ****   * @{
  32:App/STM32F4-Discovery/Libraries/STM32F4xx_StdPeriph_Driver/src/stm32f4xx_dbgmcu.c ****   */ 
  33:App/STM32F4-Discovery/Libraries/STM32F4xx_StdPeriph_Driver/src/stm32f4xx_dbgmcu.c **** 
  34:App/STM32F4-Discovery/Libraries/STM32F4xx_StdPeriph_Driver/src/stm32f4xx_dbgmcu.c **** /* Private typedef -----------------------------------------------------------*/
  35:App/STM32F4-Discovery/Libraries/STM32F4xx_StdPeriph_Driver/src/stm32f4xx_dbgmcu.c **** /* Private define ------------------------------------------------------------*/
  36:App/STM32F4-Discovery/Libraries/STM32F4xx_StdPeriph_Driver/src/stm32f4xx_dbgmcu.c **** #define IDCODE_DEVID_MASK    ((uint32_t)0x00000FFF)
  37:App/STM32F4-Discovery/Libraries/STM32F4xx_StdPeriph_Driver/src/stm32f4xx_dbgmcu.c **** 
  38:App/STM32F4-Discovery/Libraries/STM32F4xx_StdPeriph_Driver/src/stm32f4xx_dbgmcu.c **** /* Private macro -------------------------------------------------------------*/
  39:App/STM32F4-Discovery/Libraries/STM32F4xx_StdPeriph_Driver/src/stm32f4xx_dbgmcu.c **** /* Private variables ---------------------------------------------------------*/
  40:App/STM32F4-Discovery/Libraries/STM32F4xx_StdPeriph_Driver/src/stm32f4xx_dbgmcu.c **** /* Private function prototypes -----------------------------------------------*/
  41:App/STM32F4-Discovery/Libraries/STM32F4xx_StdPeriph_Driver/src/stm32f4xx_dbgmcu.c **** /* Private functions ---------------------------------------------------------*/
  42:App/STM32F4-Discovery/Libraries/STM32F4xx_StdPeriph_Driver/src/stm32f4xx_dbgmcu.c **** 
  43:App/STM32F4-Discovery/Libraries/STM32F4xx_StdPeriph_Driver/src/stm32f4xx_dbgmcu.c **** /** @defgroup DBGMCU_Private_Functions
  44:App/STM32F4-Discovery/Libraries/STM32F4xx_StdPeriph_Driver/src/stm32f4xx_dbgmcu.c ****   * @{
  45:App/STM32F4-Discovery/Libraries/STM32F4xx_StdPeriph_Driver/src/stm32f4xx_dbgmcu.c ****   */ 
  46:App/STM32F4-Discovery/Libraries/STM32F4xx_StdPeriph_Driver/src/stm32f4xx_dbgmcu.c **** 
  47:App/STM32F4-Discovery/Libraries/STM32F4xx_StdPeriph_Driver/src/stm32f4xx_dbgmcu.c **** /**
  48:App/STM32F4-Discovery/Libraries/STM32F4xx_StdPeriph_Driver/src/stm32f4xx_dbgmcu.c ****   * @brief  Returns the device revision identifier.
  49:App/STM32F4-Discovery/Libraries/STM32F4xx_StdPeriph_Driver/src/stm32f4xx_dbgmcu.c ****   * @param  None
  50:App/STM32F4-Discovery/Libraries/STM32F4xx_StdPeriph_Driver/src/stm32f4xx_dbgmcu.c ****   * @retval Device revision identifier
  51:App/STM32F4-Discovery/Libraries/STM32F4xx_StdPeriph_Driver/src/stm32f4xx_dbgmcu.c ****   */
  52:App/STM32F4-Discovery/Libraries/STM32F4xx_StdPeriph_Driver/src/stm32f4xx_dbgmcu.c **** uint32_t DBGMCU_GetREVID(void)
  53:App/STM32F4-Discovery/Libraries/STM32F4xx_StdPeriph_Driver/src/stm32f4xx_dbgmcu.c **** {
  28              		.loc 1 53 0
  29              		.cfi_startproc
  30              		@ args = 0, pretend = 0, frame = 0
  31              		@ frame_needed = 1, uses_anonymous_args = 0
  32              		@ link register save eliminated.
  33 0000 80B4     		push	{r7}
  34              	.LCFI0:
  35              		.cfi_def_cfa_offset 4
  36              		.cfi_offset 7, -4
  37 0002 00AF     		add	r7, sp, #0
  38              	.LCFI1:
  39              		.cfi_def_cfa_register 7
  54:App/STM32F4-Discovery/Libraries/STM32F4xx_StdPeriph_Driver/src/stm32f4xx_dbgmcu.c ****    return(DBGMCU->IDCODE >> 16);
  40              		.loc 1 54 0
  41 0004 4FF40053 		mov	r3, #8192
  42 0008 CEF20403 		movt	r3, 57348
  43 000c 1B68     		ldr	r3, [r3, #0]
  44 000e 4FEA1343 		lsr	r3, r3, #16
  55:App/STM32F4-Discovery/Libraries/STM32F4xx_StdPeriph_Driver/src/stm32f4xx_dbgmcu.c **** }
  45              		.loc 1 55 0
  46 0012 1846     		mov	r0, r3
  47 0014 BD46     		mov	sp, r7
  48 0016 80BC     		pop	{r7}
  49 0018 7047     		bx	lr
  50              		.cfi_endproc
  51              	.LFE110:
  53 001a 00BF     		.section	.text.DBGMCU_GetDEVID,"ax",%progbits
  54              		.align	2
  55              		.global	DBGMCU_GetDEVID
  56              		.thumb
  57              		.thumb_func
  59              	DBGMCU_GetDEVID:
  60              	.LFB111:
  56:App/STM32F4-Discovery/Libraries/STM32F4xx_StdPeriph_Driver/src/stm32f4xx_dbgmcu.c **** 
  57:App/STM32F4-Discovery/Libraries/STM32F4xx_StdPeriph_Driver/src/stm32f4xx_dbgmcu.c **** /**
  58:App/STM32F4-Discovery/Libraries/STM32F4xx_StdPeriph_Driver/src/stm32f4xx_dbgmcu.c ****   * @brief  Returns the device identifier.
  59:App/STM32F4-Discovery/Libraries/STM32F4xx_StdPeriph_Driver/src/stm32f4xx_dbgmcu.c ****   * @param  None
  60:App/STM32F4-Discovery/Libraries/STM32F4xx_StdPeriph_Driver/src/stm32f4xx_dbgmcu.c ****   * @retval Device identifier
  61:App/STM32F4-Discovery/Libraries/STM32F4xx_StdPeriph_Driver/src/stm32f4xx_dbgmcu.c ****   */
  62:App/STM32F4-Discovery/Libraries/STM32F4xx_StdPeriph_Driver/src/stm32f4xx_dbgmcu.c **** uint32_t DBGMCU_GetDEVID(void)
  63:App/STM32F4-Discovery/Libraries/STM32F4xx_StdPeriph_Driver/src/stm32f4xx_dbgmcu.c **** {
  61              		.loc 1 63 0
  62              		.cfi_startproc
  63              		@ args = 0, pretend = 0, frame = 0
  64              		@ frame_needed = 1, uses_anonymous_args = 0
  65              		@ link register save eliminated.
  66 0000 80B4     		push	{r7}
  67              	.LCFI2:
  68              		.cfi_def_cfa_offset 4
  69              		.cfi_offset 7, -4
  70 0002 00AF     		add	r7, sp, #0
  71              	.LCFI3:
  72              		.cfi_def_cfa_register 7
  64:App/STM32F4-Discovery/Libraries/STM32F4xx_StdPeriph_Driver/src/stm32f4xx_dbgmcu.c ****    return(DBGMCU->IDCODE & IDCODE_DEVID_MASK);
  73              		.loc 1 64 0
  74 0004 4FF40053 		mov	r3, #8192
  75 0008 CEF20403 		movt	r3, 57348
  76 000c 1B68     		ldr	r3, [r3, #0]
  77 000e 4FEA0353 		lsl	r3, r3, #20
  78 0012 4FEA1353 		lsr	r3, r3, #20
  65:App/STM32F4-Discovery/Libraries/STM32F4xx_StdPeriph_Driver/src/stm32f4xx_dbgmcu.c **** }
  79              		.loc 1 65 0
  80 0016 1846     		mov	r0, r3
  81 0018 BD46     		mov	sp, r7
  82 001a 80BC     		pop	{r7}
  83 001c 7047     		bx	lr
  84              		.cfi_endproc
  85              	.LFE111:
  87 001e 00BF     		.section	.rodata
  88              		.align	2
  89              	.LC0:
  90 0000 4170702F 		.ascii	"App/STM32F4-Discovery/Libraries/STM32F4xx_StdPeriph"
  90      53544D33 
  90      3246342D 
  90      44697363 
  90      6F766572 
  91 0033 5F447269 		.ascii	"_Driver/src/stm32f4xx_dbgmcu.c\000"
  91      7665722F 
  91      7372632F 
  91      73746D33 
  91      32663478 
  92 0052 0000     		.section	.text.DBGMCU_Config,"ax",%progbits
  93              		.align	2
  94              		.global	DBGMCU_Config
  95              		.thumb
  96              		.thumb_func
  98              	DBGMCU_Config:
  99              	.LFB112:
  66:App/STM32F4-Discovery/Libraries/STM32F4xx_StdPeriph_Driver/src/stm32f4xx_dbgmcu.c **** 
  67:App/STM32F4-Discovery/Libraries/STM32F4xx_StdPeriph_Driver/src/stm32f4xx_dbgmcu.c **** /**
  68:App/STM32F4-Discovery/Libraries/STM32F4xx_StdPeriph_Driver/src/stm32f4xx_dbgmcu.c ****   * @brief  Configures low power mode behavior when the MCU is in Debug mode.
  69:App/STM32F4-Discovery/Libraries/STM32F4xx_StdPeriph_Driver/src/stm32f4xx_dbgmcu.c ****   * @param  DBGMCU_Periph: specifies the low power mode.
  70:App/STM32F4-Discovery/Libraries/STM32F4xx_StdPeriph_Driver/src/stm32f4xx_dbgmcu.c ****   *   This parameter can be any combination of the following values:
  71:App/STM32F4-Discovery/Libraries/STM32F4xx_StdPeriph_Driver/src/stm32f4xx_dbgmcu.c ****   *     @arg DBGMCU_SLEEP: Keep debugger connection during SLEEP mode              
  72:App/STM32F4-Discovery/Libraries/STM32F4xx_StdPeriph_Driver/src/stm32f4xx_dbgmcu.c ****   *     @arg DBGMCU_STOP: Keep debugger connection during STOP mode               
  73:App/STM32F4-Discovery/Libraries/STM32F4xx_StdPeriph_Driver/src/stm32f4xx_dbgmcu.c ****   *     @arg DBGMCU_STANDBY: Keep debugger connection during STANDBY mode        
  74:App/STM32F4-Discovery/Libraries/STM32F4xx_StdPeriph_Driver/src/stm32f4xx_dbgmcu.c ****   * @param  NewState: new state of the specified low power mode in Debug mode.
  75:App/STM32F4-Discovery/Libraries/STM32F4xx_StdPeriph_Driver/src/stm32f4xx_dbgmcu.c ****   *   This parameter can be: ENABLE or DISABLE.
  76:App/STM32F4-Discovery/Libraries/STM32F4xx_StdPeriph_Driver/src/stm32f4xx_dbgmcu.c ****   * @retval None
  77:App/STM32F4-Discovery/Libraries/STM32F4xx_StdPeriph_Driver/src/stm32f4xx_dbgmcu.c ****   */
  78:App/STM32F4-Discovery/Libraries/STM32F4xx_StdPeriph_Driver/src/stm32f4xx_dbgmcu.c **** void DBGMCU_Config(uint32_t DBGMCU_Periph, FunctionalState NewState)
  79:App/STM32F4-Discovery/Libraries/STM32F4xx_StdPeriph_Driver/src/stm32f4xx_dbgmcu.c **** {
 100              		.loc 1 79 0
 101              		.cfi_startproc
 102              		@ args = 0, pretend = 0, frame = 8
 103              		@ frame_needed = 1, uses_anonymous_args = 0
 104 0000 80B5     		push	{r7, lr}
 105              	.LCFI4:
 106              		.cfi_def_cfa_offset 8
 107              		.cfi_offset 7, -8
 108              		.cfi_offset 14, -4
 109 0002 82B0     		sub	sp, sp, #8
 110              	.LCFI5:
 111              		.cfi_def_cfa_offset 16
 112 0004 00AF     		add	r7, sp, #0
 113              	.LCFI6:
 114              		.cfi_def_cfa_register 7
 115 0006 7860     		str	r0, [r7, #4]
 116 0008 0B46     		mov	r3, r1
 117 000a FB70     		strb	r3, [r7, #3]
  80:App/STM32F4-Discovery/Libraries/STM32F4xx_StdPeriph_Driver/src/stm32f4xx_dbgmcu.c ****   /* Check the parameters */
  81:App/STM32F4-Discovery/Libraries/STM32F4xx_StdPeriph_Driver/src/stm32f4xx_dbgmcu.c ****   assert_param(IS_DBGMCU_PERIPH(DBGMCU_Periph));
 118              		.loc 1 81 0
 119 000c 7B68     		ldr	r3, [r7, #4]
 120 000e 23F00703 		bic	r3, r3, #7
 121 0012 002B     		cmp	r3, #0
 122 0014 02D1     		bne	.L6
 123              		.loc 1 81 0 is_stmt 0 discriminator 2
 124 0016 7B68     		ldr	r3, [r7, #4]
 125 0018 002B     		cmp	r3, #0
 126 001a 07D1     		bne	.L7
 127              	.L6:
 128              		.loc 1 81 0 discriminator 1
 129 001c 40F20000 		movw	r0, #:lower16:.LC0
 130 0020 C0F20000 		movt	r0, #:upper16:.LC0
 131 0024 4FF05101 		mov	r1, #81
 132 0028 FFF7FEFF 		bl	assert_failed
 133              	.L7:
  82:App/STM32F4-Discovery/Libraries/STM32F4xx_StdPeriph_Driver/src/stm32f4xx_dbgmcu.c ****   assert_param(IS_FUNCTIONAL_STATE(NewState));
 134              		.loc 1 82 0 is_stmt 1
 135 002c FB78     		ldrb	r3, [r7, #3]	@ zero_extendqisi2
 136 002e 002B     		cmp	r3, #0
 137 0030 0AD0     		beq	.L8
 138              		.loc 1 82 0 is_stmt 0 discriminator 1
 139 0032 FB78     		ldrb	r3, [r7, #3]	@ zero_extendqisi2
 140 0034 012B     		cmp	r3, #1
 141 0036 07D0     		beq	.L8
 142              		.loc 1 82 0 discriminator 2
 143 0038 40F20000 		movw	r0, #:lower16:.LC0
 144 003c C0F20000 		movt	r0, #:upper16:.LC0
 145 0040 4FF05201 		mov	r1, #82
 146 0044 FFF7FEFF 		bl	assert_failed
 147              	.L8:
  83:App/STM32F4-Discovery/Libraries/STM32F4xx_StdPeriph_Driver/src/stm32f4xx_dbgmcu.c ****   if (NewState != DISABLE)
 148              		.loc 1 83 0 is_stmt 1
 149 0048 FB78     		ldrb	r3, [r7, #3]	@ zero_extendqisi2
 150 004a 002B     		cmp	r3, #0
 151 004c 0CD0     		beq	.L9
  84:App/STM32F4-Discovery/Libraries/STM32F4xx_StdPeriph_Driver/src/stm32f4xx_dbgmcu.c ****   {
  85:App/STM32F4-Discovery/Libraries/STM32F4xx_StdPeriph_Driver/src/stm32f4xx_dbgmcu.c ****     DBGMCU->CR |= DBGMCU_Periph;
 152              		.loc 1 85 0
 153 004e 4FF40053 		mov	r3, #8192
 154 0052 CEF20403 		movt	r3, 57348
 155 0056 4FF40052 		mov	r2, #8192
 156 005a CEF20402 		movt	r2, 57348
 157 005e 5168     		ldr	r1, [r2, #4]
 158 0060 7A68     		ldr	r2, [r7, #4]
 159 0062 0A43     		orrs	r2, r2, r1
 160 0064 5A60     		str	r2, [r3, #4]
 161 0066 0DE0     		b	.L5
 162              	.L9:
  86:App/STM32F4-Discovery/Libraries/STM32F4xx_StdPeriph_Driver/src/stm32f4xx_dbgmcu.c ****   }
  87:App/STM32F4-Discovery/Libraries/STM32F4xx_StdPeriph_Driver/src/stm32f4xx_dbgmcu.c ****   else
  88:App/STM32F4-Discovery/Libraries/STM32F4xx_StdPeriph_Driver/src/stm32f4xx_dbgmcu.c ****   {
  89:App/STM32F4-Discovery/Libraries/STM32F4xx_StdPeriph_Driver/src/stm32f4xx_dbgmcu.c ****     DBGMCU->CR &= ~DBGMCU_Periph;
 163              		.loc 1 89 0
 164 0068 4FF40053 		mov	r3, #8192
 165 006c CEF20403 		movt	r3, 57348
 166 0070 4FF40052 		mov	r2, #8192
 167 0074 CEF20402 		movt	r2, 57348
 168 0078 5168     		ldr	r1, [r2, #4]
 169 007a 7A68     		ldr	r2, [r7, #4]
 170 007c 6FEA0202 		mvn	r2, r2
 171 0080 0A40     		ands	r2, r2, r1
 172 0082 5A60     		str	r2, [r3, #4]
 173              	.L5:
  90:App/STM32F4-Discovery/Libraries/STM32F4xx_StdPeriph_Driver/src/stm32f4xx_dbgmcu.c ****   }
  91:App/STM32F4-Discovery/Libraries/STM32F4xx_StdPeriph_Driver/src/stm32f4xx_dbgmcu.c **** }
 174              		.loc 1 91 0
 175 0084 07F10807 		add	r7, r7, #8
 176 0088 BD46     		mov	sp, r7
 177 008a 80BD     		pop	{r7, pc}
 178              		.cfi_endproc
 179              	.LFE112:
 181              		.section	.text.DBGMCU_APB1PeriphConfig,"ax",%progbits
 182              		.align	2
 183              		.global	DBGMCU_APB1PeriphConfig
 184              		.thumb
 185              		.thumb_func
 187              	DBGMCU_APB1PeriphConfig:
 188              	.LFB113:
  92:App/STM32F4-Discovery/Libraries/STM32F4xx_StdPeriph_Driver/src/stm32f4xx_dbgmcu.c **** 
  93:App/STM32F4-Discovery/Libraries/STM32F4xx_StdPeriph_Driver/src/stm32f4xx_dbgmcu.c **** /**
  94:App/STM32F4-Discovery/Libraries/STM32F4xx_StdPeriph_Driver/src/stm32f4xx_dbgmcu.c ****   * @brief  Configures APB1 peripheral behavior when the MCU is in Debug mode.
  95:App/STM32F4-Discovery/Libraries/STM32F4xx_StdPeriph_Driver/src/stm32f4xx_dbgmcu.c ****   * @param  DBGMCU_Periph: specifies the APB1 peripheral.
  96:App/STM32F4-Discovery/Libraries/STM32F4xx_StdPeriph_Driver/src/stm32f4xx_dbgmcu.c ****   *   This parameter can be any combination of the following values:        
  97:App/STM32F4-Discovery/Libraries/STM32F4xx_StdPeriph_Driver/src/stm32f4xx_dbgmcu.c ****   *     @arg DBGMCU_TIM2_STOP: TIM2 counter stopped when Core is halted          
  98:App/STM32F4-Discovery/Libraries/STM32F4xx_StdPeriph_Driver/src/stm32f4xx_dbgmcu.c ****   *     @arg DBGMCU_TIM3_STOP: TIM3 counter stopped when Core is halted          
  99:App/STM32F4-Discovery/Libraries/STM32F4xx_StdPeriph_Driver/src/stm32f4xx_dbgmcu.c ****   *     @arg DBGMCU_TIM4_STOP: TIM4 counter stopped when Core is halted
 100:App/STM32F4-Discovery/Libraries/STM32F4xx_StdPeriph_Driver/src/stm32f4xx_dbgmcu.c ****   *     @arg DBGMCU_TIM5_STOP: TIM5 counter stopped when Core is halted          
 101:App/STM32F4-Discovery/Libraries/STM32F4xx_StdPeriph_Driver/src/stm32f4xx_dbgmcu.c ****   *     @arg DBGMCU_TIM6_STOP: TIM6 counter stopped when Core is halted          
 102:App/STM32F4-Discovery/Libraries/STM32F4xx_StdPeriph_Driver/src/stm32f4xx_dbgmcu.c ****   *     @arg DBGMCU_TIM7_STOP: TIM7 counter stopped when Core is halted
 103:App/STM32F4-Discovery/Libraries/STM32F4xx_StdPeriph_Driver/src/stm32f4xx_dbgmcu.c ****   *     @arg DBGMCU_TIM12_STOP: TIM12 counter stopped when Core is halted  
 104:App/STM32F4-Discovery/Libraries/STM32F4xx_StdPeriph_Driver/src/stm32f4xx_dbgmcu.c ****   *     @arg DBGMCU_TIM13_STOP: TIM13 counter stopped when Core is halted  
 105:App/STM32F4-Discovery/Libraries/STM32F4xx_StdPeriph_Driver/src/stm32f4xx_dbgmcu.c ****   *     @arg DBGMCU_TIM14_STOP: TIM14 counter stopped when Core is halted 
 106:App/STM32F4-Discovery/Libraries/STM32F4xx_StdPeriph_Driver/src/stm32f4xx_dbgmcu.c ****   *     @arg DBGMCU_RTC_STOP: RTC Calendar and Wakeup counter stopped when Core is halted.         
 107:App/STM32F4-Discovery/Libraries/STM32F4xx_StdPeriph_Driver/src/stm32f4xx_dbgmcu.c ****   *     @arg DBGMCU_WWDG_STOP: Debug WWDG stopped when Core is halted
 108:App/STM32F4-Discovery/Libraries/STM32F4xx_StdPeriph_Driver/src/stm32f4xx_dbgmcu.c ****   *     @arg DBGMCU_IWDG_STOP: Debug IWDG stopped when Core is halted        
 109:App/STM32F4-Discovery/Libraries/STM32F4xx_StdPeriph_Driver/src/stm32f4xx_dbgmcu.c ****   *     @arg DBGMCU_I2C1_SMBUS_TIMEOUT: I2C1 SMBUS timeout mode stopped when Core is halted
 110:App/STM32F4-Discovery/Libraries/STM32F4xx_StdPeriph_Driver/src/stm32f4xx_dbgmcu.c ****   *     @arg DBGMCU_I2C2_SMBUS_TIMEOUT: I2C2 SMBUS timeout mode stopped when Core is halted
 111:App/STM32F4-Discovery/Libraries/STM32F4xx_StdPeriph_Driver/src/stm32f4xx_dbgmcu.c ****   *     @arg DBGMCU_I2C3_SMBUS_TIMEOUT: I2C3 SMBUS timeout mode stopped when Core is halted
 112:App/STM32F4-Discovery/Libraries/STM32F4xx_StdPeriph_Driver/src/stm32f4xx_dbgmcu.c ****   *     @arg DBGMCU_CAN2_STOP: Debug CAN1 stopped when Core is halted           
 113:App/STM32F4-Discovery/Libraries/STM32F4xx_StdPeriph_Driver/src/stm32f4xx_dbgmcu.c ****   *     @arg DBGMCU_CAN1_STOP: Debug CAN2 stopped when Core is halted        
 114:App/STM32F4-Discovery/Libraries/STM32F4xx_StdPeriph_Driver/src/stm32f4xx_dbgmcu.c ****   *   This parameter can be: ENABLE or DISABLE.
 115:App/STM32F4-Discovery/Libraries/STM32F4xx_StdPeriph_Driver/src/stm32f4xx_dbgmcu.c ****   * @retval None
 116:App/STM32F4-Discovery/Libraries/STM32F4xx_StdPeriph_Driver/src/stm32f4xx_dbgmcu.c ****   */
 117:App/STM32F4-Discovery/Libraries/STM32F4xx_StdPeriph_Driver/src/stm32f4xx_dbgmcu.c **** void DBGMCU_APB1PeriphConfig(uint32_t DBGMCU_Periph, FunctionalState NewState)
 118:App/STM32F4-Discovery/Libraries/STM32F4xx_StdPeriph_Driver/src/stm32f4xx_dbgmcu.c **** {
 189              		.loc 1 118 0
 190              		.cfi_startproc
 191              		@ args = 0, pretend = 0, frame = 8
 192              		@ frame_needed = 1, uses_anonymous_args = 0
 193 0000 80B5     		push	{r7, lr}
 194              	.LCFI7:
 195              		.cfi_def_cfa_offset 8
 196              		.cfi_offset 7, -8
 197              		.cfi_offset 14, -4
 198 0002 82B0     		sub	sp, sp, #8
 199              	.LCFI8:
 200              		.cfi_def_cfa_offset 16
 201 0004 00AF     		add	r7, sp, #0
 202              	.LCFI9:
 203              		.cfi_def_cfa_register 7
 204 0006 7860     		str	r0, [r7, #4]
 205 0008 0B46     		mov	r3, r1
 206 000a FB70     		strb	r3, [r7, #3]
 119:App/STM32F4-Discovery/Libraries/STM32F4xx_StdPeriph_Driver/src/stm32f4xx_dbgmcu.c ****   /* Check the parameters */
 120:App/STM32F4-Discovery/Libraries/STM32F4xx_StdPeriph_Driver/src/stm32f4xx_dbgmcu.c ****   assert_param(IS_DBGMCU_APB1PERIPH(DBGMCU_Periph));
 207              		.loc 1 120 0
 208 000c 7A68     		ldr	r2, [r7, #4]
 209 000e 4FF46243 		mov	r3, #57856
 210 0012 CFF61F13 		movt	r3, 63775
 211 0016 1340     		ands	r3, r3, r2
 212 0018 002B     		cmp	r3, #0
 213 001a 02D1     		bne	.L12
 214              		.loc 1 120 0 is_stmt 0 discriminator 2
 215 001c 7B68     		ldr	r3, [r7, #4]
 216 001e 002B     		cmp	r3, #0
 217 0020 07D1     		bne	.L13
 218              	.L12:
 219              		.loc 1 120 0 discriminator 1
 220 0022 40F20000 		movw	r0, #:lower16:.LC0
 221 0026 C0F20000 		movt	r0, #:upper16:.LC0
 222 002a 4FF07801 		mov	r1, #120
 223 002e FFF7FEFF 		bl	assert_failed
 224              	.L13:
 121:App/STM32F4-Discovery/Libraries/STM32F4xx_StdPeriph_Driver/src/stm32f4xx_dbgmcu.c ****   assert_param(IS_FUNCTIONAL_STATE(NewState));
 225              		.loc 1 121 0 is_stmt 1
 226 0032 FB78     		ldrb	r3, [r7, #3]	@ zero_extendqisi2
 227 0034 002B     		cmp	r3, #0
 228 0036 0AD0     		beq	.L14
 229              		.loc 1 121 0 is_stmt 0 discriminator 1
 230 0038 FB78     		ldrb	r3, [r7, #3]	@ zero_extendqisi2
 231 003a 012B     		cmp	r3, #1
 232 003c 07D0     		beq	.L14
 233              		.loc 1 121 0 discriminator 2
 234 003e 40F20000 		movw	r0, #:lower16:.LC0
 235 0042 C0F20000 		movt	r0, #:upper16:.LC0
 236 0046 4FF07901 		mov	r1, #121
 237 004a FFF7FEFF 		bl	assert_failed
 238              	.L14:
 122:App/STM32F4-Discovery/Libraries/STM32F4xx_StdPeriph_Driver/src/stm32f4xx_dbgmcu.c **** 
 123:App/STM32F4-Discovery/Libraries/STM32F4xx_StdPeriph_Driver/src/stm32f4xx_dbgmcu.c ****   if (NewState != DISABLE)
 239              		.loc 1 123 0 is_stmt 1
 240 004e FB78     		ldrb	r3, [r7, #3]	@ zero_extendqisi2
 241 0050 002B     		cmp	r3, #0
 242 0052 0CD0     		beq	.L15
 124:App/STM32F4-Discovery/Libraries/STM32F4xx_StdPeriph_Driver/src/stm32f4xx_dbgmcu.c ****   {
 125:App/STM32F4-Discovery/Libraries/STM32F4xx_StdPeriph_Driver/src/stm32f4xx_dbgmcu.c ****     DBGMCU->APB1FZ |= DBGMCU_Periph;
 243              		.loc 1 125 0
 244 0054 4FF40053 		mov	r3, #8192
 245 0058 CEF20403 		movt	r3, 57348
 246 005c 4FF40052 		mov	r2, #8192
 247 0060 CEF20402 		movt	r2, 57348
 248 0064 9168     		ldr	r1, [r2, #8]
 249 0066 7A68     		ldr	r2, [r7, #4]
 250 0068 0A43     		orrs	r2, r2, r1
 251 006a 9A60     		str	r2, [r3, #8]
 252 006c 0DE0     		b	.L11
 253              	.L15:
 126:App/STM32F4-Discovery/Libraries/STM32F4xx_StdPeriph_Driver/src/stm32f4xx_dbgmcu.c ****   }
 127:App/STM32F4-Discovery/Libraries/STM32F4xx_StdPeriph_Driver/src/stm32f4xx_dbgmcu.c ****   else
 128:App/STM32F4-Discovery/Libraries/STM32F4xx_StdPeriph_Driver/src/stm32f4xx_dbgmcu.c ****   {
 129:App/STM32F4-Discovery/Libraries/STM32F4xx_StdPeriph_Driver/src/stm32f4xx_dbgmcu.c ****     DBGMCU->APB1FZ &= ~DBGMCU_Periph;
 254              		.loc 1 129 0
 255 006e 4FF40053 		mov	r3, #8192
 256 0072 CEF20403 		movt	r3, 57348
 257 0076 4FF40052 		mov	r2, #8192
 258 007a CEF20402 		movt	r2, 57348
 259 007e 9168     		ldr	r1, [r2, #8]
 260 0080 7A68     		ldr	r2, [r7, #4]
 261 0082 6FEA0202 		mvn	r2, r2
 262 0086 0A40     		ands	r2, r2, r1
 263 0088 9A60     		str	r2, [r3, #8]
 264              	.L11:
 130:App/STM32F4-Discovery/Libraries/STM32F4xx_StdPeriph_Driver/src/stm32f4xx_dbgmcu.c ****   }
 131:App/STM32F4-Discovery/Libraries/STM32F4xx_StdPeriph_Driver/src/stm32f4xx_dbgmcu.c **** }
 265              		.loc 1 131 0
 266 008a 07F10807 		add	r7, r7, #8
 267 008e BD46     		mov	sp, r7
 268 0090 80BD     		pop	{r7, pc}
 269              		.cfi_endproc
 270              	.LFE113:
 272              		.section	.text.DBGMCU_APB2PeriphConfig,"ax",%progbits
 273              		.align	2
 274              		.global	DBGMCU_APB2PeriphConfig
 275              		.thumb
 276              		.thumb_func
 278              	DBGMCU_APB2PeriphConfig:
 279              	.LFB114:
 132:App/STM32F4-Discovery/Libraries/STM32F4xx_StdPeriph_Driver/src/stm32f4xx_dbgmcu.c **** 
 133:App/STM32F4-Discovery/Libraries/STM32F4xx_StdPeriph_Driver/src/stm32f4xx_dbgmcu.c **** /**
 134:App/STM32F4-Discovery/Libraries/STM32F4xx_StdPeriph_Driver/src/stm32f4xx_dbgmcu.c ****   * @brief  Configures APB2 peripheral behavior when the MCU is in Debug mode.
 135:App/STM32F4-Discovery/Libraries/STM32F4xx_StdPeriph_Driver/src/stm32f4xx_dbgmcu.c ****   * @param  DBGMCU_Periph: specifies the APB2 peripheral.
 136:App/STM32F4-Discovery/Libraries/STM32F4xx_StdPeriph_Driver/src/stm32f4xx_dbgmcu.c ****   *   This parameter can be any combination of the following values:       
 137:App/STM32F4-Discovery/Libraries/STM32F4xx_StdPeriph_Driver/src/stm32f4xx_dbgmcu.c ****   *     @arg DBGMCU_TIM1_STOP: TIM1 counter stopped when Core is halted                
 138:App/STM32F4-Discovery/Libraries/STM32F4xx_StdPeriph_Driver/src/stm32f4xx_dbgmcu.c ****   *     @arg DBGMCU_TIM8_STOP: TIM8 counter stopped when Core is halted
 139:App/STM32F4-Discovery/Libraries/STM32F4xx_StdPeriph_Driver/src/stm32f4xx_dbgmcu.c ****   *     @arg DBGMCU_TIM9_STOP: TIM9 counter stopped when Core is halted   
 140:App/STM32F4-Discovery/Libraries/STM32F4xx_StdPeriph_Driver/src/stm32f4xx_dbgmcu.c ****   *     @arg DBGMCU_TIM10_STOP: TIM10 counter stopped when Core is halted   
 141:App/STM32F4-Discovery/Libraries/STM32F4xx_StdPeriph_Driver/src/stm32f4xx_dbgmcu.c ****   *     @arg DBGMCU_TIM11_STOP: TIM11 counter stopped when Core is halted                          
 142:App/STM32F4-Discovery/Libraries/STM32F4xx_StdPeriph_Driver/src/stm32f4xx_dbgmcu.c ****   * @param  NewState: new state of the specified peripheral in Debug mode.
 143:App/STM32F4-Discovery/Libraries/STM32F4xx_StdPeriph_Driver/src/stm32f4xx_dbgmcu.c ****   *   This parameter can be: ENABLE or DISABLE.
 144:App/STM32F4-Discovery/Libraries/STM32F4xx_StdPeriph_Driver/src/stm32f4xx_dbgmcu.c ****   * @retval None
 145:App/STM32F4-Discovery/Libraries/STM32F4xx_StdPeriph_Driver/src/stm32f4xx_dbgmcu.c ****   */
 146:App/STM32F4-Discovery/Libraries/STM32F4xx_StdPeriph_Driver/src/stm32f4xx_dbgmcu.c **** void DBGMCU_APB2PeriphConfig(uint32_t DBGMCU_Periph, FunctionalState NewState)
 147:App/STM32F4-Discovery/Libraries/STM32F4xx_StdPeriph_Driver/src/stm32f4xx_dbgmcu.c **** {
 280              		.loc 1 147 0
 281              		.cfi_startproc
 282              		@ args = 0, pretend = 0, frame = 8
 283              		@ frame_needed = 1, uses_anonymous_args = 0
 284 0000 80B5     		push	{r7, lr}
 285              	.LCFI10:
 286              		.cfi_def_cfa_offset 8
 287              		.cfi_offset 7, -8
 288              		.cfi_offset 14, -4
 289 0002 82B0     		sub	sp, sp, #8
 290              	.LCFI11:
 291              		.cfi_def_cfa_offset 16
 292 0004 00AF     		add	r7, sp, #0
 293              	.LCFI12:
 294              		.cfi_def_cfa_register 7
 295 0006 7860     		str	r0, [r7, #4]
 296 0008 0B46     		mov	r3, r1
 297 000a FB70     		strb	r3, [r7, #3]
 148:App/STM32F4-Discovery/Libraries/STM32F4xx_StdPeriph_Driver/src/stm32f4xx_dbgmcu.c ****   /* Check the parameters */
 149:App/STM32F4-Discovery/Libraries/STM32F4xx_StdPeriph_Driver/src/stm32f4xx_dbgmcu.c ****   assert_param(IS_DBGMCU_APB2PERIPH(DBGMCU_Periph));
 298              		.loc 1 149 0
 299 000c 7B68     		ldr	r3, [r7, #4]
 300 000e 23F4E023 		bic	r3, r3, #458752
 301 0012 23F00303 		bic	r3, r3, #3
 302 0016 002B     		cmp	r3, #0
 303 0018 02D1     		bne	.L18
 304              		.loc 1 149 0 is_stmt 0 discriminator 2
 305 001a 7B68     		ldr	r3, [r7, #4]
 306 001c 002B     		cmp	r3, #0
 307 001e 07D1     		bne	.L19
 308              	.L18:
 309              		.loc 1 149 0 discriminator 1
 310 0020 40F20000 		movw	r0, #:lower16:.LC0
 311 0024 C0F20000 		movt	r0, #:upper16:.LC0
 312 0028 4FF09501 		mov	r1, #149
 313 002c FFF7FEFF 		bl	assert_failed
 314              	.L19:
 150:App/STM32F4-Discovery/Libraries/STM32F4xx_StdPeriph_Driver/src/stm32f4xx_dbgmcu.c ****   assert_param(IS_FUNCTIONAL_STATE(NewState));
 315              		.loc 1 150 0 is_stmt 1
 316 0030 FB78     		ldrb	r3, [r7, #3]	@ zero_extendqisi2
 317 0032 002B     		cmp	r3, #0
 318 0034 0AD0     		beq	.L20
 319              		.loc 1 150 0 is_stmt 0 discriminator 1
 320 0036 FB78     		ldrb	r3, [r7, #3]	@ zero_extendqisi2
 321 0038 012B     		cmp	r3, #1
 322 003a 07D0     		beq	.L20
 323              		.loc 1 150 0 discriminator 2
 324 003c 40F20000 		movw	r0, #:lower16:.LC0
 325 0040 C0F20000 		movt	r0, #:upper16:.LC0
 326 0044 4FF09601 		mov	r1, #150
 327 0048 FFF7FEFF 		bl	assert_failed
 328              	.L20:
 151:App/STM32F4-Discovery/Libraries/STM32F4xx_StdPeriph_Driver/src/stm32f4xx_dbgmcu.c **** 
 152:App/STM32F4-Discovery/Libraries/STM32F4xx_StdPeriph_Driver/src/stm32f4xx_dbgmcu.c ****   if (NewState != DISABLE)
 329              		.loc 1 152 0 is_stmt 1
 330 004c FB78     		ldrb	r3, [r7, #3]	@ zero_extendqisi2
 331 004e 002B     		cmp	r3, #0
 332 0050 0CD0     		beq	.L21
 153:App/STM32F4-Discovery/Libraries/STM32F4xx_StdPeriph_Driver/src/stm32f4xx_dbgmcu.c ****   {
 154:App/STM32F4-Discovery/Libraries/STM32F4xx_StdPeriph_Driver/src/stm32f4xx_dbgmcu.c ****     DBGMCU->APB2FZ |= DBGMCU_Periph;
 333              		.loc 1 154 0
 334 0052 4FF40053 		mov	r3, #8192
 335 0056 CEF20403 		movt	r3, 57348
 336 005a 4FF40052 		mov	r2, #8192
 337 005e CEF20402 		movt	r2, 57348
 338 0062 D168     		ldr	r1, [r2, #12]
 339 0064 7A68     		ldr	r2, [r7, #4]
 340 0066 0A43     		orrs	r2, r2, r1
 341 0068 DA60     		str	r2, [r3, #12]
 342 006a 0DE0     		b	.L17
 343              	.L21:
 155:App/STM32F4-Discovery/Libraries/STM32F4xx_StdPeriph_Driver/src/stm32f4xx_dbgmcu.c ****   }
 156:App/STM32F4-Discovery/Libraries/STM32F4xx_StdPeriph_Driver/src/stm32f4xx_dbgmcu.c ****   else
 157:App/STM32F4-Discovery/Libraries/STM32F4xx_StdPeriph_Driver/src/stm32f4xx_dbgmcu.c ****   {
 158:App/STM32F4-Discovery/Libraries/STM32F4xx_StdPeriph_Driver/src/stm32f4xx_dbgmcu.c ****     DBGMCU->APB2FZ &= ~DBGMCU_Periph;
 344              		.loc 1 158 0
 345 006c 4FF40053 		mov	r3, #8192
 346 0070 CEF20403 		movt	r3, 57348
 347 0074 4FF40052 		mov	r2, #8192
 348 0078 CEF20402 		movt	r2, 57348
 349 007c D168     		ldr	r1, [r2, #12]
 350 007e 7A68     		ldr	r2, [r7, #4]
 351 0080 6FEA0202 		mvn	r2, r2
 352 0084 0A40     		ands	r2, r2, r1
 353 0086 DA60     		str	r2, [r3, #12]
 354              	.L17:
 159:App/STM32F4-Discovery/Libraries/STM32F4xx_StdPeriph_Driver/src/stm32f4xx_dbgmcu.c ****   }
 160:App/STM32F4-Discovery/Libraries/STM32F4xx_StdPeriph_Driver/src/stm32f4xx_dbgmcu.c **** }
 355              		.loc 1 160 0
 356 0088 07F10807 		add	r7, r7, #8
 357 008c BD46     		mov	sp, r7
 358 008e 80BD     		pop	{r7, pc}
 359              		.cfi_endproc
 360              	.LFE114:
 362              		.text
 363              	.Letext0:
 364              		.file 2 "/home/thanhtruong/embedded-development/toolchain/gcc-arm-none-eabi-4_7-2013q1/bin/../lib/
 365              		.file 3 "App/STM32F4-Discovery/Libraries/CMSIS/ST/STM32F4xx/Include/stm32f4xx.h"
 366              		.file 4 "App/STM32F4-Discovery/Libraries/CMSIS/Include/core_cm4.h"
DEFINED SYMBOLS
                            *ABS*:00000000 stm32f4xx_dbgmcu.c
     /tmp/cc3cydWc.s:20     .text.DBGMCU_GetREVID:00000000 $t
     /tmp/cc3cydWc.s:25     .text.DBGMCU_GetREVID:00000000 DBGMCU_GetREVID
     /tmp/cc3cydWc.s:54     .text.DBGMCU_GetDEVID:00000000 $t
     /tmp/cc3cydWc.s:59     .text.DBGMCU_GetDEVID:00000000 DBGMCU_GetDEVID
     /tmp/cc3cydWc.s:88     .rodata:00000000 $d
     /tmp/cc3cydWc.s:89     .rodata:00000000 .LC0
     /tmp/cc3cydWc.s:93     .text.DBGMCU_Config:00000000 $t
     /tmp/cc3cydWc.s:98     .text.DBGMCU_Config:00000000 DBGMCU_Config
     /tmp/cc3cydWc.s:182    .text.DBGMCU_APB1PeriphConfig:00000000 $t
     /tmp/cc3cydWc.s:187    .text.DBGMCU_APB1PeriphConfig:00000000 DBGMCU_APB1PeriphConfig
     /tmp/cc3cydWc.s:273    .text.DBGMCU_APB2PeriphConfig:00000000 $t
     /tmp/cc3cydWc.s:278    .text.DBGMCU_APB2PeriphConfig:00000000 DBGMCU_APB2PeriphConfig
                     .debug_frame:00000010 $d

UNDEFINED SYMBOLS
assert_failed
